CRITICAL - 2025-04-15 07:00:05 --> Error: Call to undefined method CodeIgniter\View\View::eextend()
[Method: GET, Route: /]
in APPPATH\Views\home.php on line 1.
 1 SYSTEMPATH\View\View.php(224): include()
 2 SYSTEMPATH\View\View.php(227): CodeIgniter\View\View->CodeIgniter\View\{closure}()
 3 SYSTEMPATH\Common.php(1173): CodeIgniter\View\View->render('home', [], true)
 4 APPPATH\Controllers\Home.php(13): view('home', [...])
 5 SYSTEMPATH\CodeIgniter.php(933): App\Controllers\Home->index()
 6 SYSTEMPATH\CodeIgniter.php(507): CodeIgniter\CodeIgniter->runController(Object(App\Controllers\Home))
 7 SYSTEMPATH\CodeIgniter.php(354): CodeIgniter\CodeIgniter->handleRequest(null, Object(Config\Cache), false)
 8 SYSTEMPATH\Boot.php(334): CodeIgniter\CodeIgniter->run()
 9 SYSTEMPATH\Boot.php(67): CodeIgniter\Boot::runCodeIgniter(Object(CodeIgniter\CodeIgniter))
10 FCPATH\index.php(56): CodeIgniter\Boot::bootWeb(Object(Config\Paths))
CRITICAL - 2025-04-15 07:01:21 --> ErrorException: Undefined variable $active_nav
[Method: GET, Route: /]
in APPPATH\Views\base\base.php on line 8.
 1 APPPATH\Views\base\base.php(8): CodeIgniter\Debug\Exceptions->errorHandler(2, 'Undefined variable $active_nav', 'D:\\xampp\\htdocs\\portfolio\\app\\Views\\base\\base.php', 8)
 2 SYSTEMPATH\View\View.php(224): include('D:\\xampp\\htdocs\\portfolio\\app\\Views\\base\\base.php')
 3 SYSTEMPATH\View\View.php(227): CodeIgniter\View\View->CodeIgniter\View\{closure}()
 4 SYSTEMPATH\View\View.php(240): CodeIgniter\View\View->render('base/base', [], true)
 5 SYSTEMPATH\Common.php(1173): CodeIgniter\View\View->render('home', [], true)
 6 APPPATH\Controllers\Home.php(13): view('home', [...])
 7 SYSTEMPATH\CodeIgniter.php(933): App\Controllers\Home->index()
 8 SYSTEMPATH\CodeIgniter.php(507): CodeIgniter\CodeIgniter->runController(Object(App\Controllers\Home))
 9 SYSTEMPATH\CodeIgniter.php(354): CodeIgniter\CodeIgniter->handleRequest(null, Object(Config\Cache), false)
10 SYSTEMPATH\Boot.php(334): CodeIgniter\CodeIgniter->run()
11 SYSTEMPATH\Boot.php(67): CodeIgniter\Boot::runCodeIgniter(Object(CodeIgniter\CodeIgniter))
12 FCPATH\index.php(56): CodeIgniter\Boot::bootWeb(Object(Config\Paths))
CRITICAL - 2025-04-15 07:01:51 --> CodeIgniter\View\Exceptions\ViewException: Unable to locate view cell class: "App/Libraries/base_cells".
[Method: GET, Route: /]
in SYSTEMPATH\View\Cell.php on line 189.
 1 SYSTEMPATH\View\Cell.php(189): CodeIgniter\View\Exceptions\ViewException::forInvalidCellClass('App/Libraries/base_cells')
 2 SYSTEMPATH\View\Cell.php(79): CodeIgniter\View\Cell->determineClass('App/Libraries/base_cells:header')
 3 SYSTEMPATH\Common.php(1189): CodeIgniter\View\Cell->render('App/Libraries/base_cells::header', [...], 0, null)
 4 APPPATH\Views\base\base.php(8): view_cell('App/Libraries/base_cells::header', [...])
 5 SYSTEMPATH\View\View.php(224): include('D:\\xampp\\htdocs\\portfolio\\app\\Views\\base\\base.php')
 6 SYSTEMPATH\View\View.php(227): CodeIgniter\View\View->CodeIgniter\View\{closure}()
 7 SYSTEMPATH\View\View.php(240): CodeIgniter\View\View->render('base/base', [], true)
 8 SYSTEMPATH\Common.php(1173): CodeIgniter\View\View->render('home', [], true)
 9 APPPATH\Controllers\Home.php(13): view('home', [...])
10 SYSTEMPATH\CodeIgniter.php(933): App\Controllers\Home->index()
11 SYSTEMPATH\CodeIgniter.php(507): CodeIgniter\CodeIgniter->runController(Object(App\Controllers\Home))
12 SYSTEMPATH\CodeIgniter.php(354): CodeIgniter\CodeIgniter->handleRequest(null, Object(Config\Cache), false)
13 SYSTEMPATH\Boot.php(334): CodeIgniter\CodeIgniter->run()
14 SYSTEMPATH\Boot.php(67): CodeIgniter\Boot::runCodeIgniter(Object(CodeIgniter\CodeIgniter))
15 FCPATH\index.php(56): CodeIgniter\Boot::bootWeb(Object(Config\Paths))
CRITICAL - 2025-04-15 07:03:29 --> CodeIgniter\View\Exceptions\ViewException: Unable to locate view cell class: "App/Libraries/base_cells".
[Method: GET, Route: /]
in SYSTEMPATH\View\Cell.php on line 189.
 1 SYSTEMPATH\View\Cell.php(189): CodeIgniter\View\Exceptions\ViewException::forInvalidCellClass('App/Libraries/base_cells')
 2 SYSTEMPATH\View\Cell.php(79): CodeIgniter\View\Cell->determineClass('App/Libraries/base_cells:header')
 3 SYSTEMPATH\Common.php(1189): CodeIgniter\View\Cell->render('App/Libraries/base_cells::header', [...], 0, null)
 4 APPPATH\Views\base\base.php(8): view_cell('App/Libraries/base_cells::header', [...])
 5 SYSTEMPATH\View\View.php(224): include('D:\\xampp\\htdocs\\portfolio\\app\\Views\\base\\base.php')
 6 SYSTEMPATH\View\View.php(227): CodeIgniter\View\View->CodeIgniter\View\{closure}()
 7 SYSTEMPATH\View\View.php(240): CodeIgniter\View\View->render('base/base', [], true)
 8 SYSTEMPATH\Common.php(1173): CodeIgniter\View\View->render('home', [], true)
 9 APPPATH\Controllers\Home.php(13): view('home', [...])
10 SYSTEMPATH\CodeIgniter.php(933): App\Controllers\Home->index()
11 SYSTEMPATH\CodeIgniter.php(507): CodeIgniter\CodeIgniter->runController(Object(App\Controllers\Home))
12 SYSTEMPATH\CodeIgniter.php(354): CodeIgniter\CodeIgniter->handleRequest(null, Object(Config\Cache), false)
13 SYSTEMPATH\Boot.php(334): CodeIgniter\CodeIgniter->run()
14 SYSTEMPATH\Boot.php(67): CodeIgniter\Boot::runCodeIgniter(Object(CodeIgniter\CodeIgniter))
15 FCPATH\index.php(56): CodeIgniter\Boot::bootWeb(Object(Config\Paths))
CRITICAL - 2025-04-15 07:04:27 --> CodeIgniter\View\Exceptions\ViewException: Unable to locate view cell class: "App/Libraries/Header".
[Method: GET, Route: /]
in SYSTEMPATH\View\Cell.php on line 189.
 1 SYSTEMPATH\View\Cell.php(189): CodeIgniter\View\Exceptions\ViewException::forInvalidCellClass('App/Libraries/Header')
 2 SYSTEMPATH\View\Cell.php(79): CodeIgniter\View\Cell->determineClass('App/Libraries/Header:load')
 3 SYSTEMPATH\Common.php(1189): CodeIgniter\View\Cell->render('App/Libraries/Header::load', [...], 0, null)
 4 APPPATH\Views\base\base.php(8): view_cell('App/Libraries/Header::load', [...])
 5 SYSTEMPATH\View\View.php(224): include('D:\\xampp\\htdocs\\portfolio\\app\\Views\\base\\base.php')
 6 SYSTEMPATH\View\View.php(227): CodeIgniter\View\View->CodeIgniter\View\{closure}()
 7 SYSTEMPATH\View\View.php(240): CodeIgniter\View\View->render('base/base', [], true)
 8 SYSTEMPATH\Common.php(1173): CodeIgniter\View\View->render('home', [], true)
 9 APPPATH\Controllers\Home.php(13): view('home', [...])
10 SYSTEMPATH\CodeIgniter.php(933): App\Controllers\Home->index()
11 SYSTEMPATH\CodeIgniter.php(507): CodeIgniter\CodeIgniter->runController(Object(App\Controllers\Home))
12 SYSTEMPATH\CodeIgniter.php(354): CodeIgniter\CodeIgniter->handleRequest(null, Object(Config\Cache), false)
13 SYSTEMPATH\Boot.php(334): CodeIgniter\CodeIgniter->run()
14 SYSTEMPATH\Boot.php(67): CodeIgniter\Boot::runCodeIgniter(Object(CodeIgniter\CodeIgniter))
15 FCPATH\index.php(56): CodeIgniter\Boot::bootWeb(Object(Config\Paths))
CRITICAL - 2025-04-15 07:05:42 --> CodeIgniter\View\Exceptions\ViewException: Unable to locate view cell class: "App/Libraries/base_cell".
[Method: GET, Route: /]
in SYSTEMPATH\View\Cell.php on line 189.
 1 SYSTEMPATH\View\Cell.php(189): CodeIgniter\View\Exceptions\ViewException::forInvalidCellClass('App/Libraries/base_cell')
 2 SYSTEMPATH\View\Cell.php(79): CodeIgniter\View\Cell->determineClass('App/Libraries/base_cell:Header:load')
 3 SYSTEMPATH\Common.php(1189): CodeIgniter\View\Cell->render('App/Libraries/base_cell:Header:load', [...], 0, null)
 4 APPPATH\Views\base\base.php(8): view_cell('App/Libraries/base_cell:Header:load', [...])
 5 SYSTEMPATH\View\View.php(224): include('D:\\xampp\\htdocs\\portfolio\\app\\Views\\base\\base.php')
 6 SYSTEMPATH\View\View.php(227): CodeIgniter\View\View->CodeIgniter\View\{closure}()
 7 SYSTEMPATH\View\View.php(240): CodeIgniter\View\View->render('base/base', [], true)
 8 SYSTEMPATH\Common.php(1173): CodeIgniter\View\View->render('home', [], true)
 9 APPPATH\Controllers\Home.php(13): view('home', [...])
10 SYSTEMPATH\CodeIgniter.php(933): App\Controllers\Home->index()
11 SYSTEMPATH\CodeIgniter.php(507): CodeIgniter\CodeIgniter->runController(Object(App\Controllers\Home))
12 SYSTEMPATH\CodeIgniter.php(354): CodeIgniter\CodeIgniter->handleRequest(null, Object(Config\Cache), false)
13 SYSTEMPATH\Boot.php(334): CodeIgniter\CodeIgniter->run()
14 SYSTEMPATH\Boot.php(67): CodeIgniter\Boot::runCodeIgniter(Object(CodeIgniter\CodeIgniter))
15 FCPATH\index.php(56): CodeIgniter\Boot::bootWeb(Object(Config\Paths))
CRITICAL - 2025-04-15 07:08:47 --> CodeIgniter\View\Exceptions\ViewException: Unable to locate view cell class: "App/Libraries/Header".
[Method: GET, Route: /]
in SYSTEMPATH\View\Cell.php on line 189.
 1 SYSTEMPATH\View\Cell.php(189): CodeIgniter\View\Exceptions\ViewException::forInvalidCellClass('App/Libraries/Header')
 2 SYSTEMPATH\View\Cell.php(79): CodeIgniter\View\Cell->determineClass('App/Libraries/Header:load')
 3 SYSTEMPATH\Common.php(1189): CodeIgniter\View\Cell->render('App/Libraries/Header::load', [...], 0, null)
 4 APPPATH\Views\base\base.php(8): view_cell('App/Libraries/Header::load', [...])
 5 SYSTEMPATH\View\View.php(224): include('D:\\xampp\\htdocs\\portfolio\\app\\Views\\base\\base.php')
 6 SYSTEMPATH\View\View.php(227): CodeIgniter\View\View->CodeIgniter\View\{closure}()
 7 SYSTEMPATH\View\View.php(240): CodeIgniter\View\View->render('base/base', [], true)
 8 SYSTEMPATH\Common.php(1173): CodeIgniter\View\View->render('home', [], true)
 9 APPPATH\Controllers\Home.php(13): view('home', [...])
10 SYSTEMPATH\CodeIgniter.php(933): App\Controllers\Home->index()
11 SYSTEMPATH\CodeIgniter.php(507): CodeIgniter\CodeIgniter->runController(Object(App\Controllers\Home))
12 SYSTEMPATH\CodeIgniter.php(354): CodeIgniter\CodeIgniter->handleRequest(null, Object(Config\Cache), false)
13 SYSTEMPATH\Boot.php(334): CodeIgniter\CodeIgniter->run()
14 SYSTEMPATH\Boot.php(67): CodeIgniter\Boot::runCodeIgniter(Object(CodeIgniter\CodeIgniter))
15 FCPATH\index.php(56): CodeIgniter\Boot::bootWeb(Object(Config\Paths))
CRITICAL - 2025-04-15 07:08:50 --> CodeIgniter\View\Exceptions\ViewException: Unable to locate view cell class: "App/Libraries/Header".
[Method: GET, Route: /]
in SYSTEMPATH\View\Cell.php on line 189.
 1 SYSTEMPATH\View\Cell.php(189): CodeIgniter\View\Exceptions\ViewException::forInvalidCellClass('App/Libraries/Header')
 2 SYSTEMPATH\View\Cell.php(79): CodeIgniter\View\Cell->determineClass('App/Libraries/Header:load')
 3 SYSTEMPATH\Common.php(1189): CodeIgniter\View\Cell->render('App/Libraries/Header::load', [...], 0, null)
 4 APPPATH\Views\base\base.php(8): view_cell('App/Libraries/Header::load', [...])
 5 SYSTEMPATH\View\View.php(224): include('D:\\xampp\\htdocs\\portfolio\\app\\Views\\base\\base.php')
 6 SYSTEMPATH\View\View.php(227): CodeIgniter\View\View->CodeIgniter\View\{closure}()
 7 SYSTEMPATH\View\View.php(240): CodeIgniter\View\View->render('base/base', [], true)
 8 SYSTEMPATH\Common.php(1173): CodeIgniter\View\View->render('home', [], true)
 9 APPPATH\Controllers\Home.php(13): view('home', [...])
10 SYSTEMPATH\CodeIgniter.php(933): App\Controllers\Home->index()
11 SYSTEMPATH\CodeIgniter.php(507): CodeIgniter\CodeIgniter->runController(Object(App\Controllers\Home))
12 SYSTEMPATH\CodeIgniter.php(354): CodeIgniter\CodeIgniter->handleRequest(null, Object(Config\Cache), false)
13 SYSTEMPATH\Boot.php(334): CodeIgniter\CodeIgniter->run()
14 SYSTEMPATH\Boot.php(67): CodeIgniter\Boot::runCodeIgniter(Object(CodeIgniter\CodeIgniter))
15 FCPATH\index.php(56): CodeIgniter\Boot::bootWeb(Object(Config\Paths))
CRITICAL - 2025-04-15 07:08:51 --> CodeIgniter\View\Exceptions\ViewException: Unable to locate view cell class: "App/Libraries/Header".
[Method: GET, Route: /]
in SYSTEMPATH\View\Cell.php on line 189.
 1 SYSTEMPATH\View\Cell.php(189): CodeIgniter\View\Exceptions\ViewException::forInvalidCellClass('App/Libraries/Header')
 2 SYSTEMPATH\View\Cell.php(79): CodeIgniter\View\Cell->determineClass('App/Libraries/Header:load')
 3 SYSTEMPATH\Common.php(1189): CodeIgniter\View\Cell->render('App/Libraries/Header::load', [...], 0, null)
 4 APPPATH\Views\base\base.php(8): view_cell('App/Libraries/Header::load', [...])
 5 SYSTEMPATH\View\View.php(224): include('D:\\xampp\\htdocs\\portfolio\\app\\Views\\base\\base.php')
 6 SYSTEMPATH\View\View.php(227): CodeIgniter\View\View->CodeIgniter\View\{closure}()
 7 SYSTEMPATH\View\View.php(240): CodeIgniter\View\View->render('base/base', [], true)
 8 SYSTEMPATH\Common.php(1173): CodeIgniter\View\View->render('home', [], true)
 9 APPPATH\Controllers\Home.php(13): view('home', [...])
10 SYSTEMPATH\CodeIgniter.php(933): App\Controllers\Home->index()
11 SYSTEMPATH\CodeIgniter.php(507): CodeIgniter\CodeIgniter->runController(Object(App\Controllers\Home))
12 SYSTEMPATH\CodeIgniter.php(354): CodeIgniter\CodeIgniter->handleRequest(null, Object(Config\Cache), false)
13 SYSTEMPATH\Boot.php(334): CodeIgniter\CodeIgniter->run()
14 SYSTEMPATH\Boot.php(67): CodeIgniter\Boot::runCodeIgniter(Object(CodeIgniter\CodeIgniter))
15 FCPATH\index.php(56): CodeIgniter\Boot::bootWeb(Object(Config\Paths))
CRITICAL - 2025-04-15 07:08:53 --> CodeIgniter\View\Exceptions\ViewException: Unable to locate view cell class: "App/Libraries/Header".
[Method: GET, Route: /]
in SYSTEMPATH\View\Cell.php on line 189.
 1 SYSTEMPATH\View\Cell.php(189): CodeIgniter\View\Exceptions\ViewException::forInvalidCellClass('App/Libraries/Header')
 2 SYSTEMPATH\View\Cell.php(79): CodeIgniter\View\Cell->determineClass('App/Libraries/Header:load')
 3 SYSTEMPATH\Common.php(1189): CodeIgniter\View\Cell->render('App/Libraries/Header::load', [...], 0, null)
 4 APPPATH\Views\base\base.php(8): view_cell('App/Libraries/Header::load', [...])
 5 SYSTEMPATH\View\View.php(224): include('D:\\xampp\\htdocs\\portfolio\\app\\Views\\base\\base.php')
 6 SYSTEMPATH\View\View.php(227): CodeIgniter\View\View->CodeIgniter\View\{closure}()
 7 SYSTEMPATH\View\View.php(240): CodeIgniter\View\View->render('base/base', [], true)
 8 SYSTEMPATH\Common.php(1173): CodeIgniter\View\View->render('home', [], true)
 9 APPPATH\Controllers\Home.php(13): view('home', [...])
10 SYSTEMPATH\CodeIgniter.php(933): App\Controllers\Home->index()
11 SYSTEMPATH\CodeIgniter.php(507): CodeIgniter\CodeIgniter->runController(Object(App\Controllers\Home))
12 SYSTEMPATH\CodeIgniter.php(354): CodeIgniter\CodeIgniter->handleRequest(null, Object(Config\Cache), false)
13 SYSTEMPATH\Boot.php(334): CodeIgniter\CodeIgniter->run()
14 SYSTEMPATH\Boot.php(67): CodeIgniter\Boot::runCodeIgniter(Object(CodeIgniter\CodeIgniter))
15 FCPATH\index.php(56): CodeIgniter\Boot::bootWeb(Object(Config\Paths))
CRITICAL - 2025-04-15 07:08:53 --> CodeIgniter\View\Exceptions\ViewException: Unable to locate view cell class: "App/Libraries/Header".
[Method: GET, Route: /]
in SYSTEMPATH\View\Cell.php on line 189.
 1 SYSTEMPATH\View\Cell.php(189): CodeIgniter\View\Exceptions\ViewException::forInvalidCellClass('App/Libraries/Header')
 2 SYSTEMPATH\View\Cell.php(79): CodeIgniter\View\Cell->determineClass('App/Libraries/Header:load')
 3 SYSTEMPATH\Common.php(1189): CodeIgniter\View\Cell->render('App/Libraries/Header::load', [...], 0, null)
 4 APPPATH\Views\base\base.php(8): view_cell('App/Libraries/Header::load', [...])
 5 SYSTEMPATH\View\View.php(224): include('D:\\xampp\\htdocs\\portfolio\\app\\Views\\base\\base.php')
 6 SYSTEMPATH\View\View.php(227): CodeIgniter\View\View->CodeIgniter\View\{closure}()
 7 SYSTEMPATH\View\View.php(240): CodeIgniter\View\View->render('base/base', [], true)
 8 SYSTEMPATH\Common.php(1173): CodeIgniter\View\View->render('home', [], true)
 9 APPPATH\Controllers\Home.php(13): view('home', [...])
10 SYSTEMPATH\CodeIgniter.php(933): App\Controllers\Home->index()
11 SYSTEMPATH\CodeIgniter.php(507): CodeIgniter\CodeIgniter->runController(Object(App\Controllers\Home))
12 SYSTEMPATH\CodeIgniter.php(354): CodeIgniter\CodeIgniter->handleRequest(null, Object(Config\Cache), false)
13 SYSTEMPATH\Boot.php(334): CodeIgniter\CodeIgniter->run()
14 SYSTEMPATH\Boot.php(67): CodeIgniter\Boot::runCodeIgniter(Object(CodeIgniter\CodeIgniter))
15 FCPATH\index.php(56): CodeIgniter\Boot::bootWeb(Object(Config\Paths))
CRITICAL - 2025-04-15 07:09:06 --> CodeIgniter\View\Exceptions\ViewException: Unable to locate view cell class: "app/Libraries/Header".
[Method: GET, Route: /]
in SYSTEMPATH\View\Cell.php on line 189.
 1 SYSTEMPATH\View\Cell.php(189): CodeIgniter\View\Exceptions\ViewException::forInvalidCellClass('app/Libraries/Header')
 2 SYSTEMPATH\View\Cell.php(79): CodeIgniter\View\Cell->determineClass('app/Libraries/Header:load')
 3 SYSTEMPATH\Common.php(1189): CodeIgniter\View\Cell->render('app/Libraries/Header::load', [...], 0, null)
 4 APPPATH\Views\base\base.php(8): view_cell('app/Libraries/Header::load', [...])
 5 SYSTEMPATH\View\View.php(224): include('D:\\xampp\\htdocs\\portfolio\\app\\Views\\base\\base.php')
 6 SYSTEMPATH\View\View.php(227): CodeIgniter\View\View->CodeIgniter\View\{closure}()
 7 SYSTEMPATH\View\View.php(240): CodeIgniter\View\View->render('base/base', [], true)
 8 SYSTEMPATH\Common.php(1173): CodeIgniter\View\View->render('home', [], true)
 9 APPPATH\Controllers\Home.php(13): view('home', [...])
10 SYSTEMPATH\CodeIgniter.php(933): App\Controllers\Home->index()
11 SYSTEMPATH\CodeIgniter.php(507): CodeIgniter\CodeIgniter->runController(Object(App\Controllers\Home))
12 SYSTEMPATH\CodeIgniter.php(354): CodeIgniter\CodeIgniter->handleRequest(null, Object(Config\Cache), false)
13 SYSTEMPATH\Boot.php(334): CodeIgniter\CodeIgniter->run()
14 SYSTEMPATH\Boot.php(67): CodeIgniter\Boot::runCodeIgniter(Object(CodeIgniter\CodeIgniter))
15 FCPATH\index.php(56): CodeIgniter\Boot::bootWeb(Object(Config\Paths))
CRITICAL - 2025-04-15 07:17:10 --> CodeIgniter\View\Exceptions\ViewException: App\Libraries\Header::load has no params.
[Method: GET, Route: /]
in SYSTEMPATH\View\Cell.php on line 280.
 1 SYSTEMPATH\View\Cell.php(280): CodeIgniter\View\Exceptions\ViewException::forMissingCellParameters('App\\Libraries\\Header', 'load')
 2 SYSTEMPATH\View\Cell.php(104): CodeIgniter\View\Cell->renderSimpleClass(Object(App\Libraries\Header), 'load', [...], 'App\\Libraries\\Header')
 3 SYSTEMPATH\Common.php(1189): CodeIgniter\View\Cell->render('\\App\\Libraries\\Header::load', [...], 0, 'AppLibrariesHeaderload3a61c3a8d73b2be728b43fcf10c3d587')
 4 APPPATH\Views\base\base.php(8): view_cell('\\App\\Libraries\\Header::load', [...])
 5 SYSTEMPATH\View\View.php(224): include('D:\\xampp\\htdocs\\portfolio\\app\\Views\\base\\base.php')
 6 SYSTEMPATH\View\View.php(227): CodeIgniter\View\View->CodeIgniter\View\{closure}()
 7 SYSTEMPATH\View\View.php(240): CodeIgniter\View\View->render('base/base', [], true)
 8 SYSTEMPATH\Common.php(1173): CodeIgniter\View\View->render('home', [], true)
 9 APPPATH\Controllers\Home.php(13): view('home', [...])
10 SYSTEMPATH\CodeIgniter.php(933): App\Controllers\Home->index()
11 SYSTEMPATH\CodeIgniter.php(507): CodeIgniter\CodeIgniter->runController(Object(App\Controllers\Home))
12 SYSTEMPATH\CodeIgniter.php(354): CodeIgniter\CodeIgniter->handleRequest(null, Object(Config\Cache), false)
13 SYSTEMPATH\Boot.php(334): CodeIgniter\CodeIgniter->run()
14 SYSTEMPATH\Boot.php(67): CodeIgniter\Boot::runCodeIgniter(Object(CodeIgniter\CodeIgniter))
15 FCPATH\index.php(56): CodeIgniter\Boot::bootWeb(Object(Config\Paths))
CRITICAL - 2025-04-15 07:17:56 --> ErrorException: Undefined variable $active
[Method: GET, Route: /]
in APPPATH\Views\base\header.php on line 2.
 1 APPPATH\Views\base\header.php(2): CodeIgniter\Debug\Exceptions->errorHandler(2, 'Undefined variable $active', 'D:\\xampp\\htdocs\\portfolio\\app\\Views\\base\\header.php', 2)
 2 SYSTEMPATH\View\View.php(224): include('D:\\xampp\\htdocs\\portfolio\\app\\Views\\base\\header.php')
 3 SYSTEMPATH\View\View.php(227): CodeIgniter\View\View->CodeIgniter\View\{closure}()
 4 SYSTEMPATH\Common.php(1173): CodeIgniter\View\View->render('base/header', [], true)
 5 APPPATH\Libraries\Header.php(7): view('base/header', [...])
 6 SYSTEMPATH\View\Cell.php(289): App\Libraries\Header->load([...])
 7 SYSTEMPATH\View\Cell.php(104): CodeIgniter\View\Cell->renderSimpleClass(Object(App\Libraries\Header), 'load', [...], 'App\\Libraries\\Header')
 8 SYSTEMPATH\Common.php(1189): CodeIgniter\View\Cell->render('\\App\\Libraries\\Header::load', [...], 0, 'AppLibrariesHeaderload3a61c3a8d73b2be728b43fcf10c3d587')
 9 APPPATH\Views\base\base.php(8): view_cell('\\App\\Libraries\\Header::load', [...])
10 SYSTEMPATH\View\View.php(224): include('D:\\xampp\\htdocs\\portfolio\\app\\Views\\base\\base.php')
11 SYSTEMPATH\View\View.php(227): CodeIgniter\View\View->CodeIgniter\View\{closure}()
12 SYSTEMPATH\View\View.php(240): CodeIgniter\View\View->render('base/base', [], true)
13 SYSTEMPATH\Common.php(1173): CodeIgniter\View\View->render('home', [], true)
14 APPPATH\Controllers\Home.php(13): view('home', [...])
15 SYSTEMPATH\CodeIgniter.php(933): App\Controllers\Home->index()
16 SYSTEMPATH\CodeIgniter.php(507): CodeIgniter\CodeIgniter->runController(Object(App\Controllers\Home))
17 SYSTEMPATH\CodeIgniter.php(354): CodeIgniter\CodeIgniter->handleRequest(null, Object(Config\Cache), false)
18 SYSTEMPATH\Boot.php(334): CodeIgniter\CodeIgniter->run()
19 SYSTEMPATH\Boot.php(67): CodeIgniter\Boot::runCodeIgniter(Object(CodeIgniter\CodeIgniter))
20 FCPATH\index.php(56): CodeIgniter\Boot::bootWeb(Object(Config\Paths))
CRITICAL - 2025-04-15 07:18:13 --> CodeIgniter\View\Exceptions\ViewException: Invalid file: "base/footer.php"
[Method: GET, Route: /]
in SYSTEMPATH\Exceptions\FrameworkException.php on line 39.
 1 SYSTEMPATH\View\View.php(212): CodeIgniter\Exceptions\FrameworkException::forInvalidFile('base/footer.php')
 2 SYSTEMPATH\Common.php(1173): CodeIgniter\View\View->render('base/footer', [], true)
 3 APPPATH\Libraries\Footer.php(7): view('base/footer')
 4 SYSTEMPATH\View\Cell.php(283): App\Libraries\Footer->load()
 5 SYSTEMPATH\View\Cell.php(104): CodeIgniter\View\Cell->renderSimpleClass(Object(App\Libraries\Footer), 'load', [], 'App\\Libraries\\Footer')
 6 SYSTEMPATH\Common.php(1189): CodeIgniter\View\Cell->render('\\App\\Libraries\\Footer::load', [], 0, 'AppLibrariesFooterload40cd750bba9870f18aada2478b24840a')
 7 APPPATH\Views\base\base.php(16): view_cell('\\App\\Libraries\\Footer::load')
 8 SYSTEMPATH\View\View.php(224): include('D:\\xampp\\htdocs\\portfolio\\app\\Views\\base\\base.php')
 9 SYSTEMPATH\View\View.php(227): CodeIgniter\View\View->CodeIgniter\View\{closure}()
10 SYSTEMPATH\View\View.php(240): CodeIgniter\View\View->render('base/base', [], true)
11 SYSTEMPATH\Common.php(1173): CodeIgniter\View\View->render('home', [], true)
12 APPPATH\Controllers\Home.php(13): view('home', [...])
13 SYSTEMPATH\CodeIgniter.php(933): App\Controllers\Home->index()
14 SYSTEMPATH\CodeIgniter.php(507): CodeIgniter\CodeIgniter->runController(Object(App\Controllers\Home))
15 SYSTEMPATH\CodeIgniter.php(354): CodeIgniter\CodeIgniter->handleRequest(null, Object(Config\Cache), false)
16 SYSTEMPATH\Boot.php(334): CodeIgniter\CodeIgniter->run()
17 SYSTEMPATH\Boot.php(67): CodeIgniter\Boot::runCodeIgniter(Object(CodeIgniter\CodeIgniter))
18 FCPATH\index.php(56): CodeIgniter\Boot::bootWeb(Object(Config\Paths))
CRITICAL - 2025-04-15 07:22:50 --> CodeIgniter\View\Exceptions\ViewException: Invalid file: "base\footer.php"
[Method: GET, Route: /]
in SYSTEMPATH\Exceptions\FrameworkException.php on line 39.
 1 SYSTEMPATH\View\View.php(212): CodeIgniter\Exceptions\FrameworkException::forInvalidFile('base\\footer.php')
 2 SYSTEMPATH\Common.php(1173): CodeIgniter\View\View->render('base\\footer', [], true)
 3 APPPATH\Libraries\Footer.php(7): view('base\\footer')
 4 SYSTEMPATH\View\Cell.php(283): App\Libraries\Footer->load()
 5 SYSTEMPATH\View\Cell.php(104): CodeIgniter\View\Cell->renderSimpleClass(Object(App\Libraries\Footer), 'load', [], 'App\\Libraries\\Footer')
 6 SYSTEMPATH\Common.php(1189): CodeIgniter\View\Cell->render('\\App\\Libraries\\Footer::load', [], 0, 'AppLibrariesFooterload40cd750bba9870f18aada2478b24840a')
 7 APPPATH\Views\base\base.php(16): view_cell('\\App\\Libraries\\Footer::load')
 8 SYSTEMPATH\View\View.php(224): include('D:\\xampp\\htdocs\\portfolio\\app\\Views\\base\\base.php')
 9 SYSTEMPATH\View\View.php(227): CodeIgniter\View\View->CodeIgniter\View\{closure}()
10 SYSTEMPATH\View\View.php(240): CodeIgniter\View\View->render('base/base', [], true)
11 SYSTEMPATH\Common.php(1173): CodeIgniter\View\View->render('home', [], true)
12 APPPATH\Controllers\Home.php(13): view('home', [...])
13 SYSTEMPATH\CodeIgniter.php(933): App\Controllers\Home->index()
14 SYSTEMPATH\CodeIgniter.php(507): CodeIgniter\CodeIgniter->runController(Object(App\Controllers\Home))
15 SYSTEMPATH\CodeIgniter.php(354): CodeIgniter\CodeIgniter->handleRequest(null, Object(Config\Cache), false)
16 SYSTEMPATH\Boot.php(334): CodeIgniter\CodeIgniter->run()
17 SYSTEMPATH\Boot.php(67): CodeIgniter\Boot::runCodeIgniter(Object(CodeIgniter\CodeIgniter))
18 FCPATH\index.php(56): CodeIgniter\Boot::bootWeb(Object(Config\Paths))
CRITICAL - 2025-04-15 07:24:53 --> CodeIgniter\View\Exceptions\ViewException: Invalid file: "base/footer.php"
[Method: GET, Route: /]
in SYSTEMPATH\Exceptions\FrameworkException.php on line 39.
 1 SYSTEMPATH\View\View.php(212): CodeIgniter\Exceptions\FrameworkException::forInvalidFile('base/footer.php')
 2 SYSTEMPATH\Common.php(1173): CodeIgniter\View\View->render('base/footer', [], true)
 3 APPPATH\Libraries\Footer.php(7): view('base/footer')
 4 SYSTEMPATH\View\Cell.php(283): App\Libraries\Footer->load()
 5 SYSTEMPATH\View\Cell.php(104): CodeIgniter\View\Cell->renderSimpleClass(Object(App\Libraries\Footer), 'load', [], 'App\\Libraries\\Footer')
 6 SYSTEMPATH\Common.php(1189): CodeIgniter\View\Cell->render('\\App\\Libraries\\Footer::load', [], 0, 'AppLibrariesFooterload40cd750bba9870f18aada2478b24840a')
 7 APPPATH\Views\base\base.php(16): view_cell('\\App\\Libraries\\Footer::load')
 8 SYSTEMPATH\View\View.php(224): include('D:\\xampp\\htdocs\\portfolio\\app\\Views\\base\\base.php')
 9 SYSTEMPATH\View\View.php(227): CodeIgniter\View\View->CodeIgniter\View\{closure}()
10 SYSTEMPATH\View\View.php(240): CodeIgniter\View\View->render('base/base', [], true)
11 SYSTEMPATH\Common.php(1173): CodeIgniter\View\View->render('home', [], true)
12 APPPATH\Controllers\Home.php(13): view('home', [...])
13 SYSTEMPATH\CodeIgniter.php(933): App\Controllers\Home->index()
14 SYSTEMPATH\CodeIgniter.php(507): CodeIgniter\CodeIgniter->runController(Object(App\Controllers\Home))
15 SYSTEMPATH\CodeIgniter.php(354): CodeIgniter\CodeIgniter->handleRequest(null, Object(Config\Cache), false)
16 SYSTEMPATH\Boot.php(334): CodeIgniter\CodeIgniter->run()
17 SYSTEMPATH\Boot.php(67): CodeIgniter\Boot::runCodeIgniter(Object(CodeIgniter\CodeIgniter))
18 FCPATH\index.php(56): CodeIgniter\Boot::bootWeb(Object(Config\Paths))
CRITICAL - 2025-04-15 07:32:20 --> CodeIgniter\View\Exceptions\ViewException: Invalid file: "base/footer.php"
[Method: GET, Route: /]
in SYSTEMPATH\Exceptions\FrameworkException.php on line 39.
 1 SYSTEMPATH\View\View.php(212): CodeIgniter\Exceptions\FrameworkException::forInvalidFile('base/footer.php')
 2 SYSTEMPATH\Common.php(1173): CodeIgniter\View\View->render('base/footer', [], true)
 3 APPPATH\Libraries\Footer.php(7): view('base/footer')
 4 SYSTEMPATH\View\Cell.php(283): App\Libraries\Footer->load()
 5 SYSTEMPATH\View\Cell.php(104): CodeIgniter\View\Cell->renderSimpleClass(Object(App\Libraries\Footer), 'load', [], 'App\\Libraries\\Footer')
 6 SYSTEMPATH\Common.php(1189): CodeIgniter\View\Cell->render('\\App\\Libraries\\Footer::load', [], 0, 'AppLibrariesFooterload40cd750bba9870f18aada2478b24840a')
 7 APPPATH\Views\base\base.php(73): view_cell('\\App\\Libraries\\Footer::load')
 8 SYSTEMPATH\View\View.php(224): include('D:\\xampp\\htdocs\\portfolio\\app\\Views\\base\\base.php')
 9 SYSTEMPATH\View\View.php(227): CodeIgniter\View\View->CodeIgniter\View\{closure}()
10 SYSTEMPATH\View\View.php(240): CodeIgniter\View\View->render('base/base', [], true)
11 SYSTEMPATH\Common.php(1173): CodeIgniter\View\View->render('home', [], true)
12 APPPATH\Controllers\Home.php(13): view('home', [...])
13 SYSTEMPATH\CodeIgniter.php(933): App\Controllers\Home->index()
14 SYSTEMPATH\CodeIgniter.php(507): CodeIgniter\CodeIgniter->runController(Object(App\Controllers\Home))
15 SYSTEMPATH\CodeIgniter.php(354): CodeIgniter\CodeIgniter->handleRequest(null, Object(Config\Cache), false)
16 SYSTEMPATH\Boot.php(334): CodeIgniter\CodeIgniter->run()
17 SYSTEMPATH\Boot.php(67): CodeIgniter\Boot::runCodeIgniter(Object(CodeIgniter\CodeIgniter))
18 FCPATH\index.php(56): CodeIgniter\Boot::bootWeb(Object(Config\Paths))
CRITICAL - 2025-04-15 07:32:22 --> CodeIgniter\View\Exceptions\ViewException: Invalid file: "base/footer.php"
[Method: GET, Route: /]
in SYSTEMPATH\Exceptions\FrameworkException.php on line 39.
 1 SYSTEMPATH\View\View.php(212): CodeIgniter\Exceptions\FrameworkException::forInvalidFile('base/footer.php')
 2 SYSTEMPATH\Common.php(1173): CodeIgniter\View\View->render('base/footer', [], true)
 3 APPPATH\Libraries\Footer.php(7): view('base/footer')
 4 SYSTEMPATH\View\Cell.php(283): App\Libraries\Footer->load()
 5 SYSTEMPATH\View\Cell.php(104): CodeIgniter\View\Cell->renderSimpleClass(Object(App\Libraries\Footer), 'load', [], 'App\\Libraries\\Footer')
 6 SYSTEMPATH\Common.php(1189): CodeIgniter\View\Cell->render('\\App\\Libraries\\Footer::load', [], 0, 'AppLibrariesFooterload40cd750bba9870f18aada2478b24840a')
 7 APPPATH\Views\base\base.php(73): view_cell('\\App\\Libraries\\Footer::load')
 8 SYSTEMPATH\View\View.php(224): include('D:\\xampp\\htdocs\\portfolio\\app\\Views\\base\\base.php')
 9 SYSTEMPATH\View\View.php(227): CodeIgniter\View\View->CodeIgniter\View\{closure}()
10 SYSTEMPATH\View\View.php(240): CodeIgniter\View\View->render('base/base', [], true)
11 SYSTEMPATH\Common.php(1173): CodeIgniter\View\View->render('home', [], true)
12 APPPATH\Controllers\Home.php(13): view('home', [...])
13 SYSTEMPATH\CodeIgniter.php(933): App\Controllers\Home->index()
14 SYSTEMPATH\CodeIgniter.php(507): CodeIgniter\CodeIgniter->runController(Object(App\Controllers\Home))
15 SYSTEMPATH\CodeIgniter.php(354): CodeIgniter\CodeIgniter->handleRequest(null, Object(Config\Cache), false)
16 SYSTEMPATH\Boot.php(334): CodeIgniter\CodeIgniter->run()
17 SYSTEMPATH\Boot.php(67): CodeIgniter\Boot::runCodeIgniter(Object(CodeIgniter\CodeIgniter))
18 FCPATH\index.php(56): CodeIgniter\Boot::bootWeb(Object(Config\Paths))
CRITICAL - 2025-04-15 07:32:23 --> CodeIgniter\View\Exceptions\ViewException: Invalid file: "base/footer.php"
[Method: GET, Route: /]
in SYSTEMPATH\Exceptions\FrameworkException.php on line 39.
 1 SYSTEMPATH\View\View.php(212): CodeIgniter\Exceptions\FrameworkException::forInvalidFile('base/footer.php')
 2 SYSTEMPATH\Common.php(1173): CodeIgniter\View\View->render('base/footer', [], true)
 3 APPPATH\Libraries\Footer.php(7): view('base/footer')
 4 SYSTEMPATH\View\Cell.php(283): App\Libraries\Footer->load()
 5 SYSTEMPATH\View\Cell.php(104): CodeIgniter\View\Cell->renderSimpleClass(Object(App\Libraries\Footer), 'load', [], 'App\\Libraries\\Footer')
 6 SYSTEMPATH\Common.php(1189): CodeIgniter\View\Cell->render('\\App\\Libraries\\Footer::load', [], 0, 'AppLibrariesFooterload40cd750bba9870f18aada2478b24840a')
 7 APPPATH\Views\base\base.php(73): view_cell('\\App\\Libraries\\Footer::load')
 8 SYSTEMPATH\View\View.php(224): include('D:\\xampp\\htdocs\\portfolio\\app\\Views\\base\\base.php')
 9 SYSTEMPATH\View\View.php(227): CodeIgniter\View\View->CodeIgniter\View\{closure}()
10 SYSTEMPATH\View\View.php(240): CodeIgniter\View\View->render('base/base', [], true)
11 SYSTEMPATH\Common.php(1173): CodeIgniter\View\View->render('home', [], true)
12 APPPATH\Controllers\Home.php(13): view('home', [...])
13 SYSTEMPATH\CodeIgniter.php(933): App\Controllers\Home->index()
14 SYSTEMPATH\CodeIgniter.php(507): CodeIgniter\CodeIgniter->runController(Object(App\Controllers\Home))
15 SYSTEMPATH\CodeIgniter.php(354): CodeIgniter\CodeIgniter->handleRequest(null, Object(Config\Cache), false)
16 SYSTEMPATH\Boot.php(334): CodeIgniter\CodeIgniter->run()
17 SYSTEMPATH\Boot.php(67): CodeIgniter\Boot::runCodeIgniter(Object(CodeIgniter\CodeIgniter))
18 FCPATH\index.php(56): CodeIgniter\Boot::bootWeb(Object(Config\Paths))
CRITICAL - 2025-04-15 07:33:45 --> CodeIgniter\View\Exceptions\ViewException: Invalid file: "base/footer.php"
[Method: GET, Route: /]
in SYSTEMPATH\Exceptions\FrameworkException.php on line 39.
 1 SYSTEMPATH\View\View.php(212): CodeIgniter\Exceptions\FrameworkException::forInvalidFile('base/footer.php')
 2 SYSTEMPATH\View\View.php(475): CodeIgniter\View\View->render('base/footer', null, true)
 3 APPPATH\Views\base\base.php(73): CodeIgniter\View\View->include('base/footer')
 4 SYSTEMPATH\View\View.php(224): include('D:\\xampp\\htdocs\\portfolio\\app\\Views\\base\\base.php')
 5 SYSTEMPATH\View\View.php(227): CodeIgniter\View\View->CodeIgniter\View\{closure}()
 6 SYSTEMPATH\View\View.php(240): CodeIgniter\View\View->render('base/base', [], true)
 7 SYSTEMPATH\Common.php(1173): CodeIgniter\View\View->render('home', [], true)
 8 APPPATH\Controllers\Home.php(13): view('home', [...])
 9 SYSTEMPATH\CodeIgniter.php(933): App\Controllers\Home->index()
10 SYSTEMPATH\CodeIgniter.php(507): CodeIgniter\CodeIgniter->runController(Object(App\Controllers\Home))
11 SYSTEMPATH\CodeIgniter.php(354): CodeIgniter\CodeIgniter->handleRequest(null, Object(Config\Cache), false)
12 SYSTEMPATH\Boot.php(334): CodeIgniter\CodeIgniter->run()
13 SYSTEMPATH\Boot.php(67): CodeIgniter\Boot::runCodeIgniter(Object(CodeIgniter\CodeIgniter))
14 FCPATH\index.php(56): CodeIgniter\Boot::bootWeb(Object(Config\Paths))
CRITICAL - 2025-04-15 07:52:59 --> ErrorException: Undefined variable $meta_title
[Method: GET, Route: about]
in APPPATH\Views\about.php on line 3.
 1 APPPATH\Views\about.php(3): CodeIgniter\Debug\Exceptions->errorHandler(2, 'Undefined variable $meta_title', 'D:\\xampp\\htdocs\\portfolio\\app\\Views\\about.php', 3)
 2 SYSTEMPATH\View\View.php(224): include('D:\\xampp\\htdocs\\portfolio\\app\\Views\\about.php')
 3 SYSTEMPATH\View\View.php(227): CodeIgniter\View\View->CodeIgniter\View\{closure}()
 4 SYSTEMPATH\Common.php(1173): CodeIgniter\View\View->render('about', [], true)
 5 APPPATH\Controllers\About.php(12): view('about')
 6 SYSTEMPATH\CodeIgniter.php(933): App\Controllers\about->index()
 7 SYSTEMPATH\CodeIgniter.php(507): CodeIgniter\CodeIgniter->runController(Object(App\Controllers\about))
 8 SYSTEMPATH\CodeIgniter.php(354): CodeIgniter\CodeIgniter->handleRequest(null, Object(Config\Cache), false)
 9 SYSTEMPATH\Boot.php(334): CodeIgniter\CodeIgniter->run()
10 SYSTEMPATH\Boot.php(67): CodeIgniter\Boot::runCodeIgniter(Object(CodeIgniter\CodeIgniter))
11 FCPATH\index.php(56): CodeIgniter\Boot::bootWeb(Object(Config\Paths))
CRITICAL - 2025-04-15 08:52:15 --> ParseError: syntax error, unexpected token "}", expecting "," or ";"
[Method: GET, Route: /]
in APPPATH\Libraries\Header.php on line 12.
 1 VENDORPATH\composer\ClassLoader.php(427): Composer\Autoload\{closure}('D:\\xampp\\htdocs\\portfolio\\vendor\\composer/../../app\\Libraries\\Header.php')
 2 [internal function]: Composer\Autoload\ClassLoader->loadClass('App\\Libraries\\Header')
 3 SYSTEMPATH\Config\Factories.php(297): class_exists('App\\Libraries\\Header')
 4 SYSTEMPATH\Config\Factories.php(150): CodeIgniter\Config\Factories::locateClass([...], 'App\\Libraries\\Header')
 5 SYSTEMPATH\View\Cell.php(186): CodeIgniter\Config\Factories::__callStatic('cells', [])
 6 SYSTEMPATH\View\Cell.php(79): CodeIgniter\View\Cell->determineClass('\\App\\Libraries\\Header:load')
 7 SYSTEMPATH\Common.php(1189): CodeIgniter\View\Cell->render('\\App\\Libraries\\Header::load', null, 0, null)
 8 APPPATH\Views\base\base.php(69): view_cell('\\App\\Libraries\\Header::load')
 9 SYSTEMPATH\View\View.php(224): include('D:\\xampp\\htdocs\\portfolio\\app\\Views\\base\\base.php')
10 SYSTEMPATH\View\View.php(227): CodeIgniter\View\View->CodeIgniter\View\{closure}()
11 SYSTEMPATH\View\View.php(240): CodeIgniter\View\View->render('base/base', [], true)
12 SYSTEMPATH\Common.php(1173): CodeIgniter\View\View->render('home', [], true)
13 APPPATH\Controllers\Home.php(13): view('home', [...])
14 SYSTEMPATH\CodeIgniter.php(933): App\Controllers\Home->index()
15 SYSTEMPATH\CodeIgniter.php(507): CodeIgniter\CodeIgniter->runController(Object(App\Controllers\Home))
16 SYSTEMPATH\CodeIgniter.php(354): CodeIgniter\CodeIgniter->handleRequest(null, Object(Config\Cache), false)
17 SYSTEMPATH\Boot.php(334): CodeIgniter\CodeIgniter->run()
18 SYSTEMPATH\Boot.php(67): CodeIgniter\Boot::runCodeIgniter(Object(CodeIgniter\CodeIgniter))
19 FCPATH\index.php(56): CodeIgniter\Boot::bootWeb(Object(Config\Paths))
CRITICAL - 2025-04-15 09:51:57 --> Error: Call to a member function forst() on array
[Method: GET, Route: /]
in APPPATH\Libraries\Header.php on line 12.
 1 SYSTEMPATH\View\Cell.php(289): App\Libraries\Header->load([])
 2 SYSTEMPATH\View\Cell.php(104): CodeIgniter\View\Cell->renderSimpleClass(Object(App\Libraries\Header), 'load', [], 'App\\Libraries\\Header')
 3 SYSTEMPATH\Common.php(1189): CodeIgniter\View\Cell->render('\\App\\Libraries\\Header::load', [], 0, 'AppLibrariesHeaderload40cd750bba9870f18aada2478b24840a')
 4 APPPATH\Views\base\base.php(69): view_cell('\\App\\Libraries\\Header::load')
 5 SYSTEMPATH\View\View.php(224): include('D:\\xampp\\htdocs\\portfolio\\app\\Views\\base\\base.php')
 6 SYSTEMPATH\View\View.php(227): CodeIgniter\View\View->CodeIgniter\View\{closure}()
 7 SYSTEMPATH\View\View.php(240): CodeIgniter\View\View->render('base/base', [], true)
 8 SYSTEMPATH\Common.php(1173): CodeIgniter\View\View->render('home', [], true)
 9 APPPATH\Controllers\Home.php(13): view('home', [...])
10 SYSTEMPATH\CodeIgniter.php(933): App\Controllers\Home->index()
11 SYSTEMPATH\CodeIgniter.php(507): CodeIgniter\CodeIgniter->runController(Object(App\Controllers\Home))
12 SYSTEMPATH\CodeIgniter.php(354): CodeIgniter\CodeIgniter->handleRequest(null, Object(Config\Cache), false)
13 SYSTEMPATH\Boot.php(334): CodeIgniter\CodeIgniter->run()
14 SYSTEMPATH\Boot.php(67): CodeIgniter\Boot::runCodeIgniter(Object(CodeIgniter\CodeIgniter))
15 FCPATH\index.php(56): CodeIgniter\Boot::bootWeb(Object(Config\Paths))
CRITICAL - 2025-04-15 09:52:34 --> ErrorException: Array to string conversion
[Method: GET, Route: /]
in APPPATH\Libraries\Header.php on line 12.
 1 APPPATH\Libraries\Header.php(12): CodeIgniter\Debug\Exceptions->errorHandler(2, 'Array to string conversion', 'D:\\xampp\\htdocs\\portfolio\\app\\Libraries\\Header.php', 12)
 2 SYSTEMPATH\View\Cell.php(289): App\Libraries\Header->load([])
 3 SYSTEMPATH\View\Cell.php(104): CodeIgniter\View\Cell->renderSimpleClass(Object(App\Libraries\Header), 'load', [], 'App\\Libraries\\Header')
 4 SYSTEMPATH\Common.php(1189): CodeIgniter\View\Cell->render('\\App\\Libraries\\Header::load', [], 0, 'AppLibrariesHeaderload40cd750bba9870f18aada2478b24840a')
 5 APPPATH\Views\base\base.php(69): view_cell('\\App\\Libraries\\Header::load')
 6 SYSTEMPATH\View\View.php(224): include('D:\\xampp\\htdocs\\portfolio\\app\\Views\\base\\base.php')
 7 SYSTEMPATH\View\View.php(227): CodeIgniter\View\View->CodeIgniter\View\{closure}()
 8 SYSTEMPATH\View\View.php(240): CodeIgniter\View\View->render('base/base', [], true)
 9 SYSTEMPATH\Common.php(1173): CodeIgniter\View\View->render('home', [], true)
10 APPPATH\Controllers\Home.php(13): view('home', [...])
11 SYSTEMPATH\CodeIgniter.php(933): App\Controllers\Home->index()
12 SYSTEMPATH\CodeIgniter.php(507): CodeIgniter\CodeIgniter->runController(Object(App\Controllers\Home))
13 SYSTEMPATH\CodeIgniter.php(354): CodeIgniter\CodeIgniter->handleRequest(null, Object(Config\Cache), false)
14 SYSTEMPATH\Boot.php(334): CodeIgniter\CodeIgniter->run()
15 SYSTEMPATH\Boot.php(67): CodeIgniter\Boot::runCodeIgniter(Object(CodeIgniter\CodeIgniter))
16 FCPATH\index.php(56): CodeIgniter\Boot::bootWeb(Object(Config\Paths))
CRITICAL - 2025-04-15 18:28:41 --> ParseError: syntax error, unexpected token "if"
[Method: GET, Route: /]
in APPPATH\Views\base\header.php on line 4.
 1 SYSTEMPATH\View\View.php(227): CodeIgniter\View\View->CodeIgniter\View\{closure}()
 2 SYSTEMPATH\Common.php(1173): CodeIgniter\View\View->render('base/header', [], true)
 3 APPPATH\Libraries\Header.php(20): view('base/header', [...])
 4 SYSTEMPATH\View\Cell.php(289): App\Libraries\Header->load([])
 5 SYSTEMPATH\View\Cell.php(104): CodeIgniter\View\Cell->renderSimpleClass(Object(App\Libraries\Header), 'load', [], 'App\\Libraries\\Header')
 6 SYSTEMPATH\Common.php(1189): CodeIgniter\View\Cell->render('\\App\\Libraries\\Header::load', [], 0, 'AppLibrariesHeaderload40cd750bba9870f18aada2478b24840a')
 7 APPPATH\Views\base\base.php(69): view_cell('\\App\\Libraries\\Header::load')
 8 SYSTEMPATH\View\View.php(224): include('D:\\xampp\\htdocs\\portfolio\\app\\Views\\base\\base.php')
 9 SYSTEMPATH\View\View.php(227): CodeIgniter\View\View->CodeIgniter\View\{closure}()
10 SYSTEMPATH\View\View.php(240): CodeIgniter\View\View->render('base/base', [], true)
11 SYSTEMPATH\Common.php(1173): CodeIgniter\View\View->render('home', [], true)
12 APPPATH\Controllers\Home.php(13): view('home', [...])
13 SYSTEMPATH\CodeIgniter.php(933): App\Controllers\Home->index()
14 SYSTEMPATH\CodeIgniter.php(507): CodeIgniter\CodeIgniter->runController(Object(App\Controllers\Home))
15 SYSTEMPATH\CodeIgniter.php(354): CodeIgniter\CodeIgniter->handleRequest(null, Object(Config\Cache), false)
16 SYSTEMPATH\Boot.php(334): CodeIgniter\CodeIgniter->run()
17 SYSTEMPATH\Boot.php(67): CodeIgniter\Boot::runCodeIgniter(Object(CodeIgniter\CodeIgniter))
18 FCPATH\index.php(56): CodeIgniter\Boot::bootWeb(Object(Config\Paths))
CRITICAL - 2025-04-15 18:28:41 --> ParseError: syntax error, unexpected token "if"
[Method: GET, Route: /]
in APPPATH\Views\base\header.php on line 4.
 1 SYSTEMPATH\View\View.php(227): CodeIgniter\View\View->CodeIgniter\View\{closure}()
 2 SYSTEMPATH\Common.php(1173): CodeIgniter\View\View->render('base/header', [], true)
 3 APPPATH\Libraries\Header.php(20): view('base/header', [...])
 4 SYSTEMPATH\View\Cell.php(289): App\Libraries\Header->load([])
 5 SYSTEMPATH\View\Cell.php(104): CodeIgniter\View\Cell->renderSimpleClass(Object(App\Libraries\Header), 'load', [], 'App\\Libraries\\Header')
 6 SYSTEMPATH\Common.php(1189): CodeIgniter\View\Cell->render('\\App\\Libraries\\Header::load', [], 0, 'AppLibrariesHeaderload40cd750bba9870f18aada2478b24840a')
 7 APPPATH\Views\base\base.php(69): view_cell('\\App\\Libraries\\Header::load')
 8 SYSTEMPATH\View\View.php(224): include('D:\\xampp\\htdocs\\portfolio\\app\\Views\\base\\base.php')
 9 SYSTEMPATH\View\View.php(227): CodeIgniter\View\View->CodeIgniter\View\{closure}()
10 SYSTEMPATH\View\View.php(240): CodeIgniter\View\View->render('base/base', [], true)
11 SYSTEMPATH\Common.php(1173): CodeIgniter\View\View->render('home', [], true)
12 APPPATH\Controllers\Home.php(13): view('home', [...])
13 SYSTEMPATH\CodeIgniter.php(933): App\Controllers\Home->index()
14 SYSTEMPATH\CodeIgniter.php(507): CodeIgniter\CodeIgniter->runController(Object(App\Controllers\Home))
15 SYSTEMPATH\CodeIgniter.php(354): CodeIgniter\CodeIgniter->handleRequest(null, Object(Config\Cache), false)
16 SYSTEMPATH\Boot.php(334): CodeIgniter\CodeIgniter->run()
17 SYSTEMPATH\Boot.php(67): CodeIgniter\Boot::runCodeIgniter(Object(CodeIgniter\CodeIgniter))
18 FCPATH\index.php(56): CodeIgniter\Boot::bootWeb(Object(Config\Paths))
CRITICAL - 2025-04-15 18:28:53 --> ErrorException: Undefined variable $have_project
[Method: GET, Route: /]
in APPPATH\Views\base\header.php on line 4.
 1 APPPATH\Views\base\header.php(4): CodeIgniter\Debug\Exceptions->errorHandler(2, 'Undefined variable $have_project', 'D:\\xampp\\htdocs\\portfolio\\app\\Views\\base\\header.php', 4)
 2 SYSTEMPATH\View\View.php(224): include('D:\\xampp\\htdocs\\portfolio\\app\\Views\\base\\header.php')
 3 SYSTEMPATH\View\View.php(227): CodeIgniter\View\View->CodeIgniter\View\{closure}()
 4 SYSTEMPATH\Common.php(1173): CodeIgniter\View\View->render('base/header', [], true)
 5 APPPATH\Libraries\Header.php(20): view('base/header', [...])
 6 SYSTEMPATH\View\Cell.php(289): App\Libraries\Header->load([])
 7 SYSTEMPATH\View\Cell.php(104): CodeIgniter\View\Cell->renderSimpleClass(Object(App\Libraries\Header), 'load', [], 'App\\Libraries\\Header')
 8 SYSTEMPATH\Common.php(1189): CodeIgniter\View\Cell->render('\\App\\Libraries\\Header::load', [], 0, 'AppLibrariesHeaderload40cd750bba9870f18aada2478b24840a')
 9 APPPATH\Views\base\base.php(69): view_cell('\\App\\Libraries\\Header::load')
10 SYSTEMPATH\View\View.php(224): include('D:\\xampp\\htdocs\\portfolio\\app\\Views\\base\\base.php')
11 SYSTEMPATH\View\View.php(227): CodeIgniter\View\View->CodeIgniter\View\{closure}()
12 SYSTEMPATH\View\View.php(240): CodeIgniter\View\View->render('base/base', [], true)
13 SYSTEMPATH\Common.php(1173): CodeIgniter\View\View->render('home', [], true)
14 APPPATH\Controllers\Home.php(13): view('home', [...])
15 SYSTEMPATH\CodeIgniter.php(933): App\Controllers\Home->index()
16 SYSTEMPATH\CodeIgniter.php(507): CodeIgniter\CodeIgniter->runController(Object(App\Controllers\Home))
17 SYSTEMPATH\CodeIgniter.php(354): CodeIgniter\CodeIgniter->handleRequest(null, Object(Config\Cache), false)
18 SYSTEMPATH\Boot.php(334): CodeIgniter\CodeIgniter->run()
19 SYSTEMPATH\Boot.php(67): CodeIgniter\Boot::runCodeIgniter(Object(CodeIgniter\CodeIgniter))
20 FCPATH\index.php(56): CodeIgniter\Boot::bootWeb(Object(Config\Paths))
CRITICAL - 2025-04-15 18:31:36 --> ErrorException: Undefined variable $data
[Method: GET, Route: /]
in APPPATH\Views\base\header.php on line 13.
 1 APPPATH\Views\base\header.php(13): CodeIgniter\Debug\Exceptions->errorHandler(2, 'Undefined variable $data', 'D:\\xampp\\htdocs\\portfolio\\app\\Views\\base\\header.php', 13)
 2 SYSTEMPATH\View\View.php(224): include('D:\\xampp\\htdocs\\portfolio\\app\\Views\\base\\header.php')
 3 SYSTEMPATH\View\View.php(227): CodeIgniter\View\View->CodeIgniter\View\{closure}()
 4 SYSTEMPATH\Common.php(1173): CodeIgniter\View\View->render('base/header', [], true)
 5 APPPATH\Libraries\Header.php(20): view('base/header', [...])
 6 SYSTEMPATH\View\Cell.php(289): App\Libraries\Header->load([])
 7 SYSTEMPATH\View\Cell.php(104): CodeIgniter\View\Cell->renderSimpleClass(Object(App\Libraries\Header), 'load', [], 'App\\Libraries\\Header')
 8 SYSTEMPATH\Common.php(1189): CodeIgniter\View\Cell->render('\\App\\Libraries\\Header::load', [], 0, 'AppLibrariesHeaderload40cd750bba9870f18aada2478b24840a')
 9 APPPATH\Views\base\base.php(69): view_cell('\\App\\Libraries\\Header::load')
10 SYSTEMPATH\View\View.php(224): include('D:\\xampp\\htdocs\\portfolio\\app\\Views\\base\\base.php')
11 SYSTEMPATH\View\View.php(227): CodeIgniter\View\View->CodeIgniter\View\{closure}()
12 SYSTEMPATH\View\View.php(240): CodeIgniter\View\View->render('base/base', [], true)
13 SYSTEMPATH\Common.php(1173): CodeIgniter\View\View->render('home', [], true)
14 APPPATH\Controllers\Home.php(13): view('home', [...])
15 SYSTEMPATH\CodeIgniter.php(933): App\Controllers\Home->index()
16 SYSTEMPATH\CodeIgniter.php(507): CodeIgniter\CodeIgniter->runController(Object(App\Controllers\Home))
17 SYSTEMPATH\CodeIgniter.php(354): CodeIgniter\CodeIgniter->handleRequest(null, Object(Config\Cache), false)
18 SYSTEMPATH\Boot.php(334): CodeIgniter\CodeIgniter->run()
19 SYSTEMPATH\Boot.php(67): CodeIgniter\Boot::runCodeIgniter(Object(CodeIgniter\CodeIgniter))
20 FCPATH\index.php(56): CodeIgniter\Boot::bootWeb(Object(Config\Paths))
CRITICAL - 2025-04-15 18:31:38 --> ErrorException: Undefined variable $data
[Method: GET, Route: /]
in APPPATH\Views\base\header.php on line 13.
 1 APPPATH\Views\base\header.php(13): CodeIgniter\Debug\Exceptions->errorHandler(2, 'Undefined variable $data', 'D:\\xampp\\htdocs\\portfolio\\app\\Views\\base\\header.php', 13)
 2 SYSTEMPATH\View\View.php(224): include('D:\\xampp\\htdocs\\portfolio\\app\\Views\\base\\header.php')
 3 SYSTEMPATH\View\View.php(227): CodeIgniter\View\View->CodeIgniter\View\{closure}()
 4 SYSTEMPATH\Common.php(1173): CodeIgniter\View\View->render('base/header', [], true)
 5 APPPATH\Libraries\Header.php(20): view('base/header', [...])
 6 SYSTEMPATH\View\Cell.php(289): App\Libraries\Header->load([])
 7 SYSTEMPATH\View\Cell.php(104): CodeIgniter\View\Cell->renderSimpleClass(Object(App\Libraries\Header), 'load', [], 'App\\Libraries\\Header')
 8 SYSTEMPATH\Common.php(1189): CodeIgniter\View\Cell->render('\\App\\Libraries\\Header::load', [], 0, 'AppLibrariesHeaderload40cd750bba9870f18aada2478b24840a')
 9 APPPATH\Views\base\base.php(69): view_cell('\\App\\Libraries\\Header::load')
10 SYSTEMPATH\View\View.php(224): include('D:\\xampp\\htdocs\\portfolio\\app\\Views\\base\\base.php')
11 SYSTEMPATH\View\View.php(227): CodeIgniter\View\View->CodeIgniter\View\{closure}()
12 SYSTEMPATH\View\View.php(240): CodeIgniter\View\View->render('base/base', [], true)
13 SYSTEMPATH\Common.php(1173): CodeIgniter\View\View->render('home', [], true)
14 APPPATH\Controllers\Home.php(13): view('home', [...])
15 SYSTEMPATH\CodeIgniter.php(933): App\Controllers\Home->index()
16 SYSTEMPATH\CodeIgniter.php(507): CodeIgniter\CodeIgniter->runController(Object(App\Controllers\Home))
17 SYSTEMPATH\CodeIgniter.php(354): CodeIgniter\CodeIgniter->handleRequest(null, Object(Config\Cache), false)
18 SYSTEMPATH\Boot.php(334): CodeIgniter\CodeIgniter->run()
19 SYSTEMPATH\Boot.php(67): CodeIgniter\Boot::runCodeIgniter(Object(CodeIgniter\CodeIgniter))
20 FCPATH\index.php(56): CodeIgniter\Boot::bootWeb(Object(Config\Paths))
CRITICAL - 2025-04-15 19:02:54 --> ParseError: syntax error, unexpected end of file
[Method: GET, Route: product/index.php]
in APPPATH\Config\Routes.php on line 12.
 1 SYSTEMPATH\CodeIgniter.php(821): CodeIgniter\Router\RouteCollection->loadRoutes()
 2 SYSTEMPATH\CodeIgniter.php(455): CodeIgniter\CodeIgniter->tryToRouteIt(null)
 3 SYSTEMPATH\CodeIgniter.php(354): CodeIgniter\CodeIgniter->handleRequest(null, Object(Config\Cache), false)
 4 SYSTEMPATH\Boot.php(334): CodeIgniter\CodeIgniter->run()
 5 SYSTEMPATH\Boot.php(67): CodeIgniter\Boot::runCodeIgniter(Object(CodeIgniter\CodeIgniter))
 6 FCPATH\index.php(56): CodeIgniter\Boot::bootWeb(Object(Config\Paths))
CRITICAL - 2025-04-15 19:02:54 --> ParseError: syntax error, unexpected end of file
[Method: POST, Route: logstores/logstore_ens_ip/shards/lb]
in APPPATH\Config\Routes.php on line 12.
 1 SYSTEMPATH\CodeIgniter.php(821): CodeIgniter\Router\RouteCollection->loadRoutes()
 2 SYSTEMPATH\CodeIgniter.php(455): CodeIgniter\CodeIgniter->tryToRouteIt(null)
 3 SYSTEMPATH\CodeIgniter.php(354): CodeIgniter\CodeIgniter->handleRequest(null, Object(Config\Cache), false)
 4 SYSTEMPATH\Boot.php(334): CodeIgniter\CodeIgniter->run()
 5 SYSTEMPATH\Boot.php(67): CodeIgniter\Boot::runCodeIgniter(Object(CodeIgniter\CodeIgniter))
 6 FCPATH\index.php(56): CodeIgniter\Boot::bootWeb(Object(Config\Paths))
CRITICAL - 2025-04-15 19:03:55 --> ParseError: syntax error, unexpected end of file
[Method: GET, Route: product/index.php]
in APPPATH\Config\Routes.php on line 12.
 1 SYSTEMPATH\CodeIgniter.php(821): CodeIgniter\Router\RouteCollection->loadRoutes()
 2 SYSTEMPATH\CodeIgniter.php(455): CodeIgniter\CodeIgniter->tryToRouteIt(null)
 3 SYSTEMPATH\CodeIgniter.php(354): CodeIgniter\CodeIgniter->handleRequest(null, Object(Config\Cache), false)
 4 SYSTEMPATH\Boot.php(334): CodeIgniter\CodeIgniter->run()
 5 SYSTEMPATH\Boot.php(67): CodeIgniter\Boot::runCodeIgniter(Object(CodeIgniter\CodeIgniter))
 6 FCPATH\index.php(56): CodeIgniter\Boot::bootWeb(Object(Config\Paths))
CRITICAL - 2025-04-15 19:03:55 --> ParseError: syntax error, unexpected end of file
[Method: POST, Route: logstores/logstore_ens_ip/shards/lb]
in APPPATH\Config\Routes.php on line 12.
 1 SYSTEMPATH\CodeIgniter.php(821): CodeIgniter\Router\RouteCollection->loadRoutes()
 2 SYSTEMPATH\CodeIgniter.php(455): CodeIgniter\CodeIgniter->tryToRouteIt(null)
 3 SYSTEMPATH\CodeIgniter.php(354): CodeIgniter\CodeIgniter->handleRequest(null, Object(Config\Cache), false)
 4 SYSTEMPATH\Boot.php(334): CodeIgniter\CodeIgniter->run()
 5 SYSTEMPATH\Boot.php(67): CodeIgniter\Boot::runCodeIgniter(Object(CodeIgniter\CodeIgniter))
 6 FCPATH\index.php(56): CodeIgniter\Boot::bootWeb(Object(Config\Paths))
CRITICAL - 2025-04-15 19:04:55 --> ParseError: syntax error, unexpected end of file
[Method: GET, Route: product/index.php]
in APPPATH\Config\Routes.php on line 12.
 1 SYSTEMPATH\CodeIgniter.php(821): CodeIgniter\Router\RouteCollection->loadRoutes()
 2 SYSTEMPATH\CodeIgniter.php(455): CodeIgniter\CodeIgniter->tryToRouteIt(null)
 3 SYSTEMPATH\CodeIgniter.php(354): CodeIgniter\CodeIgniter->handleRequest(null, Object(Config\Cache), false)
 4 SYSTEMPATH\Boot.php(334): CodeIgniter\CodeIgniter->run()
 5 SYSTEMPATH\Boot.php(67): CodeIgniter\Boot::runCodeIgniter(Object(CodeIgniter\CodeIgniter))
 6 FCPATH\index.php(56): CodeIgniter\Boot::bootWeb(Object(Config\Paths))
CRITICAL - 2025-04-15 19:04:55 --> ParseError: syntax error, unexpected end of file
[Method: POST, Route: logstores/logstore_ens_ip/shards/lb]
in APPPATH\Config\Routes.php on line 12.
 1 SYSTEMPATH\CodeIgniter.php(821): CodeIgniter\Router\RouteCollection->loadRoutes()
 2 SYSTEMPATH\CodeIgniter.php(455): CodeIgniter\CodeIgniter->tryToRouteIt(null)
 3 SYSTEMPATH\CodeIgniter.php(354): CodeIgniter\CodeIgniter->handleRequest(null, Object(Config\Cache), false)
 4 SYSTEMPATH\Boot.php(334): CodeIgniter\CodeIgniter->run()
 5 SYSTEMPATH\Boot.php(67): CodeIgniter\Boot::runCodeIgniter(Object(CodeIgniter\CodeIgniter))
 6 FCPATH\index.php(56): CodeIgniter\Boot::bootWeb(Object(Config\Paths))
CRITICAL - 2025-04-15 19:10:56 --> CodeIgniter\Router\Exceptions\RouterException: The namespace delimiter is a backslash (\), not a slash (/). Route handler: "\App\Controllers\admin/Dashboard::index"
[Method: GET, Route: admin]
in SYSTEMPATH\Router\Router.php on line 494.
 1 SYSTEMPATH\Router\Router.php(494): CodeIgniter\Router\Exceptions\RouterException::forInvalidControllerName('\\App\\Controllers\\admin/Dashboard::index')
 2 SYSTEMPATH\Router\Router.php(213): CodeIgniter\Router\Router->checkRoutes('admin')
 3 SYSTEMPATH\CodeIgniter.php(832): CodeIgniter\Router\Router->handle('admin')
 4 SYSTEMPATH\CodeIgniter.php(455): CodeIgniter\CodeIgniter->tryToRouteIt(Object(CodeIgniter\Router\RouteCollection))
 5 SYSTEMPATH\CodeIgniter.php(354): CodeIgniter\CodeIgniter->handleRequest(null, Object(Config\Cache), false)
 6 SYSTEMPATH\Boot.php(334): CodeIgniter\CodeIgniter->run()
 7 SYSTEMPATH\Boot.php(67): CodeIgniter\Boot::runCodeIgniter(Object(CodeIgniter\CodeIgniter))
 8 FCPATH\index.php(56): CodeIgniter\Boot::bootWeb(Object(Config\Paths))
DEBUG - 2025-04-15 19:12:29 --> Session: Class initialized using 'CodeIgniter\Session\Handlers\FileHandler' driver.
DEBUG - 2025-04-15 19:12:40 --> Session: Class initialized using 'CodeIgniter\Session\Handlers\FileHandler' driver.
DEBUG - 2025-04-15 19:17:32 --> Session: Class initialized using 'CodeIgniter\Session\Handlers\FileHandler' driver.
DEBUG - 2025-04-15 19:24:10 --> Session: Class initialized using 'CodeIgniter\Session\Handlers\FileHandler' driver.
