DEBUG - 2025-07-12 19:57:02 --> Session: Class initialized using 'CodeIgniter\Session\Handlers\FileHandler' driver.
ERROR - 2025-07-12 19:57:02 --> Error connecting to the database: Error: Class "SQLite3" not found in /var/www/portfolio/ci_app/system/Database/SQLite3/Connection.php:112
Stack trace:
#0 /var/www/portfolio/ci_app/system/Database/BaseConnection.php(421): CodeIgniter\Database\SQLite3\Connection->connect()
#1 /var/www/portfolio/ci_app/system/Database/SQLite3/Connection.php(74): CodeIgniter\Database\BaseConnection->initialize()
#2 /var/www/portfolio/ci_app/system/Database/BaseConnection.php(620): CodeIgniter\Database\SQLite3\Connection->initialize()
#3 /var/www/portfolio/ci_app/system/Database/BaseBuilder.php(1649): CodeIgniter\Database\BaseConnection->query()
#4 /var/www/portfolio/ci_app/system/Model.php(330): CodeIgniter\Database\BaseBuilder->get()
#5 /var/www/portfolio/ci_app/system/BaseModel.php(713): CodeIgniter\Model->doFirst()
#6 /var/www/portfolio/ci_app/app/Filters/ViewLogger.php(39): CodeIgniter\BaseModel->first()
#7 /var/www/portfolio/ci_app/system/Filters/Filters.php(241): App\Filters\ViewLogger->before()
#8 /var/www/portfolio/ci_app/system/Filters/Filters.php(221): CodeIgniter\Filters\Filters->runBefore()
#9 /var/www/portfolio/ci_app/system/CodeIgniter.php(479): CodeIgniter\Filters\Filters->run()
#10 /var/www/portfolio/ci_app/system/CodeIgniter.php(354): CodeIgniter\CodeIgniter->handleRequest()
#11 /var/www/portfolio/ci_app/system/Boot.php(334): CodeIgniter\CodeIgniter->run()
#12 /var/www/portfolio/ci_app/system/Boot.php(67): CodeIgniter\Boot::runCodeIgniter()
#13 /var/www/portfolio/public_html/index.php(60): CodeIgniter\Boot::bootWeb()
#14 {main}
CRITICAL - 2025-07-12 19:57:02 --> CodeIgniter\Database\Exceptions\DatabaseException: Unable to connect to the database.
Main connection [SQLite3]: Class "SQLite3" not found
[Method: GET, Route: /]
in SYSTEMPATH/Database/BaseConnection.php on line 467.
 1 SYSTEMPATH/Database/SQLite3/Connection.php(74): CodeIgniter\Database\BaseConnection->initialize()
 2 SYSTEMPATH/Database/BaseConnection.php(620): CodeIgniter\Database\SQLite3\Connection->initialize()
 3 SYSTEMPATH/Database/BaseBuilder.php(1649): CodeIgniter\Database\BaseConnection->query()
 4 SYSTEMPATH/Model.php(330): CodeIgniter\Database\BaseBuilder->get()
 5 SYSTEMPATH/BaseModel.php(713): CodeIgniter\Model->doFirst()
 6 APPPATH/Filters/ViewLogger.php(39): CodeIgniter\BaseModel->first()
 7 SYSTEMPATH/Filters/Filters.php(241): App\Filters\ViewLogger->before()
 8 SYSTEMPATH/Filters/Filters.php(221): CodeIgniter\Filters\Filters->runBefore()
 9 SYSTEMPATH/CodeIgniter.php(479): CodeIgniter\Filters\Filters->run()
10 SYSTEMPATH/CodeIgniter.php(354): CodeIgniter\CodeIgniter->handleRequest()
11 SYSTEMPATH/Boot.php(334): CodeIgniter\CodeIgniter->run()
12 SYSTEMPATH/Boot.php(67): CodeIgniter\Boot::runCodeIgniter()
13 FCPATH/index.php(60): CodeIgniter\Boot::bootWeb()
DEBUG - 2025-07-12 20:03:32 --> Session: Class initialized using 'CodeIgniter\Session\Handlers\FileHandler' driver.
ERROR - 2025-07-12 20:03:32 --> Error connecting to the database: Error: Class "SQLite3" not found in /var/www/portfolio/ci_app/system/Database/SQLite3/Connection.php:112
Stack trace:
#0 /var/www/portfolio/ci_app/system/Database/BaseConnection.php(421): CodeIgniter\Database\SQLite3\Connection->connect()
#1 /var/www/portfolio/ci_app/system/Database/SQLite3/Connection.php(74): CodeIgniter\Database\BaseConnection->initialize()
#2 /var/www/portfolio/ci_app/system/Database/BaseConnection.php(620): CodeIgniter\Database\SQLite3\Connection->initialize()
#3 /var/www/portfolio/ci_app/system/Database/BaseBuilder.php(1649): CodeIgniter\Database\BaseConnection->query()
#4 /var/www/portfolio/ci_app/system/Model.php(330): CodeIgniter\Database\BaseBuilder->get()
#5 /var/www/portfolio/ci_app/system/BaseModel.php(713): CodeIgniter\Model->doFirst()
#6 /var/www/portfolio/ci_app/app/Filters/ViewLogger.php(39): CodeIgniter\BaseModel->first()
#7 /var/www/portfolio/ci_app/system/Filters/Filters.php(241): App\Filters\ViewLogger->before()
#8 /var/www/portfolio/ci_app/system/Filters/Filters.php(221): CodeIgniter\Filters\Filters->runBefore()
#9 /var/www/portfolio/ci_app/system/CodeIgniter.php(479): CodeIgniter\Filters\Filters->run()
#10 /var/www/portfolio/ci_app/system/CodeIgniter.php(354): CodeIgniter\CodeIgniter->handleRequest()
#11 /var/www/portfolio/ci_app/system/Boot.php(334): CodeIgniter\CodeIgniter->run()
#12 /var/www/portfolio/ci_app/system/Boot.php(67): CodeIgniter\Boot::runCodeIgniter()
#13 /var/www/portfolio/public_html/index.php(60): CodeIgniter\Boot::bootWeb()
#14 {main}
CRITICAL - 2025-07-12 20:03:32 --> CodeIgniter\Database\Exceptions\DatabaseException: Unable to connect to the database.
Main connection [SQLite3]: Class "SQLite3" not found
[Method: GET, Route: /]
in SYSTEMPATH/Database/BaseConnection.php on line 467.
 1 SYSTEMPATH/Database/SQLite3/Connection.php(74): CodeIgniter\Database\BaseConnection->initialize()
 2 SYSTEMPATH/Database/BaseConnection.php(620): CodeIgniter\Database\SQLite3\Connection->initialize()
 3 SYSTEMPATH/Database/BaseBuilder.php(1649): CodeIgniter\Database\BaseConnection->query()
 4 SYSTEMPATH/Model.php(330): CodeIgniter\Database\BaseBuilder->get()
 5 SYSTEMPATH/BaseModel.php(713): CodeIgniter\Model->doFirst()
 6 APPPATH/Filters/ViewLogger.php(39): CodeIgniter\BaseModel->first()
 7 SYSTEMPATH/Filters/Filters.php(241): App\Filters\ViewLogger->before()
 8 SYSTEMPATH/Filters/Filters.php(221): CodeIgniter\Filters\Filters->runBefore()
 9 SYSTEMPATH/CodeIgniter.php(479): CodeIgniter\Filters\Filters->run()
10 SYSTEMPATH/CodeIgniter.php(354): CodeIgniter\CodeIgniter->handleRequest()
11 SYSTEMPATH/Boot.php(334): CodeIgniter\CodeIgniter->run()
12 SYSTEMPATH/Boot.php(67): CodeIgniter\Boot::runCodeIgniter()
13 FCPATH/index.php(60): CodeIgniter\Boot::bootWeb()
DEBUG - 2025-07-12 20:05:09 --> Session: Class initialized using 'CodeIgniter\Session\Handlers\FileHandler' driver.
DEBUG - 2025-07-12 20:06:06 --> Session: Class initialized using 'CodeIgniter\Session\Handlers\FileHandler' driver.
DEBUG - 2025-07-12 20:06:12 --> Session: Class initialized using 'CodeIgniter\Session\Handlers\FileHandler' driver.
DEBUG - 2025-07-12 20:06:18 --> Session: Class initialized using 'CodeIgniter\Session\Handlers\FileHandler' driver.
DEBUG - 2025-07-12 20:06:21 --> Session: Class initialized using 'CodeIgniter\Session\Handlers\FileHandler' driver.
DEBUG - 2025-07-12 20:06:23 --> Session: Class initialized using 'CodeIgniter\Session\Handlers\FileHandler' driver.
DEBUG - 2025-07-12 20:10:41 --> Session: Class initialized using 'CodeIgniter\Session\Handlers\FileHandler' driver.
DEBUG - 2025-07-12 20:10:42 --> Session: Class initialized using 'CodeIgniter\Session\Handlers\FileHandler' driver.
DEBUG - 2025-07-12 20:10:42 --> Session: Class initialized using 'CodeIgniter\Session\Handlers\FileHandler' driver.
INFO - 2025-07-12 20:11:01 --> CSRF token verified.
DEBUG - 2025-07-12 20:11:01 --> Session: Class initialized using 'CodeIgniter\Session\Handlers\FileHandler' driver.
DEBUG - 2025-07-12 20:11:02 --> Session: Class initialized using 'CodeIgniter\Session\Handlers\FileHandler' driver.
INFO - 2025-07-12 20:11:18 --> CSRF token verified.
DEBUG - 2025-07-12 20:11:18 --> Session: Class initialized using 'CodeIgniter\Session\Handlers\FileHandler' driver.
ERROR - 2025-07-12 20:11:23 --> Email: sendWithSmtp throwed ErrorException: fsockopen(): Unable to connect to mail7.serv00.com:587 (Connection timed out) in /var/www/portfolio/ci_app/system/Email/Email.php:1898
Stack trace:
#0 [internal function]: CodeIgniter\Debug\Exceptions->errorHandler()
#1 /var/www/portfolio/ci_app/system/Email/Email.php(1898): fsockopen()
#2 /var/www/portfolio/ci_app/system/Email/Email.php(1811): CodeIgniter\Email\Email->SMTPConnect()
#3 /var/www/portfolio/ci_app/system/Email/Email.php(1696): CodeIgniter\Email\Email->sendWithSmtp()
#4 /var/www/portfolio/ci_app/system/Email/Email.php(1591): CodeIgniter\Email\Email->spoolEmail()
#5 /var/www/portfolio/ci_app/app/Controllers/Admin/Auth.php(370): CodeIgniter\Email\Email->send()
#6 /var/www/portfolio/ci_app/app/Controllers/Admin/Auth.php(156): App\Controllers\Admin\Auth->sendVerificationCode()
#7 /var/www/portfolio/ci_app/system/CodeIgniter.php(933): App\Controllers\Admin\Auth->login()
#8 /var/www/portfolio/ci_app/system/CodeIgniter.php(507): CodeIgniter\CodeIgniter->runController()
#9 /var/www/portfolio/ci_app/system/CodeIgniter.php(354): CodeIgniter\CodeIgniter->handleRequest()
#10 /var/www/portfolio/ci_app/system/Boot.php(334): CodeIgniter\CodeIgniter->run()
#11 /var/www/portfolio/ci_app/system/Boot.php(67): CodeIgniter\Boot::runCodeIgniter()
#12 /var/www/portfolio/public_html/index.php(60): CodeIgniter\Boot::bootWeb()
#13 {main}
ERROR - 2025-07-12 20:11:23 --> Email: Unable to send email using SMTP. Your server might not be configured to send mail using this method.
ERROR - 2025-07-12 20:11:23 --> 
DEBUG - 2025-07-12 20:11:24 --> Session: Class initialized using 'CodeIgniter\Session\Handlers\FileHandler' driver.
DEBUG - 2025-07-12 20:14:03 --> Session: Class initialized using 'CodeIgniter\Session\Handlers\FileHandler' driver.
ERROR - 2025-07-12 20:14:09 --> Email: sendWithSmtp throwed ErrorException: fsockopen(): Unable to connect to mail7.serv00.com:587 (Connection timed out) in /var/www/portfolio/ci_app/system/Email/Email.php:1898
Stack trace:
#0 [internal function]: CodeIgniter\Debug\Exceptions->errorHandler()
#1 /var/www/portfolio/ci_app/system/Email/Email.php(1898): fsockopen()
#2 /var/www/portfolio/ci_app/system/Email/Email.php(1811): CodeIgniter\Email\Email->SMTPConnect()
#3 /var/www/portfolio/ci_app/system/Email/Email.php(1696): CodeIgniter\Email\Email->sendWithSmtp()
#4 /var/www/portfolio/ci_app/system/Email/Email.php(1591): CodeIgniter\Email\Email->spoolEmail()
#5 /var/www/portfolio/ci_app/app/Controllers/Admin/Auth.php(370): CodeIgniter\Email\Email->send()
#6 /var/www/portfolio/ci_app/app/Controllers/Admin/Auth.php(284): App\Controllers\Admin\Auth->sendVerificationCode()
#7 /var/www/portfolio/ci_app/system/CodeIgniter.php(933): App\Controllers\Admin\Auth->resend_code()
#8 /var/www/portfolio/ci_app/system/CodeIgniter.php(507): CodeIgniter\CodeIgniter->runController()
#9 /var/www/portfolio/ci_app/system/CodeIgniter.php(354): CodeIgniter\CodeIgniter->handleRequest()
#10 /var/www/portfolio/ci_app/system/Boot.php(334): CodeIgniter\CodeIgniter->run()
#11 /var/www/portfolio/ci_app/system/Boot.php(67): CodeIgniter\Boot::runCodeIgniter()
#12 /var/www/portfolio/public_html/index.php(60): CodeIgniter\Boot::bootWeb()
#13 {main}
ERROR - 2025-07-12 20:14:09 --> Email: Unable to send email using SMTP. Your server might not be configured to send mail using this method.
ERROR - 2025-07-12 20:14:09 --> 
DEBUG - 2025-07-12 20:15:34 --> Session: Class initialized using 'CodeIgniter\Session\Handlers\FileHandler' driver.
DEBUG - 2025-07-12 20:15:43 --> Session: Class initialized using 'CodeIgniter\Session\Handlers\FileHandler' driver.
DEBUG - 2025-07-12 20:15:43 --> Session: Class initialized using 'CodeIgniter\Session\Handlers\FileHandler' driver.
INFO - 2025-07-12 20:15:53 --> CSRF token verified.
DEBUG - 2025-07-12 20:15:53 --> Session: Class initialized using 'CodeIgniter\Session\Handlers\FileHandler' driver.
ERROR - 2025-07-12 20:15:58 --> Email: sendWithSmtp throwed ErrorException: fsockopen(): Unable to connect to mail7.serv00.com:587 (Connection timed out) in /var/www/portfolio/ci_app/system/Email/Email.php:1898
Stack trace:
#0 [internal function]: CodeIgniter\Debug\Exceptions->errorHandler()
#1 /var/www/portfolio/ci_app/system/Email/Email.php(1898): fsockopen()
#2 /var/www/portfolio/ci_app/system/Email/Email.php(1811): CodeIgniter\Email\Email->SMTPConnect()
#3 /var/www/portfolio/ci_app/system/Email/Email.php(1696): CodeIgniter\Email\Email->sendWithSmtp()
#4 /var/www/portfolio/ci_app/system/Email/Email.php(1591): CodeIgniter\Email\Email->spoolEmail()
#5 /var/www/portfolio/ci_app/app/Controllers/Admin/Auth.php(370): CodeIgniter\Email\Email->send()
#6 /var/www/portfolio/ci_app/app/Controllers/Admin/Auth.php(156): App\Controllers\Admin\Auth->sendVerificationCode()
#7 /var/www/portfolio/ci_app/system/CodeIgniter.php(933): App\Controllers\Admin\Auth->login()
#8 /var/www/portfolio/ci_app/system/CodeIgniter.php(507): CodeIgniter\CodeIgniter->runController()
#9 /var/www/portfolio/ci_app/system/CodeIgniter.php(354): CodeIgniter\CodeIgniter->handleRequest()
#10 /var/www/portfolio/ci_app/system/Boot.php(334): CodeIgniter\CodeIgniter->run()
#11 /var/www/portfolio/ci_app/system/Boot.php(67): CodeIgniter\Boot::runCodeIgniter()
#12 /var/www/portfolio/public_html/index.php(60): CodeIgniter\Boot::bootWeb()
#13 {main}
ERROR - 2025-07-12 20:15:58 --> Email: Unable to send email using SMTP. Your server might not be configured to send mail using this method.
ERROR - 2025-07-12 20:15:58 --> 
DEBUG - 2025-07-12 20:15:59 --> Session: Class initialized using 'CodeIgniter\Session\Handlers\FileHandler' driver.
DEBUG - 2025-07-12 20:22:49 --> Session: Class initialized using 'CodeIgniter\Session\Handlers\FileHandler' driver.
INFO - 2025-07-12 20:22:53 --> CSRF token verified.
DEBUG - 2025-07-12 20:22:53 --> Session: Class initialized using 'CodeIgniter\Session\Handlers\FileHandler' driver.
ERROR - 2025-07-12 20:22:59 --> Email: sendWithSmtp throwed ErrorException: fsockopen(): Unable to connect to mail7.serv00.com:587 (Connection timed out) in /var/www/portfolio/ci_app/system/Email/Email.php:1898
Stack trace:
#0 [internal function]: CodeIgniter\Debug\Exceptions->errorHandler()
#1 /var/www/portfolio/ci_app/system/Email/Email.php(1898): fsockopen()
#2 /var/www/portfolio/ci_app/system/Email/Email.php(1811): CodeIgniter\Email\Email->SMTPConnect()
#3 /var/www/portfolio/ci_app/system/Email/Email.php(1696): CodeIgniter\Email\Email->sendWithSmtp()
#4 /var/www/portfolio/ci_app/system/Email/Email.php(1591): CodeIgniter\Email\Email->spoolEmail()
#5 /var/www/portfolio/ci_app/app/Controllers/Admin/Auth.php(370): CodeIgniter\Email\Email->send()
#6 /var/www/portfolio/ci_app/app/Controllers/Admin/Auth.php(156): App\Controllers\Admin\Auth->sendVerificationCode()
#7 /var/www/portfolio/ci_app/system/CodeIgniter.php(933): App\Controllers\Admin\Auth->login()
#8 /var/www/portfolio/ci_app/system/CodeIgniter.php(507): CodeIgniter\CodeIgniter->runController()
#9 /var/www/portfolio/ci_app/system/CodeIgniter.php(354): CodeIgniter\CodeIgniter->handleRequest()
#10 /var/www/portfolio/ci_app/system/Boot.php(334): CodeIgniter\CodeIgniter->run()
#11 /var/www/portfolio/ci_app/system/Boot.php(67): CodeIgniter\Boot::runCodeIgniter()
#12 /var/www/portfolio/public_html/index.php(60): CodeIgniter\Boot::bootWeb()
#13 {main}
ERROR - 2025-07-12 20:22:59 --> Email: Unable to send email using SMTP. Your server might not be configured to send mail using this method.
ERROR - 2025-07-12 20:22:59 --> 
DEBUG - 2025-07-12 20:22:59 --> Session: Class initialized using 'CodeIgniter\Session\Handlers\FileHandler' driver.
DEBUG - 2025-07-12 20:23:00 --> Session: Class initialized using 'CodeIgniter\Session\Handlers\FileHandler' driver.
DEBUG - 2025-07-12 20:23:07 --> Session: Class initialized using 'CodeIgniter\Session\Handlers\FileHandler' driver.
INFO - 2025-07-12 20:23:10 --> CSRF token verified.
DEBUG - 2025-07-12 20:23:10 --> Session: Class initialized using 'CodeIgniter\Session\Handlers\FileHandler' driver.
ERROR - 2025-07-12 20:23:15 --> Email: sendWithSmtp throwed ErrorException: fsockopen(): Unable to connect to mail7.serv00.com:587 (Connection timed out) in /var/www/portfolio/ci_app/system/Email/Email.php:1898
Stack trace:
#0 [internal function]: CodeIgniter\Debug\Exceptions->errorHandler()
#1 /var/www/portfolio/ci_app/system/Email/Email.php(1898): fsockopen()
#2 /var/www/portfolio/ci_app/system/Email/Email.php(1811): CodeIgniter\Email\Email->SMTPConnect()
#3 /var/www/portfolio/ci_app/system/Email/Email.php(1696): CodeIgniter\Email\Email->sendWithSmtp()
#4 /var/www/portfolio/ci_app/system/Email/Email.php(1591): CodeIgniter\Email\Email->spoolEmail()
#5 /var/www/portfolio/ci_app/app/Controllers/Admin/Auth.php(370): CodeIgniter\Email\Email->send()
#6 /var/www/portfolio/ci_app/app/Controllers/Admin/Auth.php(156): App\Controllers\Admin\Auth->sendVerificationCode()
#7 /var/www/portfolio/ci_app/system/CodeIgniter.php(933): App\Controllers\Admin\Auth->login()
#8 /var/www/portfolio/ci_app/system/CodeIgniter.php(507): CodeIgniter\CodeIgniter->runController()
#9 /var/www/portfolio/ci_app/system/CodeIgniter.php(354): CodeIgniter\CodeIgniter->handleRequest()
#10 /var/www/portfolio/ci_app/system/Boot.php(334): CodeIgniter\CodeIgniter->run()
#11 /var/www/portfolio/ci_app/system/Boot.php(67): CodeIgniter\Boot::runCodeIgniter()
#12 /var/www/portfolio/public_html/index.php(60): CodeIgniter\Boot::bootWeb()
#13 {main}
ERROR - 2025-07-12 20:23:15 --> Email: Unable to send email using SMTP. Your server might not be configured to send mail using this method.
ERROR - 2025-07-12 20:23:15 --> 
DEBUG - 2025-07-12 20:23:16 --> Session: Class initialized using 'CodeIgniter\Session\Handlers\FileHandler' driver.
CRITICAL - 2025-07-12 20:27:28 --> CodeIgniter\HTTP\Exceptions\BadRequestException: The URI you submitted has disallowed characters: "$"
[Method: GET, Route: frontend_dev.php/$]
in SYSTEMPATH/Router/Router.php on line 739.
 1 SYSTEMPATH/Router/Router.php(207): CodeIgniter\Router\Router->checkDisallowedChars()
 2 SYSTEMPATH/CodeIgniter.php(832): CodeIgniter\Router\Router->handle()
 3 SYSTEMPATH/CodeIgniter.php(455): CodeIgniter\CodeIgniter->tryToRouteIt()
 4 SYSTEMPATH/CodeIgniter.php(354): CodeIgniter\CodeIgniter->handleRequest()
 5 SYSTEMPATH/Boot.php(334): CodeIgniter\CodeIgniter->run()
 6 SYSTEMPATH/Boot.php(67): CodeIgniter\Boot::runCodeIgniter()
 7 FCPATH/index.php(60): CodeIgniter\Boot::bootWeb()
DEBUG - 2025-07-12 20:27:38 --> Session: Class initialized using 'CodeIgniter\Session\Handlers\FileHandler' driver.
DEBUG - 2025-07-12 20:40:46 --> Session: Class initialized using 'CodeIgniter\Session\Handlers\FileHandler' driver.
DEBUG - 2025-07-12 20:40:49 --> Session: Class initialized using 'CodeIgniter\Session\Handlers\FileHandler' driver.
DEBUG - 2025-07-12 20:40:51 --> Session: Class initialized using 'CodeIgniter\Session\Handlers\FileHandler' driver.
DEBUG - 2025-07-12 20:40:56 --> Session: Class initialized using 'CodeIgniter\Session\Handlers\FileHandler' driver.
DEBUG - 2025-07-12 21:14:25 --> Session: Class initialized using 'CodeIgniter\Session\Handlers\FileHandler' driver.
DEBUG - 2025-07-12 21:14:57 --> Session: Class initialized using 'CodeIgniter\Session\Handlers\FileHandler' driver.
DEBUG - 2025-07-12 21:23:13 --> Session: Class initialized using 'CodeIgniter\Session\Handlers\FileHandler' driver.
DEBUG - 2025-07-12 22:11:33 --> Session: Class initialized using 'CodeIgniter\Session\Handlers\FileHandler' driver.
DEBUG - 2025-07-12 22:38:16 --> Session: Class initialized using 'CodeIgniter\Session\Handlers\FileHandler' driver.
DEBUG - 2025-07-12 22:54:19 --> Session: Class initialized using 'CodeIgniter\Session\Handlers\FileHandler' driver.
DEBUG - 2025-07-12 22:57:00 --> Session: Class initialized using 'CodeIgniter\Session\Handlers\FileHandler' driver.
DEBUG - 2025-07-12 23:04:53 --> Session: Class initialized using 'CodeIgniter\Session\Handlers\FileHandler' driver.
DEBUG - 2025-07-12 23:05:45 --> Session: Class initialized using 'CodeIgniter\Session\Handlers\FileHandler' driver.
DEBUG - 2025-07-12 23:36:04 --> Session: Class initialized using 'CodeIgniter\Session\Handlers\FileHandler' driver.
DEBUG - 2025-07-12 23:42:43 --> Session: Class initialized using 'CodeIgniter\Session\Handlers\FileHandler' driver.
DEBUG - 2025-07-12 23:43:46 --> Session: Class initialized using 'CodeIgniter\Session\Handlers\FileHandler' driver.
