DEBUG - 2025-07-16 00:03:52 --> Session: Class initialized using 'CodeIgniter\Session\Handlers\FileHandler' driver.
DEBUG - 2025-07-16 00:32:48 --> Session: Class initialized using 'CodeIgniter\Session\Handlers\FileHandler' driver.
DEBUG - 2025-07-16 00:42:08 --> Session: Class initialized using 'CodeIgniter\Session\Handlers\FileHandler' driver.
DEBUG - 2025-07-16 00:42:14 --> Session: Class initialized using 'CodeIgniter\Session\Handlers\FileHandler' driver.
DEBUG - 2025-07-16 00:48:27 --> Session: Class initialized using 'CodeIgniter\Session\Handlers\FileHandler' driver.
DEBUG - 2025-07-16 01:58:26 --> Session: Class initialized using 'CodeIgniter\Session\Handlers\FileHandler' driver.
DEBUG - 2025-07-16 02:01:44 --> Session: Class initialized using 'CodeIgniter\Session\Handlers\FileHandler' driver.
DEBUG - 2025-07-16 02:52:32 --> Session: Class initialized using 'CodeIgniter\Session\Handlers\FileHandler' driver.
DEBUG - 2025-07-16 03:32:54 --> Session: Class initialized using 'CodeIgniter\Session\Handlers\FileHandler' driver.
DEBUG - 2025-07-16 03:45:23 --> Session: Class initialized using 'CodeIgniter\Session\Handlers\FileHandler' driver.
DEBUG - 2025-07-16 04:46:52 --> Session: Class initialized using 'CodeIgniter\Session\Handlers\FileHandler' driver.
DEBUG - 2025-07-16 04:46:54 --> Session: Class initialized using 'CodeIgniter\Session\Handlers\FileHandler' driver.
DEBUG - 2025-07-16 04:51:46 --> Session: Class initialized using 'CodeIgniter\Session\Handlers\FileHandler' driver.
DEBUG - 2025-07-16 05:41:02 --> Session: Class initialized using 'CodeIgniter\Session\Handlers\FileHandler' driver.
DEBUG - 2025-07-16 05:59:43 --> Session: Class initialized using 'CodeIgniter\Session\Handlers\FileHandler' driver.
DEBUG - 2025-07-16 06:29:47 --> Session: Class initialized using 'CodeIgniter\Session\Handlers\FileHandler' driver.
DEBUG - 2025-07-16 06:29:48 --> Session: Class initialized using 'CodeIgniter\Session\Handlers\FileHandler' driver.
DEBUG - 2025-07-16 07:23:18 --> Session: Class initialized using 'CodeIgniter\Session\Handlers\FileHandler' driver.
DEBUG - 2025-07-16 08:22:36 --> Session: Class initialized using 'CodeIgniter\Session\Handlers\FileHandler' driver.
DEBUG - 2025-07-16 09:05:10 --> Session: Class initialized using 'CodeIgniter\Session\Handlers\FileHandler' driver.
DEBUG - 2025-07-16 09:51:34 --> Session: Class initialized using 'CodeIgniter\Session\Handlers\FileHandler' driver.
DEBUG - 2025-07-16 09:53:41 --> Session: Class initialized using 'CodeIgniter\Session\Handlers\FileHandler' driver.
DEBUG - 2025-07-16 10:05:30 --> Session: Class initialized using 'CodeIgniter\Session\Handlers\FileHandler' driver.
DEBUG - 2025-07-16 10:40:09 --> Session: Class initialized using 'CodeIgniter\Session\Handlers\FileHandler' driver.
DEBUG - 2025-07-16 11:08:59 --> Session: Class initialized using 'CodeIgniter\Session\Handlers\FileHandler' driver.
DEBUG - 2025-07-16 11:36:38 --> Session: Class initialized using 'CodeIgniter\Session\Handlers\FileHandler' driver.
DEBUG - 2025-07-16 11:38:17 --> Session: Class initialized using 'CodeIgniter\Session\Handlers\FileHandler' driver.
DEBUG - 2025-07-16 13:09:38 --> Session: Class initialized using 'CodeIgniter\Session\Handlers\FileHandler' driver.
DEBUG - 2025-07-16 13:14:17 --> Session: Class initialized using 'CodeIgniter\Session\Handlers\FileHandler' driver.
DEBUG - 2025-07-16 13:15:51 --> Session: Class initialized using 'CodeIgniter\Session\Handlers\FileHandler' driver.
DEBUG - 2025-07-16 13:17:06 --> Session: Class initialized using 'CodeIgniter\Session\Handlers\FileHandler' driver.
DEBUG - 2025-07-16 13:17:59 --> Session: Class initialized using 'CodeIgniter\Session\Handlers\FileHandler' driver.
DEBUG - 2025-07-16 13:18:12 --> Session: Class initialized using 'CodeIgniter\Session\Handlers\FileHandler' driver.
DEBUG - 2025-07-16 13:19:50 --> Session: Class initialized using 'CodeIgniter\Session\Handlers\FileHandler' driver.
DEBUG - 2025-07-16 13:46:08 --> Session: Class initialized using 'CodeIgniter\Session\Handlers\FileHandler' driver.
DEBUG - 2025-07-16 13:46:08 --> Session: Class initialized using 'CodeIgniter\Session\Handlers\FileHandler' driver.
DEBUG - 2025-07-16 13:46:09 --> Session: Class initialized using 'CodeIgniter\Session\Handlers\FileHandler' driver.
DEBUG - 2025-07-16 15:20:03 --> Session: Class initialized using 'CodeIgniter\Session\Handlers\FileHandler' driver.
DEBUG - 2025-07-16 15:20:04 --> Session: Class initialized using 'CodeIgniter\Session\Handlers\FileHandler' driver.
DEBUG - 2025-07-16 15:20:04 --> Session: Class initialized using 'CodeIgniter\Session\Handlers\FileHandler' driver.
DEBUG - 2025-07-16 15:20:04 --> Session: Class initialized using 'CodeIgniter\Session\Handlers\FileHandler' driver.
DEBUG - 2025-07-16 15:20:04 --> Session: Class initialized using 'CodeIgniter\Session\Handlers\FileHandler' driver.
DEBUG - 2025-07-16 15:46:56 --> Session: Class initialized using 'CodeIgniter\Session\Handlers\FileHandler' driver.
DEBUG - 2025-07-16 16:10:40 --> Session: Class initialized using 'CodeIgniter\Session\Handlers\FileHandler' driver.
DEBUG - 2025-07-16 16:10:41 --> Session: Class initialized using 'CodeIgniter\Session\Handlers\FileHandler' driver.
DEBUG - 2025-07-16 18:04:54 --> Session: Class initialized using 'CodeIgniter\Session\Handlers\FileHandler' driver.
DEBUG - 2025-07-16 18:06:03 --> Session: Class initialized using 'CodeIgniter\Session\Handlers\FileHandler' driver.
DEBUG - 2025-07-16 18:06:21 --> Session: Class initialized using 'CodeIgniter\Session\Handlers\FileHandler' driver.
DEBUG - 2025-07-16 18:42:40 --> Session: Class initialized using 'CodeIgniter\Session\Handlers\FileHandler' driver.
DEBUG - 2025-07-16 19:13:47 --> Session: Class initialized using 'CodeIgniter\Session\Handlers\FileHandler' driver.
DEBUG - 2025-07-16 19:20:24 --> Session: Class initialized using 'CodeIgniter\Session\Handlers\FileHandler' driver.
DEBUG - 2025-07-16 19:20:53 --> Session: Class initialized using 'CodeIgniter\Session\Handlers\FileHandler' driver.
DEBUG - 2025-07-16 19:21:45 --> Session: Class initialized using 'CodeIgniter\Session\Handlers\FileHandler' driver.
DEBUG - 2025-07-16 19:23:35 --> Session: Class initialized using 'CodeIgniter\Session\Handlers\FileHandler' driver.
DEBUG - 2025-07-16 19:24:08 --> Session: Class initialized using 'CodeIgniter\Session\Handlers\FileHandler' driver.
DEBUG - 2025-07-16 19:25:27 --> Session: Class initialized using 'CodeIgniter\Session\Handlers\FileHandler' driver.
DEBUG - 2025-07-16 19:27:39 --> Session: Class initialized using 'CodeIgniter\Session\Handlers\FileHandler' driver.
DEBUG - 2025-07-16 19:31:16 --> Session: Class initialized using 'CodeIgniter\Session\Handlers\FileHandler' driver.
DEBUG - 2025-07-16 19:31:19 --> Session: Class initialized using 'CodeIgniter\Session\Handlers\FileHandler' driver.
CRITICAL - 2025-07-16 19:31:23 --> ErrorException: unlink(/var/www/portfolio/ci_app/writable/debugbar/debugbar_1752679204.127591.json): No such file or directory
[Method: GET, Route: /]
in SYSTEMPATH/Debug/Toolbar/Collectors/History.php on line 82.
 1 [internal function]: CodeIgniter\Debug\Exceptions->errorHandler()
 2 SYSTEMPATH/Debug/Toolbar/Collectors/History.php(82): unlink()
 3 SYSTEMPATH/Debug/Toolbar.php(517): CodeIgniter\Debug\Toolbar\Collectors\History->setFiles()
 4 SYSTEMPATH/Debug/Toolbar.php(496): CodeIgniter\Debug\Toolbar->format()
 5 APPPATH/Config/Events.php(47): CodeIgniter\Debug\Toolbar->respond()
 6 SYSTEMPATH/Events/Events.php(155): CodeIgniter\Events\Events::{closure:/var/www/portfolio/ci_app/app/Config/Events.php:26}()
 7 SYSTEMPATH/CodeIgniter.php(339): CodeIgniter\Events\Events::trigger()
 8 SYSTEMPATH/Boot.php(334): CodeIgniter\CodeIgniter->run()
 9 SYSTEMPATH/Boot.php(67): CodeIgniter\Boot::runCodeIgniter()
10 FCPATH/index.php(60): CodeIgniter\Boot::bootWeb()
DEBUG - 2025-07-16 19:31:46 --> Session: Class initialized using 'CodeIgniter\Session\Handlers\FileHandler' driver.
DEBUG - 2025-07-16 19:31:47 --> Session: Class initialized using 'CodeIgniter\Session\Handlers\FileHandler' driver.
DEBUG - 2025-07-16 19:32:23 --> Session: Class initialized using 'CodeIgniter\Session\Handlers\FileHandler' driver.
DEBUG - 2025-07-16 19:32:23 --> Session: Class initialized using 'CodeIgniter\Session\Handlers\FileHandler' driver.
ERROR - 2025-07-16 19:32:23 --> SQLite3Exception: database is locked in /var/www/portfolio/ci_app/system/Database/SQLite3/Connection.php:175
Stack trace:
#0 /var/www/portfolio/ci_app/system/Database/SQLite3/Connection.php(175): SQLite3->exec()
#1 /var/www/portfolio/ci_app/system/Database/BaseConnection.php(738): CodeIgniter\Database\SQLite3\Connection->execute()
#2 /var/www/portfolio/ci_app/system/Database/BaseConnection.php(652): CodeIgniter\Database\BaseConnection->simpleQuery()
#3 /var/www/portfolio/ci_app/system/Database/BaseBuilder.php(2345): CodeIgniter\Database\BaseConnection->query()
#4 /var/www/portfolio/ci_app/system/Model.php(394): CodeIgniter\Database\BaseBuilder->insert()
#5 /var/www/portfolio/ci_app/system/BaseModel.php(839): CodeIgniter\Model->doInsert()
#6 /var/www/portfolio/ci_app/system/Model.php(800): CodeIgniter\BaseModel->insert()
#7 /var/www/portfolio/ci_app/system/BaseModel.php(750): CodeIgniter\Model->insert()
#8 /var/www/portfolio/ci_app/app/Filters/ViewLogger.php(96): CodeIgniter\BaseModel->save()
#9 /var/www/portfolio/ci_app/system/Filters/Filters.php(241): App\Filters\ViewLogger->before()
#10 /var/www/portfolio/ci_app/system/Filters/Filters.php(221): CodeIgniter\Filters\Filters->runBefore()
#11 /var/www/portfolio/ci_app/system/CodeIgniter.php(479): CodeIgniter\Filters\Filters->run()
#12 /var/www/portfolio/ci_app/system/CodeIgniter.php(354): CodeIgniter\CodeIgniter->handleRequest()
#13 /var/www/portfolio/ci_app/system/Boot.php(334): CodeIgniter\CodeIgniter->run()
#14 /var/www/portfolio/ci_app/system/Boot.php(67): CodeIgniter\Boot::runCodeIgniter()
#15 /var/www/portfolio/public_html/index.php(60): CodeIgniter\Boot::bootWeb()
#16 {main}
CRITICAL - 2025-07-16 19:32:23 --> CodeIgniter\Database\Exceptions\DatabaseException: database is locked
[Method: GET, Route: /]
in SYSTEMPATH/Database/BaseConnection.php on line 692.
 1 SYSTEMPATH/Database/BaseBuilder.php(2345): CodeIgniter\Database\BaseConnection->query()
 2 SYSTEMPATH/Model.php(394): CodeIgniter\Database\BaseBuilder->insert()
 3 SYSTEMPATH/BaseModel.php(839): CodeIgniter\Model->doInsert()
 4 SYSTEMPATH/Model.php(800): CodeIgniter\BaseModel->insert()
 5 SYSTEMPATH/BaseModel.php(750): CodeIgniter\Model->insert()
 6 APPPATH/Filters/ViewLogger.php(96): CodeIgniter\BaseModel->save()
 7 SYSTEMPATH/Filters/Filters.php(241): App\Filters\ViewLogger->before()
 8 SYSTEMPATH/Filters/Filters.php(221): CodeIgniter\Filters\Filters->runBefore()
 9 SYSTEMPATH/CodeIgniter.php(479): CodeIgniter\Filters\Filters->run()
10 SYSTEMPATH/CodeIgniter.php(354): CodeIgniter\CodeIgniter->handleRequest()
11 SYSTEMPATH/Boot.php(334): CodeIgniter\CodeIgniter->run()
12 SYSTEMPATH/Boot.php(67): CodeIgniter\Boot::runCodeIgniter()
13 FCPATH/index.php(60): CodeIgniter\Boot::bootWeb()
CRITICAL - 2025-07-16 19:32:23 --> [Caused by] CodeIgniter\Database\Exceptions\DatabaseException: database is locked
in SYSTEMPATH/Database/SQLite3/Connection.php on line 181.
 1 SYSTEMPATH/Database/BaseConnection.php(738): CodeIgniter\Database\SQLite3\Connection->execute()
 2 SYSTEMPATH/Database/BaseConnection.php(652): CodeIgniter\Database\BaseConnection->simpleQuery()
 3 SYSTEMPATH/Database/BaseBuilder.php(2345): CodeIgniter\Database\BaseConnection->query()
 4 SYSTEMPATH/Model.php(394): CodeIgniter\Database\BaseBuilder->insert()
 5 SYSTEMPATH/BaseModel.php(839): CodeIgniter\Model->doInsert()
 6 SYSTEMPATH/Model.php(800): CodeIgniter\BaseModel->insert()
 7 SYSTEMPATH/BaseModel.php(750): CodeIgniter\Model->insert()
 8 APPPATH/Filters/ViewLogger.php(96): CodeIgniter\BaseModel->save()
 9 SYSTEMPATH/Filters/Filters.php(241): App\Filters\ViewLogger->before()
10 SYSTEMPATH/Filters/Filters.php(221): CodeIgniter\Filters\Filters->runBefore()
11 SYSTEMPATH/CodeIgniter.php(479): CodeIgniter\Filters\Filters->run()
12 SYSTEMPATH/CodeIgniter.php(354): CodeIgniter\CodeIgniter->handleRequest()
13 SYSTEMPATH/Boot.php(334): CodeIgniter\CodeIgniter->run()
14 SYSTEMPATH/Boot.php(67): CodeIgniter\Boot::runCodeIgniter()
15 FCPATH/index.php(60): CodeIgniter\Boot::bootWeb()
CRITICAL - 2025-07-16 19:32:23 --> [Caused by] SQLite3Exception: database is locked
in SYSTEMPATH/Database/SQLite3/Connection.php on line 175.
 1 SYSTEMPATH/Database/SQLite3/Connection.php(175): SQLite3->exec()
 2 SYSTEMPATH/Database/BaseConnection.php(738): CodeIgniter\Database\SQLite3\Connection->execute()
 3 SYSTEMPATH/Database/BaseConnection.php(652): CodeIgniter\Database\BaseConnection->simpleQuery()
 4 SYSTEMPATH/Database/BaseBuilder.php(2345): CodeIgniter\Database\BaseConnection->query()
 5 SYSTEMPATH/Model.php(394): CodeIgniter\Database\BaseBuilder->insert()
 6 SYSTEMPATH/BaseModel.php(839): CodeIgniter\Model->doInsert()
 7 SYSTEMPATH/Model.php(800): CodeIgniter\BaseModel->insert()
 8 SYSTEMPATH/BaseModel.php(750): CodeIgniter\Model->insert()
 9 APPPATH/Filters/ViewLogger.php(96): CodeIgniter\BaseModel->save()
10 SYSTEMPATH/Filters/Filters.php(241): App\Filters\ViewLogger->before()
11 SYSTEMPATH/Filters/Filters.php(221): CodeIgniter\Filters\Filters->runBefore()
12 SYSTEMPATH/CodeIgniter.php(479): CodeIgniter\Filters\Filters->run()
13 SYSTEMPATH/CodeIgniter.php(354): CodeIgniter\CodeIgniter->handleRequest()
14 SYSTEMPATH/Boot.php(334): CodeIgniter\CodeIgniter->run()
15 SYSTEMPATH/Boot.php(67): CodeIgniter\Boot::runCodeIgniter()
16 FCPATH/index.php(60): CodeIgniter\Boot::bootWeb()
DEBUG - 2025-07-16 19:32:24 --> Session: Class initialized using 'CodeIgniter\Session\Handlers\FileHandler' driver.
DEBUG - 2025-07-16 19:57:07 --> Session: Class initialized using 'CodeIgniter\Session\Handlers\FileHandler' driver.
DEBUG - 2025-07-16 19:57:47 --> Session: Class initialized using 'CodeIgniter\Session\Handlers\FileHandler' driver.
DEBUG - 2025-07-16 20:39:21 --> Session: Class initialized using 'CodeIgniter\Session\Handlers\FileHandler' driver.
DEBUG - 2025-07-16 21:18:53 --> Session: Class initialized using 'CodeIgniter\Session\Handlers\FileHandler' driver.
DEBUG - 2025-07-16 21:36:45 --> Session: Class initialized using 'CodeIgniter\Session\Handlers\FileHandler' driver.
DEBUG - 2025-07-16 21:57:36 --> Session: Class initialized using 'CodeIgniter\Session\Handlers\FileHandler' driver.
DEBUG - 2025-07-16 21:57:39 --> Session: Class initialized using 'CodeIgniter\Session\Handlers\FileHandler' driver.
DEBUG - 2025-07-16 21:58:06 --> Session: Class initialized using 'CodeIgniter\Session\Handlers\FileHandler' driver.
DEBUG - 2025-07-16 22:14:58 --> Session: Class initialized using 'CodeIgniter\Session\Handlers\FileHandler' driver.
DEBUG - 2025-07-16 22:22:07 --> Session: Class initialized using 'CodeIgniter\Session\Handlers\FileHandler' driver.
DEBUG - 2025-07-16 22:23:07 --> Session: Class initialized using 'CodeIgniter\Session\Handlers\FileHandler' driver.
DEBUG - 2025-07-16 22:23:08 --> Session: Class initialized using 'CodeIgniter\Session\Handlers\FileHandler' driver.
DEBUG - 2025-07-16 22:23:09 --> Session: Class initialized using 'CodeIgniter\Session\Handlers\FileHandler' driver.
DEBUG - 2025-07-16 22:32:18 --> Session: Class initialized using 'CodeIgniter\Session\Handlers\FileHandler' driver.
DEBUG - 2025-07-16 22:35:46 --> Session: Class initialized using 'CodeIgniter\Session\Handlers\FileHandler' driver.
