DEBUG - 2025-05-23 06:47:26 --> Session: Class initialized using 'CodeIgniter\Session\Handlers\FileHandler' driver.
DEBUG - 2025-05-23 06:47:27 --> Session: Class initialized using 'CodeIgniter\Session\Handlers\FileHandler' driver.
DEBUG - 2025-05-23 07:47:00 --> Session: Class initialized using 'CodeIgniter\Session\Handlers\FileHandler' driver.
DEBUG - 2025-05-23 07:47:00 --> Session: Class initialized using 'CodeIgniter\Session\Handlers\FileHandler' driver.
DEBUG - 2025-05-23 08:47:23 --> Session: Class initialized using 'CodeIgniter\Session\Handlers\FileHandler' driver.
DEBUG - 2025-05-23 08:47:24 --> Session: Class initialized using 'CodeIgniter\Session\Handlers\FileHandler' driver.
DEBUG - 2025-05-23 09:47:47 --> Session: Class initialized using 'CodeIgniter\Session\Handlers\FileHandler' driver.
DEBUG - 2025-05-23 09:47:48 --> Session: Class initialized using 'CodeIgniter\Session\Handlers\FileHandler' driver.
DEBUG - 2025-05-23 10:48:11 --> Session: Class initialized using 'CodeIgniter\Session\Handlers\FileHandler' driver.
CRITICAL - 2025-05-23 10:48:12 --> ParseError: syntax error, unexpected end of file, expecting "elseif" or "else" or "endif"
[Method: GET, Route: /]
in APPPATH\Views\base\header.php on line 41.
 1 VENDORPATH\codeigniter4\framework\system\View\View.php(227): CodeIgniter\View\View->CodeIgniter\View\{closure}()
 2 SYSTEMPATH\Common.php(1173): CodeIgniter\View\View->render('base/header', [], true)
 3 APPPATH\Libraries\Header.php(27): view('base/header', [...])
 4 VENDORPATH\codeigniter4\framework\system\View\Cell.php(289): App\Libraries\Header->load([])
 5 VENDORPATH\codeigniter4\framework\system\View\Cell.php(104): CodeIgniter\View\Cell->renderSimpleClass(Object(App\Libraries\Header), 'load', [], 'App\\Libraries\\Header')
 6 SYSTEMPATH\Common.php(1189): CodeIgniter\View\Cell->render('\\App\\Libraries\\Header::load', [], 0, 'AppLibrariesHeaderload40cd750bba9870f18aada2478b24840a')
 7 APPPATH\Views\base\base.php(17): view_cell('\\App\\Libraries\\Header::load')
 8 VENDORPATH\codeigniter4\framework\system\View\View.php(224): include('D:\\xampp\\htdocs\\portfolio\\ci_app\\app\\Views\\base\\base.php')
 9 VENDORPATH\codeigniter4\framework\system\View\View.php(227): CodeIgniter\View\View->CodeIgniter\View\{closure}()
10 VENDORPATH\codeigniter4\framework\system\View\View.php(240): CodeIgniter\View\View->render('base/base', [], true)
11 SYSTEMPATH\Common.php(1173): CodeIgniter\View\View->render('home', [], true)
12 APPPATH\Controllers\Home.php(13): view('home', [...])
13 VENDORPATH\codeigniter4\framework\system\CodeIgniter.php(933): App\Controllers\Home->index()
14 VENDORPATH\codeigniter4\framework\system\CodeIgniter.php(507): CodeIgniter\CodeIgniter->runController(Object(App\Controllers\Home))
15 VENDORPATH\codeigniter4\framework\system\CodeIgniter.php(354): CodeIgniter\CodeIgniter->handleRequest(null, Object(Config\Cache), false)
16 SYSTEMPATH\Boot.php(334): CodeIgniter\CodeIgniter->run()
17 SYSTEMPATH\Boot.php(67): CodeIgniter\Boot::runCodeIgniter(Object(CodeIgniter\CodeIgniter))
18 FCPATH\index.php(60): CodeIgniter\Boot::bootWeb(Object(Config\Paths))
DEBUG - 2025-05-23 10:48:12 --> Session: Class initialized using 'CodeIgniter\Session\Handlers\FileHandler' driver.
CRITICAL - 2025-05-23 10:48:12 --> ParseError: syntax error, unexpected end of file, expecting "elseif" or "else" or "endif"
[Method: GET, Route: /]
in APPPATH\Views\base\header.php on line 41.
 1 VENDORPATH\codeigniter4\framework\system\View\View.php(227): CodeIgniter\View\View->CodeIgniter\View\{closure}()
 2 SYSTEMPATH\Common.php(1173): CodeIgniter\View\View->render('base/header', [], true)
 3 APPPATH\Libraries\Header.php(27): view('base/header', [...])
 4 VENDORPATH\codeigniter4\framework\system\View\Cell.php(289): App\Libraries\Header->load([])
 5 VENDORPATH\codeigniter4\framework\system\View\Cell.php(104): CodeIgniter\View\Cell->renderSimpleClass(Object(App\Libraries\Header), 'load', [], 'App\\Libraries\\Header')
 6 SYSTEMPATH\Common.php(1189): CodeIgniter\View\Cell->render('\\App\\Libraries\\Header::load', [], 0, 'AppLibrariesHeaderload40cd750bba9870f18aada2478b24840a')
 7 APPPATH\Views\base\base.php(17): view_cell('\\App\\Libraries\\Header::load')
 8 VENDORPATH\codeigniter4\framework\system\View\View.php(224): include('D:\\xampp\\htdocs\\portfolio\\ci_app\\app\\Views\\base\\base.php')
 9 VENDORPATH\codeigniter4\framework\system\View\View.php(227): CodeIgniter\View\View->CodeIgniter\View\{closure}()
10 VENDORPATH\codeigniter4\framework\system\View\View.php(240): CodeIgniter\View\View->render('base/base', [], true)
11 SYSTEMPATH\Common.php(1173): CodeIgniter\View\View->render('home', [], true)
12 APPPATH\Controllers\Home.php(13): view('home', [...])
13 VENDORPATH\codeigniter4\framework\system\CodeIgniter.php(933): App\Controllers\Home->index()
14 VENDORPATH\codeigniter4\framework\system\CodeIgniter.php(507): CodeIgniter\CodeIgniter->runController(Object(App\Controllers\Home))
15 VENDORPATH\codeigniter4\framework\system\CodeIgniter.php(354): CodeIgniter\CodeIgniter->handleRequest(null, Object(Config\Cache), false)
16 SYSTEMPATH\Boot.php(334): CodeIgniter\CodeIgniter->run()
17 SYSTEMPATH\Boot.php(67): CodeIgniter\Boot::runCodeIgniter(Object(CodeIgniter\CodeIgniter))
18 FCPATH\index.php(60): CodeIgniter\Boot::bootWeb(Object(Config\Paths))
DEBUG - 2025-05-23 11:48:35 --> Session: Class initialized using 'CodeIgniter\Session\Handlers\FileHandler' driver.
CRITICAL - 2025-05-23 11:48:36 --> ParseError: syntax error, unexpected end of file, expecting "elseif" or "else" or "endif"
[Method: GET, Route: /]
in APPPATH\Views\base\header.php on line 41.
 1 VENDORPATH\codeigniter4\framework\system\View\View.php(227): CodeIgniter\View\View->CodeIgniter\View\{closure}()
 2 SYSTEMPATH\Common.php(1173): CodeIgniter\View\View->render('base/header', [], true)
 3 APPPATH\Libraries\Header.php(27): view('base/header', [...])
 4 VENDORPATH\codeigniter4\framework\system\View\Cell.php(289): App\Libraries\Header->load([])
 5 VENDORPATH\codeigniter4\framework\system\View\Cell.php(104): CodeIgniter\View\Cell->renderSimpleClass(Object(App\Libraries\Header), 'load', [], 'App\\Libraries\\Header')
 6 SYSTEMPATH\Common.php(1189): CodeIgniter\View\Cell->render('\\App\\Libraries\\Header::load', [], 0, 'AppLibrariesHeaderload40cd750bba9870f18aada2478b24840a')
 7 APPPATH\Views\base\base.php(17): view_cell('\\App\\Libraries\\Header::load')
 8 VENDORPATH\codeigniter4\framework\system\View\View.php(224): include('D:\\xampp\\htdocs\\portfolio\\ci_app\\app\\Views\\base\\base.php')
 9 VENDORPATH\codeigniter4\framework\system\View\View.php(227): CodeIgniter\View\View->CodeIgniter\View\{closure}()
10 VENDORPATH\codeigniter4\framework\system\View\View.php(240): CodeIgniter\View\View->render('base/base', [], true)
11 SYSTEMPATH\Common.php(1173): CodeIgniter\View\View->render('home', [], true)
12 APPPATH\Controllers\Home.php(13): view('home', [...])
13 VENDORPATH\codeigniter4\framework\system\CodeIgniter.php(933): App\Controllers\Home->index()
14 VENDORPATH\codeigniter4\framework\system\CodeIgniter.php(507): CodeIgniter\CodeIgniter->runController(Object(App\Controllers\Home))
15 VENDORPATH\codeigniter4\framework\system\CodeIgniter.php(354): CodeIgniter\CodeIgniter->handleRequest(null, Object(Config\Cache), false)
16 SYSTEMPATH\Boot.php(334): CodeIgniter\CodeIgniter->run()
17 SYSTEMPATH\Boot.php(67): CodeIgniter\Boot::runCodeIgniter(Object(CodeIgniter\CodeIgniter))
18 FCPATH\index.php(60): CodeIgniter\Boot::bootWeb(Object(Config\Paths))
DEBUG - 2025-05-23 11:48:36 --> Session: Class initialized using 'CodeIgniter\Session\Handlers\FileHandler' driver.
CRITICAL - 2025-05-23 11:48:36 --> ParseError: syntax error, unexpected end of file, expecting "elseif" or "else" or "endif"
[Method: GET, Route: /]
in APPPATH\Views\base\header.php on line 41.
 1 VENDORPATH\codeigniter4\framework\system\View\View.php(227): CodeIgniter\View\View->CodeIgniter\View\{closure}()
 2 SYSTEMPATH\Common.php(1173): CodeIgniter\View\View->render('base/header', [], true)
 3 APPPATH\Libraries\Header.php(27): view('base/header', [...])
 4 VENDORPATH\codeigniter4\framework\system\View\Cell.php(289): App\Libraries\Header->load([])
 5 VENDORPATH\codeigniter4\framework\system\View\Cell.php(104): CodeIgniter\View\Cell->renderSimpleClass(Object(App\Libraries\Header), 'load', [], 'App\\Libraries\\Header')
 6 SYSTEMPATH\Common.php(1189): CodeIgniter\View\Cell->render('\\App\\Libraries\\Header::load', [], 0, 'AppLibrariesHeaderload40cd750bba9870f18aada2478b24840a')
 7 APPPATH\Views\base\base.php(17): view_cell('\\App\\Libraries\\Header::load')
 8 VENDORPATH\codeigniter4\framework\system\View\View.php(224): include('D:\\xampp\\htdocs\\portfolio\\ci_app\\app\\Views\\base\\base.php')
 9 VENDORPATH\codeigniter4\framework\system\View\View.php(227): CodeIgniter\View\View->CodeIgniter\View\{closure}()
10 VENDORPATH\codeigniter4\framework\system\View\View.php(240): CodeIgniter\View\View->render('base/base', [], true)
11 SYSTEMPATH\Common.php(1173): CodeIgniter\View\View->render('home', [], true)
12 APPPATH\Controllers\Home.php(13): view('home', [...])
13 VENDORPATH\codeigniter4\framework\system\CodeIgniter.php(933): App\Controllers\Home->index()
14 VENDORPATH\codeigniter4\framework\system\CodeIgniter.php(507): CodeIgniter\CodeIgniter->runController(Object(App\Controllers\Home))
15 VENDORPATH\codeigniter4\framework\system\CodeIgniter.php(354): CodeIgniter\CodeIgniter->handleRequest(null, Object(Config\Cache), false)
16 SYSTEMPATH\Boot.php(334): CodeIgniter\CodeIgniter->run()
17 SYSTEMPATH\Boot.php(67): CodeIgniter\Boot::runCodeIgniter(Object(CodeIgniter\CodeIgniter))
18 FCPATH\index.php(60): CodeIgniter\Boot::bootWeb(Object(Config\Paths))
DEBUG - 2025-05-23 12:51:00 --> Session: Class initialized using 'CodeIgniter\Session\Handlers\FileHandler' driver.
CRITICAL - 2025-05-23 12:51:01 --> ParseError: syntax error, unexpected end of file, expecting "elseif" or "else" or "endif"
[Method: GET, Route: /]
in APPPATH\Views\base\header.php on line 41.
 1 VENDORPATH\codeigniter4\framework\system\View\View.php(227): CodeIgniter\View\View->CodeIgniter\View\{closure}()
 2 SYSTEMPATH\Common.php(1173): CodeIgniter\View\View->render('base/header', [], true)
 3 APPPATH\Libraries\Header.php(27): view('base/header', [...])
 4 VENDORPATH\codeigniter4\framework\system\View\Cell.php(289): App\Libraries\Header->load([])
 5 VENDORPATH\codeigniter4\framework\system\View\Cell.php(104): CodeIgniter\View\Cell->renderSimpleClass(Object(App\Libraries\Header), 'load', [], 'App\\Libraries\\Header')
 6 SYSTEMPATH\Common.php(1189): CodeIgniter\View\Cell->render('\\App\\Libraries\\Header::load', [], 0, 'AppLibrariesHeaderload40cd750bba9870f18aada2478b24840a')
 7 APPPATH\Views\base\base.php(17): view_cell('\\App\\Libraries\\Header::load')
 8 VENDORPATH\codeigniter4\framework\system\View\View.php(224): include('D:\\xampp\\htdocs\\portfolio\\ci_app\\app\\Views\\base\\base.php')
 9 VENDORPATH\codeigniter4\framework\system\View\View.php(227): CodeIgniter\View\View->CodeIgniter\View\{closure}()
10 VENDORPATH\codeigniter4\framework\system\View\View.php(240): CodeIgniter\View\View->render('base/base', [], true)
11 SYSTEMPATH\Common.php(1173): CodeIgniter\View\View->render('home', [], true)
12 APPPATH\Controllers\Home.php(13): view('home', [...])
13 VENDORPATH\codeigniter4\framework\system\CodeIgniter.php(933): App\Controllers\Home->index()
14 VENDORPATH\codeigniter4\framework\system\CodeIgniter.php(507): CodeIgniter\CodeIgniter->runController(Object(App\Controllers\Home))
15 VENDORPATH\codeigniter4\framework\system\CodeIgniter.php(354): CodeIgniter\CodeIgniter->handleRequest(null, Object(Config\Cache), false)
16 SYSTEMPATH\Boot.php(334): CodeIgniter\CodeIgniter->run()
17 SYSTEMPATH\Boot.php(67): CodeIgniter\Boot::runCodeIgniter(Object(CodeIgniter\CodeIgniter))
18 FCPATH\index.php(60): CodeIgniter\Boot::bootWeb(Object(Config\Paths))
DEBUG - 2025-05-23 12:51:01 --> Session: Class initialized using 'CodeIgniter\Session\Handlers\FileHandler' driver.
CRITICAL - 2025-05-23 12:51:01 --> ParseError: syntax error, unexpected end of file, expecting "elseif" or "else" or "endif"
[Method: GET, Route: /]
in APPPATH\Views\base\header.php on line 41.
 1 VENDORPATH\codeigniter4\framework\system\View\View.php(227): CodeIgniter\View\View->CodeIgniter\View\{closure}()
 2 SYSTEMPATH\Common.php(1173): CodeIgniter\View\View->render('base/header', [], true)
 3 APPPATH\Libraries\Header.php(27): view('base/header', [...])
 4 VENDORPATH\codeigniter4\framework\system\View\Cell.php(289): App\Libraries\Header->load([])
 5 VENDORPATH\codeigniter4\framework\system\View\Cell.php(104): CodeIgniter\View\Cell->renderSimpleClass(Object(App\Libraries\Header), 'load', [], 'App\\Libraries\\Header')
 6 SYSTEMPATH\Common.php(1189): CodeIgniter\View\Cell->render('\\App\\Libraries\\Header::load', [], 0, 'AppLibrariesHeaderload40cd750bba9870f18aada2478b24840a')
 7 APPPATH\Views\base\base.php(17): view_cell('\\App\\Libraries\\Header::load')
 8 VENDORPATH\codeigniter4\framework\system\View\View.php(224): include('D:\\xampp\\htdocs\\portfolio\\ci_app\\app\\Views\\base\\base.php')
 9 VENDORPATH\codeigniter4\framework\system\View\View.php(227): CodeIgniter\View\View->CodeIgniter\View\{closure}()
10 VENDORPATH\codeigniter4\framework\system\View\View.php(240): CodeIgniter\View\View->render('base/base', [], true)
11 SYSTEMPATH\Common.php(1173): CodeIgniter\View\View->render('home', [], true)
12 APPPATH\Controllers\Home.php(13): view('home', [...])
13 VENDORPATH\codeigniter4\framework\system\CodeIgniter.php(933): App\Controllers\Home->index()
14 VENDORPATH\codeigniter4\framework\system\CodeIgniter.php(507): CodeIgniter\CodeIgniter->runController(Object(App\Controllers\Home))
15 VENDORPATH\codeigniter4\framework\system\CodeIgniter.php(354): CodeIgniter\CodeIgniter->handleRequest(null, Object(Config\Cache), false)
16 SYSTEMPATH\Boot.php(334): CodeIgniter\CodeIgniter->run()
17 SYSTEMPATH\Boot.php(67): CodeIgniter\Boot::runCodeIgniter(Object(CodeIgniter\CodeIgniter))
18 FCPATH\index.php(60): CodeIgniter\Boot::bootWeb(Object(Config\Paths))
DEBUG - 2025-05-23 14:36:57 --> Session: Class initialized using 'CodeIgniter\Session\Handlers\FileHandler' driver.
DEBUG - 2025-05-23 14:36:57 --> Session: Class initialized using 'CodeIgniter\Session\Handlers\FileHandler' driver.
DEBUG - 2025-05-23 14:37:01 --> Session: Class initialized using 'CodeIgniter\Session\Handlers\FileHandler' driver.
DEBUG - 2025-05-23 14:37:03 --> Session: Class initialized using 'CodeIgniter\Session\Handlers\FileHandler' driver.
DEBUG - 2025-05-23 14:37:05 --> Session: Class initialized using 'CodeIgniter\Session\Handlers\FileHandler' driver.
DEBUG - 2025-05-23 14:37:07 --> Session: Class initialized using 'CodeIgniter\Session\Handlers\FileHandler' driver.
CRITICAL - 2025-05-23 14:37:09 --> ParseError: syntax error, unexpected end of file, expecting "elseif" or "else" or "endif"
[Method: GET, Route: /]
in APPPATH\Views\base\header.php on line 41.
 1 VENDORPATH\codeigniter4\framework\system\View\View.php(227): CodeIgniter\View\View->CodeIgniter\View\{closure}()
 2 SYSTEMPATH\Common.php(1173): CodeIgniter\View\View->render('base/header', [], true)
 3 APPPATH\Libraries\Header.php(27): view('base/header', [...])
 4 VENDORPATH\codeigniter4\framework\system\View\Cell.php(289): App\Libraries\Header->load([])
 5 VENDORPATH\codeigniter4\framework\system\View\Cell.php(104): CodeIgniter\View\Cell->renderSimpleClass(Object(App\Libraries\Header), 'load', [], 'App\\Libraries\\Header')
 6 SYSTEMPATH\Common.php(1189): CodeIgniter\View\Cell->render('\\App\\Libraries\\Header::load', [], 0, 'AppLibrariesHeaderload40cd750bba9870f18aada2478b24840a')
 7 APPPATH\Views\base\base.php(17): view_cell('\\App\\Libraries\\Header::load')
 8 VENDORPATH\codeigniter4\framework\system\View\View.php(224): include('D:\\xampp\\htdocs\\portfolio\\ci_app\\app\\Views\\base\\base.php')
 9 VENDORPATH\codeigniter4\framework\system\View\View.php(227): CodeIgniter\View\View->CodeIgniter\View\{closure}()
10 VENDORPATH\codeigniter4\framework\system\View\View.php(240): CodeIgniter\View\View->render('base/base', [], true)
11 SYSTEMPATH\Common.php(1173): CodeIgniter\View\View->render('home', [], true)
12 APPPATH\Controllers\Home.php(13): view('home', [...])
13 VENDORPATH\codeigniter4\framework\system\CodeIgniter.php(933): App\Controllers\Home->index()
14 VENDORPATH\codeigniter4\framework\system\CodeIgniter.php(507): CodeIgniter\CodeIgniter->runController(Object(App\Controllers\Home))
15 VENDORPATH\codeigniter4\framework\system\CodeIgniter.php(354): CodeIgniter\CodeIgniter->handleRequest(null, Object(Config\Cache), false)
16 SYSTEMPATH\Boot.php(334): CodeIgniter\CodeIgniter->run()
17 SYSTEMPATH\Boot.php(67): CodeIgniter\Boot::runCodeIgniter(Object(CodeIgniter\CodeIgniter))
18 FCPATH\index.php(60): CodeIgniter\Boot::bootWeb(Object(Config\Paths))
CRITICAL - 2025-05-23 14:37:09 --> ParseError: syntax error, unexpected end of file, expecting "elseif" or "else" or "endif"
[Method: GET, Route: /]
in APPPATH\Views\base\header.php on line 41.
 1 VENDORPATH\codeigniter4\framework\system\View\View.php(227): CodeIgniter\View\View->CodeIgniter\View\{closure}()
 2 SYSTEMPATH\Common.php(1173): CodeIgniter\View\View->render('base/header', [], true)
 3 APPPATH\Libraries\Header.php(27): view('base/header', [...])
 4 VENDORPATH\codeigniter4\framework\system\View\Cell.php(289): App\Libraries\Header->load([])
 5 VENDORPATH\codeigniter4\framework\system\View\Cell.php(104): CodeIgniter\View\Cell->renderSimpleClass(Object(App\Libraries\Header), 'load', [], 'App\\Libraries\\Header')
 6 SYSTEMPATH\Common.php(1189): CodeIgniter\View\Cell->render('\\App\\Libraries\\Header::load', [], 0, 'AppLibrariesHeaderload40cd750bba9870f18aada2478b24840a')
 7 APPPATH\Views\base\base.php(17): view_cell('\\App\\Libraries\\Header::load')
 8 VENDORPATH\codeigniter4\framework\system\View\View.php(224): include('D:\\xampp\\htdocs\\portfolio\\ci_app\\app\\Views\\base\\base.php')
 9 VENDORPATH\codeigniter4\framework\system\View\View.php(227): CodeIgniter\View\View->CodeIgniter\View\{closure}()
10 VENDORPATH\codeigniter4\framework\system\View\View.php(240): CodeIgniter\View\View->render('base/base', [], true)
11 SYSTEMPATH\Common.php(1173): CodeIgniter\View\View->render('home', [], true)
12 APPPATH\Controllers\Home.php(13): view('home', [...])
13 VENDORPATH\codeigniter4\framework\system\CodeIgniter.php(933): App\Controllers\Home->index()
14 VENDORPATH\codeigniter4\framework\system\CodeIgniter.php(507): CodeIgniter\CodeIgniter->runController(Object(App\Controllers\Home))
15 VENDORPATH\codeigniter4\framework\system\CodeIgniter.php(354): CodeIgniter\CodeIgniter->handleRequest(null, Object(Config\Cache), false)
16 SYSTEMPATH\Boot.php(334): CodeIgniter\CodeIgniter->run()
17 SYSTEMPATH\Boot.php(67): CodeIgniter\Boot::runCodeIgniter(Object(CodeIgniter\CodeIgniter))
18 FCPATH\index.php(60): CodeIgniter\Boot::bootWeb(Object(Config\Paths))
CRITICAL - 2025-05-23 14:37:09 --> ParseError: syntax error, unexpected end of file, expecting "elseif" or "else" or "endif"
[Method: GET, Route: /]
in APPPATH\Views\base\header.php on line 41.
 1 VENDORPATH\codeigniter4\framework\system\View\View.php(227): CodeIgniter\View\View->CodeIgniter\View\{closure}()
 2 SYSTEMPATH\Common.php(1173): CodeIgniter\View\View->render('base/header', [], true)
 3 APPPATH\Libraries\Header.php(27): view('base/header', [...])
 4 VENDORPATH\codeigniter4\framework\system\View\Cell.php(289): App\Libraries\Header->load([])
 5 VENDORPATH\codeigniter4\framework\system\View\Cell.php(104): CodeIgniter\View\Cell->renderSimpleClass(Object(App\Libraries\Header), 'load', [], 'App\\Libraries\\Header')
 6 SYSTEMPATH\Common.php(1189): CodeIgniter\View\Cell->render('\\App\\Libraries\\Header::load', [], 0, 'AppLibrariesHeaderload40cd750bba9870f18aada2478b24840a')
 7 APPPATH\Views\base\base.php(17): view_cell('\\App\\Libraries\\Header::load')
 8 VENDORPATH\codeigniter4\framework\system\View\View.php(224): include('D:\\xampp\\htdocs\\portfolio\\ci_app\\app\\Views\\base\\base.php')
 9 VENDORPATH\codeigniter4\framework\system\View\View.php(227): CodeIgniter\View\View->CodeIgniter\View\{closure}()
10 VENDORPATH\codeigniter4\framework\system\View\View.php(240): CodeIgniter\View\View->render('base/base', [], true)
11 SYSTEMPATH\Common.php(1173): CodeIgniter\View\View->render('home', [], true)
12 APPPATH\Controllers\Home.php(13): view('home', [...])
13 VENDORPATH\codeigniter4\framework\system\CodeIgniter.php(933): App\Controllers\Home->index()
14 VENDORPATH\codeigniter4\framework\system\CodeIgniter.php(507): CodeIgniter\CodeIgniter->runController(Object(App\Controllers\Home))
15 VENDORPATH\codeigniter4\framework\system\CodeIgniter.php(354): CodeIgniter\CodeIgniter->handleRequest(null, Object(Config\Cache), false)
16 SYSTEMPATH\Boot.php(334): CodeIgniter\CodeIgniter->run()
17 SYSTEMPATH\Boot.php(67): CodeIgniter\Boot::runCodeIgniter(Object(CodeIgniter\CodeIgniter))
18 FCPATH\index.php(60): CodeIgniter\Boot::bootWeb(Object(Config\Paths))
CRITICAL - 2025-05-23 14:37:09 --> ParseError: syntax error, unexpected end of file, expecting "elseif" or "else" or "endif"
[Method: GET, Route: /]
in APPPATH\Views\base\header.php on line 41.
 1 VENDORPATH\codeigniter4\framework\system\View\View.php(227): CodeIgniter\View\View->CodeIgniter\View\{closure}()
 2 SYSTEMPATH\Common.php(1173): CodeIgniter\View\View->render('base/header', [], true)
 3 APPPATH\Libraries\Header.php(27): view('base/header', [...])
 4 VENDORPATH\codeigniter4\framework\system\View\Cell.php(289): App\Libraries\Header->load([])
 5 VENDORPATH\codeigniter4\framework\system\View\Cell.php(104): CodeIgniter\View\Cell->renderSimpleClass(Object(App\Libraries\Header), 'load', [], 'App\\Libraries\\Header')
 6 SYSTEMPATH\Common.php(1189): CodeIgniter\View\Cell->render('\\App\\Libraries\\Header::load', [], 0, 'AppLibrariesHeaderload40cd750bba9870f18aada2478b24840a')
 7 APPPATH\Views\base\base.php(17): view_cell('\\App\\Libraries\\Header::load')
 8 VENDORPATH\codeigniter4\framework\system\View\View.php(224): include('D:\\xampp\\htdocs\\portfolio\\ci_app\\app\\Views\\base\\base.php')
 9 VENDORPATH\codeigniter4\framework\system\View\View.php(227): CodeIgniter\View\View->CodeIgniter\View\{closure}()
10 VENDORPATH\codeigniter4\framework\system\View\View.php(240): CodeIgniter\View\View->render('base/base', [], true)
11 SYSTEMPATH\Common.php(1173): CodeIgniter\View\View->render('home', [], true)
12 APPPATH\Controllers\Home.php(13): view('home', [...])
13 VENDORPATH\codeigniter4\framework\system\CodeIgniter.php(933): App\Controllers\Home->index()
14 VENDORPATH\codeigniter4\framework\system\CodeIgniter.php(507): CodeIgniter\CodeIgniter->runController(Object(App\Controllers\Home))
15 VENDORPATH\codeigniter4\framework\system\CodeIgniter.php(354): CodeIgniter\CodeIgniter->handleRequest(null, Object(Config\Cache), false)
16 SYSTEMPATH\Boot.php(334): CodeIgniter\CodeIgniter->run()
17 SYSTEMPATH\Boot.php(67): CodeIgniter\Boot::runCodeIgniter(Object(CodeIgniter\CodeIgniter))
18 FCPATH\index.php(60): CodeIgniter\Boot::bootWeb(Object(Config\Paths))
DEBUG - 2025-05-23 14:37:09 --> Session: Class initialized using 'CodeIgniter\Session\Handlers\FileHandler' driver.
CRITICAL - 2025-05-23 14:37:11 --> ParseError: syntax error, unexpected end of file, expecting "elseif" or "else" or "endif"
[Method: GET, Route: /]
in APPPATH\Views\base\header.php on line 41.
 1 VENDORPATH\codeigniter4\framework\system\View\View.php(227): CodeIgniter\View\View->CodeIgniter\View\{closure}()
 2 SYSTEMPATH\Common.php(1173): CodeIgniter\View\View->render('base/header', [], true)
 3 APPPATH\Libraries\Header.php(27): view('base/header', [...])
 4 VENDORPATH\codeigniter4\framework\system\View\Cell.php(289): App\Libraries\Header->load([])
 5 VENDORPATH\codeigniter4\framework\system\View\Cell.php(104): CodeIgniter\View\Cell->renderSimpleClass(Object(App\Libraries\Header), 'load', [], 'App\\Libraries\\Header')
 6 SYSTEMPATH\Common.php(1189): CodeIgniter\View\Cell->render('\\App\\Libraries\\Header::load', [], 0, 'AppLibrariesHeaderload40cd750bba9870f18aada2478b24840a')
 7 APPPATH\Views\base\base.php(17): view_cell('\\App\\Libraries\\Header::load')
 8 VENDORPATH\codeigniter4\framework\system\View\View.php(224): include('D:\\xampp\\htdocs\\portfolio\\ci_app\\app\\Views\\base\\base.php')
 9 VENDORPATH\codeigniter4\framework\system\View\View.php(227): CodeIgniter\View\View->CodeIgniter\View\{closure}()
10 VENDORPATH\codeigniter4\framework\system\View\View.php(240): CodeIgniter\View\View->render('base/base', [], true)
11 SYSTEMPATH\Common.php(1173): CodeIgniter\View\View->render('home', [], true)
12 APPPATH\Controllers\Home.php(13): view('home', [...])
13 VENDORPATH\codeigniter4\framework\system\CodeIgniter.php(933): App\Controllers\Home->index()
14 VENDORPATH\codeigniter4\framework\system\CodeIgniter.php(507): CodeIgniter\CodeIgniter->runController(Object(App\Controllers\Home))
15 VENDORPATH\codeigniter4\framework\system\CodeIgniter.php(354): CodeIgniter\CodeIgniter->handleRequest(null, Object(Config\Cache), false)
16 SYSTEMPATH\Boot.php(334): CodeIgniter\CodeIgniter->run()
17 SYSTEMPATH\Boot.php(67): CodeIgniter\Boot::runCodeIgniter(Object(CodeIgniter\CodeIgniter))
18 FCPATH\index.php(60): CodeIgniter\Boot::bootWeb(Object(Config\Paths))
DEBUG - 2025-05-23 14:37:11 --> Session: Class initialized using 'CodeIgniter\Session\Handlers\FileHandler' driver.
CRITICAL - 2025-05-23 14:37:14 --> ParseError: syntax error, unexpected end of file, expecting "elseif" or "else" or "endif"
[Method: GET, Route: /]
in APPPATH\Views\base\header.php on line 41.
 1 VENDORPATH\codeigniter4\framework\system\View\View.php(227): CodeIgniter\View\View->CodeIgniter\View\{closure}()
 2 SYSTEMPATH\Common.php(1173): CodeIgniter\View\View->render('base/header', [], true)
 3 APPPATH\Libraries\Header.php(27): view('base/header', [...])
 4 VENDORPATH\codeigniter4\framework\system\View\Cell.php(289): App\Libraries\Header->load([])
 5 VENDORPATH\codeigniter4\framework\system\View\Cell.php(104): CodeIgniter\View\Cell->renderSimpleClass(Object(App\Libraries\Header), 'load', [], 'App\\Libraries\\Header')
 6 SYSTEMPATH\Common.php(1189): CodeIgniter\View\Cell->render('\\App\\Libraries\\Header::load', [], 0, 'AppLibrariesHeaderload40cd750bba9870f18aada2478b24840a')
 7 APPPATH\Views\base\base.php(17): view_cell('\\App\\Libraries\\Header::load')
 8 VENDORPATH\codeigniter4\framework\system\View\View.php(224): include('D:\\xampp\\htdocs\\portfolio\\ci_app\\app\\Views\\base\\base.php')
 9 VENDORPATH\codeigniter4\framework\system\View\View.php(227): CodeIgniter\View\View->CodeIgniter\View\{closure}()
10 VENDORPATH\codeigniter4\framework\system\View\View.php(240): CodeIgniter\View\View->render('base/base', [], true)
11 SYSTEMPATH\Common.php(1173): CodeIgniter\View\View->render('home', [], true)
12 APPPATH\Controllers\Home.php(13): view('home', [...])
13 VENDORPATH\codeigniter4\framework\system\CodeIgniter.php(933): App\Controllers\Home->index()
14 VENDORPATH\codeigniter4\framework\system\CodeIgniter.php(507): CodeIgniter\CodeIgniter->runController(Object(App\Controllers\Home))
15 VENDORPATH\codeigniter4\framework\system\CodeIgniter.php(354): CodeIgniter\CodeIgniter->handleRequest(null, Object(Config\Cache), false)
16 SYSTEMPATH\Boot.php(334): CodeIgniter\CodeIgniter->run()
17 SYSTEMPATH\Boot.php(67): CodeIgniter\Boot::runCodeIgniter(Object(CodeIgniter\CodeIgniter))
18 FCPATH\index.php(60): CodeIgniter\Boot::bootWeb(Object(Config\Paths))
CRITICAL - 2025-05-23 14:37:14 --> ParseError: syntax error, unexpected end of file, expecting "elseif" or "else" or "endif"
[Method: GET, Route: /]
in APPPATH\Views\base\header.php on line 41.
 1 VENDORPATH\codeigniter4\framework\system\View\View.php(227): CodeIgniter\View\View->CodeIgniter\View\{closure}()
 2 SYSTEMPATH\Common.php(1173): CodeIgniter\View\View->render('base/header', [], true)
 3 APPPATH\Libraries\Header.php(27): view('base/header', [...])
 4 VENDORPATH\codeigniter4\framework\system\View\Cell.php(289): App\Libraries\Header->load([])
 5 VENDORPATH\codeigniter4\framework\system\View\Cell.php(104): CodeIgniter\View\Cell->renderSimpleClass(Object(App\Libraries\Header), 'load', [], 'App\\Libraries\\Header')
 6 SYSTEMPATH\Common.php(1189): CodeIgniter\View\Cell->render('\\App\\Libraries\\Header::load', [], 0, 'AppLibrariesHeaderload40cd750bba9870f18aada2478b24840a')
 7 APPPATH\Views\base\base.php(17): view_cell('\\App\\Libraries\\Header::load')
 8 VENDORPATH\codeigniter4\framework\system\View\View.php(224): include('D:\\xampp\\htdocs\\portfolio\\ci_app\\app\\Views\\base\\base.php')
 9 VENDORPATH\codeigniter4\framework\system\View\View.php(227): CodeIgniter\View\View->CodeIgniter\View\{closure}()
10 VENDORPATH\codeigniter4\framework\system\View\View.php(240): CodeIgniter\View\View->render('base/base', [], true)
11 SYSTEMPATH\Common.php(1173): CodeIgniter\View\View->render('home', [], true)
12 APPPATH\Controllers\Home.php(13): view('home', [...])
13 VENDORPATH\codeigniter4\framework\system\CodeIgniter.php(933): App\Controllers\Home->index()
14 VENDORPATH\codeigniter4\framework\system\CodeIgniter.php(507): CodeIgniter\CodeIgniter->runController(Object(App\Controllers\Home))
15 VENDORPATH\codeigniter4\framework\system\CodeIgniter.php(354): CodeIgniter\CodeIgniter->handleRequest(null, Object(Config\Cache), false)
16 SYSTEMPATH\Boot.php(334): CodeIgniter\CodeIgniter->run()
17 SYSTEMPATH\Boot.php(67): CodeIgniter\Boot::runCodeIgniter(Object(CodeIgniter\CodeIgniter))
18 FCPATH\index.php(60): CodeIgniter\Boot::bootWeb(Object(Config\Paths))
CRITICAL - 2025-05-23 14:37:14 --> ParseError: syntax error, unexpected end of file, expecting "elseif" or "else" or "endif"
[Method: GET, Route: /]
in APPPATH\Views\base\header.php on line 41.
 1 VENDORPATH\codeigniter4\framework\system\View\View.php(227): CodeIgniter\View\View->CodeIgniter\View\{closure}()
 2 SYSTEMPATH\Common.php(1173): CodeIgniter\View\View->render('base/header', [], true)
 3 APPPATH\Libraries\Header.php(27): view('base/header', [...])
 4 VENDORPATH\codeigniter4\framework\system\View\Cell.php(289): App\Libraries\Header->load([])
 5 VENDORPATH\codeigniter4\framework\system\View\Cell.php(104): CodeIgniter\View\Cell->renderSimpleClass(Object(App\Libraries\Header), 'load', [], 'App\\Libraries\\Header')
 6 SYSTEMPATH\Common.php(1189): CodeIgniter\View\Cell->render('\\App\\Libraries\\Header::load', [], 0, 'AppLibrariesHeaderload40cd750bba9870f18aada2478b24840a')
 7 APPPATH\Views\base\base.php(17): view_cell('\\App\\Libraries\\Header::load')
 8 VENDORPATH\codeigniter4\framework\system\View\View.php(224): include('D:\\xampp\\htdocs\\portfolio\\ci_app\\app\\Views\\base\\base.php')
 9 VENDORPATH\codeigniter4\framework\system\View\View.php(227): CodeIgniter\View\View->CodeIgniter\View\{closure}()
10 VENDORPATH\codeigniter4\framework\system\View\View.php(240): CodeIgniter\View\View->render('base/base', [], true)
11 SYSTEMPATH\Common.php(1173): CodeIgniter\View\View->render('home', [], true)
12 APPPATH\Controllers\Home.php(13): view('home', [...])
13 VENDORPATH\codeigniter4\framework\system\CodeIgniter.php(933): App\Controllers\Home->index()
14 VENDORPATH\codeigniter4\framework\system\CodeIgniter.php(507): CodeIgniter\CodeIgniter->runController(Object(App\Controllers\Home))
15 VENDORPATH\codeigniter4\framework\system\CodeIgniter.php(354): CodeIgniter\CodeIgniter->handleRequest(null, Object(Config\Cache), false)
16 SYSTEMPATH\Boot.php(334): CodeIgniter\CodeIgniter->run()
17 SYSTEMPATH\Boot.php(67): CodeIgniter\Boot::runCodeIgniter(Object(CodeIgniter\CodeIgniter))
18 FCPATH\index.php(60): CodeIgniter\Boot::bootWeb(Object(Config\Paths))
DEBUG - 2025-05-23 15:14:46 --> Session: Class initialized using 'CodeIgniter\Session\Handlers\FileHandler' driver.
DEBUG - 2025-05-23 15:14:47 --> Session: Class initialized using 'CodeIgniter\Session\Handlers\FileHandler' driver.
DEBUG - 2025-05-23 15:14:48 --> Session: Class initialized using 'CodeIgniter\Session\Handlers\FileHandler' driver.
DEBUG - 2025-05-23 15:14:52 --> Session: Class initialized using 'CodeIgniter\Session\Handlers\FileHandler' driver.
CRITICAL - 2025-05-23 15:14:53 --> ParseError: syntax error, unexpected end of file, expecting "elseif" or "else" or "endif"
[Method: GET, Route: /]
in APPPATH\Views\base\header.php on line 41.
 1 VENDORPATH\codeigniter4\framework\system\View\View.php(227): CodeIgniter\View\View->CodeIgniter\View\{closure}()
 2 SYSTEMPATH\Common.php(1173): CodeIgniter\View\View->render('base/header', [], true)
 3 APPPATH\Libraries\Header.php(36): view('base/header', [...])
 4 VENDORPATH\codeigniter4\framework\system\View\Cell.php(289): App\Libraries\Header->load([])
 5 VENDORPATH\codeigniter4\framework\system\View\Cell.php(104): CodeIgniter\View\Cell->renderSimpleClass(Object(App\Libraries\Header), 'load', [], 'App\\Libraries\\Header')
 6 SYSTEMPATH\Common.php(1189): CodeIgniter\View\Cell->render('\\App\\Libraries\\Header::load', [], 0, 'AppLibrariesHeaderload40cd750bba9870f18aada2478b24840a')
 7 APPPATH\Views\base\base.php(17): view_cell('\\App\\Libraries\\Header::load')
 8 VENDORPATH\codeigniter4\framework\system\View\View.php(224): include('D:\\xampp\\htdocs\\portfolio\\ci_app\\app\\Views\\base\\base.php')
 9 VENDORPATH\codeigniter4\framework\system\View\View.php(227): CodeIgniter\View\View->CodeIgniter\View\{closure}()
10 VENDORPATH\codeigniter4\framework\system\View\View.php(240): CodeIgniter\View\View->render('base/base', [], true)
11 SYSTEMPATH\Common.php(1173): CodeIgniter\View\View->render('home', [], true)
12 APPPATH\Controllers\Home.php(13): view('home', [...])
13 VENDORPATH\codeigniter4\framework\system\CodeIgniter.php(933): App\Controllers\Home->index()
14 VENDORPATH\codeigniter4\framework\system\CodeIgniter.php(507): CodeIgniter\CodeIgniter->runController(Object(App\Controllers\Home))
15 VENDORPATH\codeigniter4\framework\system\CodeIgniter.php(354): CodeIgniter\CodeIgniter->handleRequest(null, Object(Config\Cache), false)
16 SYSTEMPATH\Boot.php(334): CodeIgniter\CodeIgniter->run()
17 SYSTEMPATH\Boot.php(67): CodeIgniter\Boot::runCodeIgniter(Object(CodeIgniter\CodeIgniter))
18 FCPATH\index.php(60): CodeIgniter\Boot::bootWeb(Object(Config\Paths))
DEBUG - 2025-05-23 15:15:28 --> Session: Class initialized using 'CodeIgniter\Session\Handlers\FileHandler' driver.
CRITICAL - 2025-05-23 15:15:29 --> ErrorException: Undefined variable $have_gallery
[Method: GET, Route: /]
in APPPATH\Views\base\header.php on line 18.
 1 APPPATH\Views\base\header.php(18): CodeIgniter\Debug\Exceptions->errorHandler(2, 'Undefined variable $have_gallery', 'D:\\xampp\\htdocs\\portfolio\\ci_app\\app\\Views\\base\\header.php', 18)
 2 VENDORPATH\codeigniter4\framework\system\View\View.php(224): include('D:\\xampp\\htdocs\\portfolio\\ci_app\\app\\Views\\base\\header.php')
 3 VENDORPATH\codeigniter4\framework\system\View\View.php(227): CodeIgniter\View\View->CodeIgniter\View\{closure}()
 4 SYSTEMPATH\Common.php(1173): CodeIgniter\View\View->render('base/header', [], true)
 5 APPPATH\Libraries\Header.php(36): view('base/header', [...])
 6 VENDORPATH\codeigniter4\framework\system\View\Cell.php(289): App\Libraries\Header->load([])
 7 VENDORPATH\codeigniter4\framework\system\View\Cell.php(104): CodeIgniter\View\Cell->renderSimpleClass(Object(App\Libraries\Header), 'load', [], 'App\\Libraries\\Header')
 8 SYSTEMPATH\Common.php(1189): CodeIgniter\View\Cell->render('\\App\\Libraries\\Header::load', [], 0, 'AppLibrariesHeaderload40cd750bba9870f18aada2478b24840a')
 9 APPPATH\Views\base\base.php(17): view_cell('\\App\\Libraries\\Header::load')
10 VENDORPATH\codeigniter4\framework\system\View\View.php(224): include('D:\\xampp\\htdocs\\portfolio\\ci_app\\app\\Views\\base\\base.php')
11 VENDORPATH\codeigniter4\framework\system\View\View.php(227): CodeIgniter\View\View->CodeIgniter\View\{closure}()
12 VENDORPATH\codeigniter4\framework\system\View\View.php(240): CodeIgniter\View\View->render('base/base', [], true)
13 SYSTEMPATH\Common.php(1173): CodeIgniter\View\View->render('home', [], true)
14 APPPATH\Controllers\Home.php(13): view('home', [...])
15 VENDORPATH\codeigniter4\framework\system\CodeIgniter.php(933): App\Controllers\Home->index()
16 VENDORPATH\codeigniter4\framework\system\CodeIgniter.php(507): CodeIgniter\CodeIgniter->runController(Object(App\Controllers\Home))
17 VENDORPATH\codeigniter4\framework\system\CodeIgniter.php(354): CodeIgniter\CodeIgniter->handleRequest(null, Object(Config\Cache), false)
18 SYSTEMPATH\Boot.php(334): CodeIgniter\CodeIgniter->run()
19 SYSTEMPATH\Boot.php(67): CodeIgniter\Boot::runCodeIgniter(Object(CodeIgniter\CodeIgniter))
20 FCPATH\index.php(60): CodeIgniter\Boot::bootWeb(Object(Config\Paths))
DEBUG - 2025-05-23 15:16:18 --> Session: Class initialized using 'CodeIgniter\Session\Handlers\FileHandler' driver.
DEBUG - 2025-05-23 15:16:29 --> Session: Class initialized using 'CodeIgniter\Session\Handlers\FileHandler' driver.
DEBUG - 2025-05-23 15:16:47 --> Session: Class initialized using 'CodeIgniter\Session\Handlers\FileHandler' driver.
DEBUG - 2025-05-23 15:17:30 --> Session: Class initialized using 'CodeIgniter\Session\Handlers\FileHandler' driver.
CRITICAL - 2025-05-23 15:17:34 --> CodeIgniter\Security\Exceptions\SecurityException: The action you requested is not allowed.
[Method: POST, Route: admin/login]
in VENDORPATH\codeigniter4\framework\system\Security\Security.php on line 262.
 1 VENDORPATH\codeigniter4\framework\system\Security\Security.php(262): CodeIgniter\Security\Exceptions\SecurityException::forDisallowedAction()
 2 VENDORPATH\codeigniter4\framework\system\Filters\CSRF.php(52): CodeIgniter\Security\Security->verify(Object(CodeIgniter\HTTP\IncomingRequest))
 3 VENDORPATH\codeigniter4\framework\system\Filters\Filters.php(241): CodeIgniter\Filters\CSRF->before(Object(CodeIgniter\HTTP\IncomingRequest), null)
 4 VENDORPATH\codeigniter4\framework\system\Filters\Filters.php(221): CodeIgniter\Filters\Filters->runBefore([...])
 5 VENDORPATH\codeigniter4\framework\system\CodeIgniter.php(479): CodeIgniter\Filters\Filters->run('admin/login', 'before')
 6 VENDORPATH\codeigniter4\framework\system\CodeIgniter.php(354): CodeIgniter\CodeIgniter->handleRequest(null, Object(Config\Cache), false)
 7 SYSTEMPATH\Boot.php(334): CodeIgniter\CodeIgniter->run()
 8 SYSTEMPATH\Boot.php(67): CodeIgniter\Boot::runCodeIgniter(Object(CodeIgniter\CodeIgniter))
 9 FCPATH\index.php(60): CodeIgniter\Boot::bootWeb(Object(Config\Paths))
DEBUG - 2025-05-23 15:17:45 --> Session: Class initialized using 'CodeIgniter\Session\Handlers\FileHandler' driver.
DEBUG - 2025-05-23 15:17:46 --> Session: Class initialized using 'CodeIgniter\Session\Handlers\FileHandler' driver.
DEBUG - 2025-05-23 15:17:47 --> Session: Class initialized using 'CodeIgniter\Session\Handlers\FileHandler' driver.
INFO - 2025-05-23 15:29:03 --> CSRF token verified.
DEBUG - 2025-05-23 15:29:03 --> Session: Class initialized using 'CodeIgniter\Session\Handlers\FileHandler' driver.
DEBUG - 2025-05-23 15:29:04 --> Session: Class initialized using 'CodeIgniter\Session\Handlers\FileHandler' driver.
INFO - 2025-05-23 15:29:13 --> CSRF token verified.
DEBUG - 2025-05-23 15:29:13 --> Session: Class initialized using 'CodeIgniter\Session\Handlers\FileHandler' driver.
DEBUG - 2025-05-23 15:29:13 --> Session: Class initialized using 'CodeIgniter\Session\Handlers\FileHandler' driver.
INFO - 2025-05-23 15:29:20 --> CSRF token verified.
DEBUG - 2025-05-23 15:29:20 --> Session: Class initialized using 'CodeIgniter\Session\Handlers\FileHandler' driver.
DEBUG - 2025-05-23 15:29:25 --> Session: Class initialized using 'CodeIgniter\Session\Handlers\FileHandler' driver.
INFO - 2025-05-23 15:29:42 --> CSRF token verified.
DEBUG - 2025-05-23 15:29:42 --> Session: Class initialized using 'CodeIgniter\Session\Handlers\FileHandler' driver.
DEBUG - 2025-05-23 15:29:42 --> Session: Class initialized using 'CodeIgniter\Session\Handlers\FileHandler' driver.
DEBUG - 2025-05-23 15:40:28 --> Session: Class initialized using 'CodeIgniter\Session\Handlers\FileHandler' driver.
DEBUG - 2025-05-23 15:40:28 --> Session: Class initialized using 'CodeIgniter\Session\Handlers\FileHandler' driver.
DEBUG - 2025-05-23 15:50:06 --> Session: Class initialized using 'CodeIgniter\Session\Handlers\FileHandler' driver.
DEBUG - 2025-05-23 15:50:24 --> Session: Class initialized using 'CodeIgniter\Session\Handlers\FileHandler' driver.
DEBUG - 2025-05-23 15:51:08 --> Session: Class initialized using 'CodeIgniter\Session\Handlers\FileHandler' driver.
DEBUG - 2025-05-23 16:06:24 --> Session: Class initialized using 'CodeIgniter\Session\Handlers\FileHandler' driver.
DEBUG - 2025-05-23 16:06:27 --> Session: Class initialized using 'CodeIgniter\Session\Handlers\FileHandler' driver.
DEBUG - 2025-05-23 16:06:31 --> Session: Class initialized using 'CodeIgniter\Session\Handlers\FileHandler' driver.
DEBUG - 2025-05-23 16:06:40 --> Session: Class initialized using 'CodeIgniter\Session\Handlers\FileHandler' driver.
DEBUG - 2025-05-23 18:00:25 --> Session: Class initialized using 'CodeIgniter\Session\Handlers\FileHandler' driver.
DEBUG - 2025-05-23 18:00:26 --> Session: Class initialized using 'CodeIgniter\Session\Handlers\FileHandler' driver.
DEBUG - 2025-05-23 19:00:50 --> Session: Class initialized using 'CodeIgniter\Session\Handlers\FileHandler' driver.
DEBUG - 2025-05-23 19:00:50 --> Session: Class initialized using 'CodeIgniter\Session\Handlers\FileHandler' driver.
DEBUG - 2025-05-23 19:13:19 --> Session: Class initialized using 'CodeIgniter\Session\Handlers\FileHandler' driver.
DEBUG - 2025-05-23 19:13:20 --> Session: Class initialized using 'CodeIgniter\Session\Handlers\FileHandler' driver.
INFO - 2025-05-23 19:13:23 --> CSRF token verified.
DEBUG - 2025-05-23 19:13:23 --> Session: Class initialized using 'CodeIgniter\Session\Handlers\FileHandler' driver.
DEBUG - 2025-05-23 19:13:28 --> Session: Class initialized using 'CodeIgniter\Session\Handlers\FileHandler' driver.
INFO - 2025-05-23 19:15:28 --> CSRF token verified.
DEBUG - 2025-05-23 19:15:28 --> Session: Class initialized using 'CodeIgniter\Session\Handlers\FileHandler' driver.
DEBUG - 2025-05-23 19:15:29 --> Session: Class initialized using 'CodeIgniter\Session\Handlers\FileHandler' driver.
DEBUG - 2025-05-23 19:15:34 --> Session: Class initialized using 'CodeIgniter\Session\Handlers\FileHandler' driver.
DEBUG - 2025-05-23 19:16:13 --> Session: Class initialized using 'CodeIgniter\Session\Handlers\FileHandler' driver.
DEBUG - 2025-05-23 19:16:31 --> Session: Class initialized using 'CodeIgniter\Session\Handlers\FileHandler' driver.
DEBUG - 2025-05-23 19:41:11 --> Session: Class initialized using 'CodeIgniter\Session\Handlers\FileHandler' driver.
DEBUG - 2025-05-23 19:42:25 --> Session: Class initialized using 'CodeIgniter\Session\Handlers\FileHandler' driver.
DEBUG - 2025-05-23 19:43:08 --> Session: Class initialized using 'CodeIgniter\Session\Handlers\FileHandler' driver.
DEBUG - 2025-05-23 19:43:09 --> Session: Class initialized using 'CodeIgniter\Session\Handlers\FileHandler' driver.
DEBUG - 2025-05-23 19:43:13 --> Session: Class initialized using 'CodeIgniter\Session\Handlers\FileHandler' driver.
DEBUG - 2025-05-23 19:48:10 --> Session: Class initialized using 'CodeIgniter\Session\Handlers\FileHandler' driver.
DEBUG - 2025-05-23 20:05:15 --> Session: Class initialized using 'CodeIgniter\Session\Handlers\FileHandler' driver.
DEBUG - 2025-05-23 20:05:16 --> Session: Class initialized using 'CodeIgniter\Session\Handlers\FileHandler' driver.
DEBUG - 2025-05-23 21:06:59 --> Session: Class initialized using 'CodeIgniter\Session\Handlers\FileHandler' driver.
DEBUG - 2025-05-23 21:07:00 --> Session: Class initialized using 'CodeIgniter\Session\Handlers\FileHandler' driver.
