DEBUG - 2025-08-02 18:50:34 --> Session: Class initialized using 'CodeIgniter\Session\Handlers\FileHandler' driver.
DEBUG - 2025-08-02 18:50:42 --> Session: Class initialized using 'CodeIgniter\Session\Handlers\FileHandler' driver.
DEBUG - 2025-08-02 18:50:42 --> Session: Class initialized using 'CodeIgniter\Session\Handlers\FileHandler' driver.
INFO - 2025-08-02 18:50:46 --> CSRF token verified.
DEBUG - 2025-08-02 18:50:46 --> Session: Class initialized using 'CodeIgniter\Session\Handlers\FileHandler' driver.
DEBUG - 2025-08-02 18:50:46 --> Session: Class initialized using 'CodeIgniter\Session\Handlers\FileHandler' driver.
DEBUG - 2025-08-02 18:50:47 --> Session: Class initialized using 'CodeIgniter\Session\Handlers\FileHandler' driver.
DEBUG - 2025-08-02 18:50:52 --> Session: Class initialized using 'CodeIgniter\Session\Handlers\FileHandler' driver.
DEBUG - 2025-08-02 18:50:54 --> Session: Class initialized using 'CodeIgniter\Session\Handlers\FileHandler' driver.
INFO - 2025-08-02 18:51:04 --> CSRF token verified.
DEBUG - 2025-08-02 18:51:04 --> Session: Class initialized using 'CodeIgniter\Session\Handlers\FileHandler' driver.
DEBUG - 2025-08-02 18:51:04 --> Session: Class initialized using 'CodeIgniter\Session\Handlers\FileHandler' driver.
DEBUG - 2025-08-02 18:51:07 --> Session: Class initialized using 'CodeIgniter\Session\Handlers\FileHandler' driver.
DEBUG - 2025-08-02 18:51:10 --> Session: Class initialized using 'CodeIgniter\Session\Handlers\FileHandler' driver.
INFO - 2025-08-02 18:51:24 --> CSRF token verified.
DEBUG - 2025-08-02 18:51:24 --> Session: Class initialized using 'CodeIgniter\Session\Handlers\FileHandler' driver.
DEBUG - 2025-08-02 18:51:24 --> Session: Class initialized using 'CodeIgniter\Session\Handlers\FileHandler' driver.
INFO - 2025-08-02 18:51:35 --> CSRF token verified.
DEBUG - 2025-08-02 18:51:35 --> Session: Class initialized using 'CodeIgniter\Session\Handlers\FileHandler' driver.
DEBUG - 2025-08-02 18:51:36 --> Session: Class initialized using 'CodeIgniter\Session\Handlers\FileHandler' driver.
INFO - 2025-08-02 18:51:44 --> CSRF token verified.
DEBUG - 2025-08-02 18:51:44 --> Session: Class initialized using 'CodeIgniter\Session\Handlers\FileHandler' driver.
DEBUG - 2025-08-02 18:51:45 --> Session: Class initialized using 'CodeIgniter\Session\Handlers\FileHandler' driver.
DEBUG - 2025-08-02 18:51:47 --> Session: Class initialized using 'CodeIgniter\Session\Handlers\FileHandler' driver.
DEBUG - 2025-08-02 18:51:49 --> Session: Class initialized using 'CodeIgniter\Session\Handlers\FileHandler' driver.
INFO - 2025-08-02 18:52:00 --> CSRF token verified.
DEBUG - 2025-08-02 18:52:00 --> Session: Class initialized using 'CodeIgniter\Session\Handlers\FileHandler' driver.
ERROR - 2025-08-02 18:52:00 --> Exception: NOT NULL constraint failed: gallery_project.projects_id in D:\xampp\htdocs\portfolio\ci_app\vendor\codeigniter4\framework\system\Database\SQLite3\Connection.php:175
Stack trace:
#0 D:\xampp\htdocs\portfolio\ci_app\vendor\codeigniter4\framework\system\Database\SQLite3\Connection.php(175): SQLite3->exec('INSERT INTO `ga...')
#1 D:\xampp\htdocs\portfolio\ci_app\vendor\codeigniter4\framework\system\Database\BaseConnection.php(738): CodeIgniter\Database\SQLite3\Connection->execute('INSERT INTO `ga...')
#2 D:\xampp\htdocs\portfolio\ci_app\vendor\codeigniter4\framework\system\Database\BaseConnection.php(652): CodeIgniter\Database\BaseConnection->simpleQuery('INSERT INTO `ga...')
#3 D:\xampp\htdocs\portfolio\ci_app\vendor\codeigniter4\framework\system\Database\BaseBuilder.php(2345): CodeIgniter\Database\BaseConnection->query('INSERT INTO `ga...', Array, false)
#4 D:\xampp\htdocs\portfolio\ci_app\app\Models\Gallery.php(30): CodeIgniter\Database\BaseBuilder->insert(Array)
#5 D:\xampp\htdocs\portfolio\ci_app\app\Controllers\Admin\Gallery.php(223): App\Models\Gallery->addProject(2, NULL)
#6 D:\xampp\htdocs\portfolio\ci_app\vendor\codeigniter4\framework\system\CodeIgniter.php(933): App\Controllers\Admin\Gallery->newGallery()
#7 D:\xampp\htdocs\portfolio\ci_app\vendor\codeigniter4\framework\system\CodeIgniter.php(507): CodeIgniter\CodeIgniter->runController(Object(App\Controllers\Admin\Gallery))
#8 D:\xampp\htdocs\portfolio\ci_app\vendor\codeigniter4\framework\system\CodeIgniter.php(354): CodeIgniter\CodeIgniter->handleRequest(NULL, Object(Config\Cache), false)
#9 D:\xampp\htdocs\portfolio\ci_app\system\Boot.php(334): CodeIgniter\CodeIgniter->run()
#10 D:\xampp\htdocs\portfolio\ci_app\system\Boot.php(67): CodeIgniter\Boot::runCodeIgniter(Object(CodeIgniter\CodeIgniter))
#11 D:\xampp\htdocs\portfolio\public_html\index.php(60): CodeIgniter\Boot::bootWeb(Object(Config\Paths))
#12 {main}
CRITICAL - 2025-08-02 18:52:00 --> CodeIgniter\Database\Exceptions\DatabaseException: NOT NULL constraint failed: gallery_project.projects_id
[Method: POST, Route: admin/gallery/new-gallery]
in VENDORPATH\codeigniter4\framework\system\Database\BaseConnection.php on line 692.
 1 VENDORPATH\codeigniter4\framework\system\Database\BaseBuilder.php(2345): CodeIgniter\Database\BaseConnection->query('INSERT INTO `gallery_project` (`gallery_id`, `projects_id`) VALUES (:gallery_id:, :projects_id:)', [...], false)
 2 APPPATH\Models\Gallery.php(30): CodeIgniter\Database\BaseBuilder->insert([...])
 3 APPPATH\Controllers\Admin\Gallery.php(223): App\Models\Gallery->addProject(2, null)
 4 VENDORPATH\codeigniter4\framework\system\CodeIgniter.php(933): App\Controllers\Admin\Gallery->newGallery()
 5 VENDORPATH\codeigniter4\framework\system\CodeIgniter.php(507): CodeIgniter\CodeIgniter->runController(Object(App\Controllers\Admin\Gallery))
 6 VENDORPATH\codeigniter4\framework\system\CodeIgniter.php(354): CodeIgniter\CodeIgniter->handleRequest(null, Object(Config\Cache), false)
 7 SYSTEMPATH\Boot.php(334): CodeIgniter\CodeIgniter->run()
 8 SYSTEMPATH\Boot.php(67): CodeIgniter\Boot::runCodeIgniter(Object(CodeIgniter\CodeIgniter))
 9 FCPATH\index.php(60): CodeIgniter\Boot::bootWeb(Object(Config\Paths))
CRITICAL - 2025-08-02 18:52:00 --> [Caused by] CodeIgniter\Database\Exceptions\DatabaseException: NOT NULL constraint failed: gallery_project.projects_id
in VENDORPATH\codeigniter4\framework\system\Database\SQLite3\Connection.php on line 181.
 1 VENDORPATH\codeigniter4\framework\system\Database\BaseConnection.php(738): CodeIgniter\Database\SQLite3\Connection->execute('INSERT INTO `gallery_project` (`gallery_id`, `projects_id`) VALUES (2, NULL)')
 2 VENDORPATH\codeigniter4\framework\system\Database\BaseConnection.php(652): CodeIgniter\Database\BaseConnection->simpleQuery('INSERT INTO `gallery_project` (`gallery_id`, `projects_id`) VALUES (2, NULL)')
 3 VENDORPATH\codeigniter4\framework\system\Database\BaseBuilder.php(2345): CodeIgniter\Database\BaseConnection->query('INSERT INTO `gallery_project` (`gallery_id`, `projects_id`) VALUES (:gallery_id:, :projects_id:)', [...], false)
 4 APPPATH\Models\Gallery.php(30): CodeIgniter\Database\BaseBuilder->insert([...])
 5 APPPATH\Controllers\Admin\Gallery.php(223): App\Models\Gallery->addProject(2, null)
 6 VENDORPATH\codeigniter4\framework\system\CodeIgniter.php(933): App\Controllers\Admin\Gallery->newGallery()
 7 VENDORPATH\codeigniter4\framework\system\CodeIgniter.php(507): CodeIgniter\CodeIgniter->runController(Object(App\Controllers\Admin\Gallery))
 8 VENDORPATH\codeigniter4\framework\system\CodeIgniter.php(354): CodeIgniter\CodeIgniter->handleRequest(null, Object(Config\Cache), false)
 9 SYSTEMPATH\Boot.php(334): CodeIgniter\CodeIgniter->run()
10 SYSTEMPATH\Boot.php(67): CodeIgniter\Boot::runCodeIgniter(Object(CodeIgniter\CodeIgniter))
11 FCPATH\index.php(60): CodeIgniter\Boot::bootWeb(Object(Config\Paths))
CRITICAL - 2025-08-02 18:52:00 --> [Caused by] Exception: NOT NULL constraint failed: gallery_project.projects_id
in VENDORPATH\codeigniter4\framework\system\Database\SQLite3\Connection.php on line 175.
 1 VENDORPATH\codeigniter4\framework\system\Database\SQLite3\Connection.php(175): SQLite3->exec('INSERT INTO `gallery_project` (`gallery_id`, `projects_id`) VALUES (2, NULL)')
 2 VENDORPATH\codeigniter4\framework\system\Database\BaseConnection.php(738): CodeIgniter\Database\SQLite3\Connection->execute('INSERT INTO `gallery_project` (`gallery_id`, `projects_id`) VALUES (2, NULL)')
 3 VENDORPATH\codeigniter4\framework\system\Database\BaseConnection.php(652): CodeIgniter\Database\BaseConnection->simpleQuery('INSERT INTO `gallery_project` (`gallery_id`, `projects_id`) VALUES (2, NULL)')
 4 VENDORPATH\codeigniter4\framework\system\Database\BaseBuilder.php(2345): CodeIgniter\Database\BaseConnection->query('INSERT INTO `gallery_project` (`gallery_id`, `projects_id`) VALUES (:gallery_id:, :projects_id:)', [...], false)
 5 APPPATH\Models\Gallery.php(30): CodeIgniter\Database\BaseBuilder->insert([...])
 6 APPPATH\Controllers\Admin\Gallery.php(223): App\Models\Gallery->addProject(2, null)
 7 VENDORPATH\codeigniter4\framework\system\CodeIgniter.php(933): App\Controllers\Admin\Gallery->newGallery()
 8 VENDORPATH\codeigniter4\framework\system\CodeIgniter.php(507): CodeIgniter\CodeIgniter->runController(Object(App\Controllers\Admin\Gallery))
 9 VENDORPATH\codeigniter4\framework\system\CodeIgniter.php(354): CodeIgniter\CodeIgniter->handleRequest(null, Object(Config\Cache), false)
10 SYSTEMPATH\Boot.php(334): CodeIgniter\CodeIgniter->run()
11 SYSTEMPATH\Boot.php(67): CodeIgniter\Boot::runCodeIgniter(Object(CodeIgniter\CodeIgniter))
12 FCPATH\index.php(60): CodeIgniter\Boot::bootWeb(Object(Config\Paths))
DEBUG - 2025-08-02 18:57:43 --> Session: Class initialized using 'CodeIgniter\Session\Handlers\FileHandler' driver.
INFO - 2025-08-02 18:57:51 --> CSRF token verified.
DEBUG - 2025-08-02 18:57:51 --> Session: Class initialized using 'CodeIgniter\Session\Handlers\FileHandler' driver.
ERROR - 2025-08-02 18:57:51 --> Exception: NOT NULL constraint failed: gallery_project.projects_id in D:\xampp\htdocs\portfolio\ci_app\vendor\codeigniter4\framework\system\Database\SQLite3\Connection.php:175
Stack trace:
#0 D:\xampp\htdocs\portfolio\ci_app\vendor\codeigniter4\framework\system\Database\SQLite3\Connection.php(175): SQLite3->exec('INSERT INTO `ga...')
#1 D:\xampp\htdocs\portfolio\ci_app\vendor\codeigniter4\framework\system\Database\BaseConnection.php(738): CodeIgniter\Database\SQLite3\Connection->execute('INSERT INTO `ga...')
#2 D:\xampp\htdocs\portfolio\ci_app\vendor\codeigniter4\framework\system\Database\BaseConnection.php(652): CodeIgniter\Database\BaseConnection->simpleQuery('INSERT INTO `ga...')
#3 D:\xampp\htdocs\portfolio\ci_app\vendor\codeigniter4\framework\system\Database\BaseBuilder.php(2345): CodeIgniter\Database\BaseConnection->query('INSERT INTO `ga...', Array, false)
#4 D:\xampp\htdocs\portfolio\ci_app\app\Models\Gallery.php(30): CodeIgniter\Database\BaseBuilder->insert(Array)
#5 D:\xampp\htdocs\portfolio\ci_app\app\Controllers\Admin\Gallery.php(225): App\Models\Gallery->addProject(3, NULL)
#6 D:\xampp\htdocs\portfolio\ci_app\vendor\codeigniter4\framework\system\CodeIgniter.php(933): App\Controllers\Admin\Gallery->newGallery()
#7 D:\xampp\htdocs\portfolio\ci_app\vendor\codeigniter4\framework\system\CodeIgniter.php(507): CodeIgniter\CodeIgniter->runController(Object(App\Controllers\Admin\Gallery))
#8 D:\xampp\htdocs\portfolio\ci_app\vendor\codeigniter4\framework\system\CodeIgniter.php(354): CodeIgniter\CodeIgniter->handleRequest(NULL, Object(Config\Cache), false)
#9 D:\xampp\htdocs\portfolio\ci_app\system\Boot.php(334): CodeIgniter\CodeIgniter->run()
#10 D:\xampp\htdocs\portfolio\ci_app\system\Boot.php(67): CodeIgniter\Boot::runCodeIgniter(Object(CodeIgniter\CodeIgniter))
#11 D:\xampp\htdocs\portfolio\public_html\index.php(60): CodeIgniter\Boot::bootWeb(Object(Config\Paths))
#12 {main}
CRITICAL - 2025-08-02 18:57:51 --> CodeIgniter\Database\Exceptions\DatabaseException: NOT NULL constraint failed: gallery_project.projects_id
[Method: POST, Route: admin/gallery/new-gallery]
in VENDORPATH\codeigniter4\framework\system\Database\BaseConnection.php on line 692.
 1 VENDORPATH\codeigniter4\framework\system\Database\BaseBuilder.php(2345): CodeIgniter\Database\BaseConnection->query('INSERT INTO `gallery_project` (`gallery_id`, `projects_id`) VALUES (:gallery_id:, :projects_id:)', [...], false)
 2 APPPATH\Models\Gallery.php(30): CodeIgniter\Database\BaseBuilder->insert([...])
 3 APPPATH\Controllers\Admin\Gallery.php(225): App\Models\Gallery->addProject(3, null)
 4 VENDORPATH\codeigniter4\framework\system\CodeIgniter.php(933): App\Controllers\Admin\Gallery->newGallery()
 5 VENDORPATH\codeigniter4\framework\system\CodeIgniter.php(507): CodeIgniter\CodeIgniter->runController(Object(App\Controllers\Admin\Gallery))
 6 VENDORPATH\codeigniter4\framework\system\CodeIgniter.php(354): CodeIgniter\CodeIgniter->handleRequest(null, Object(Config\Cache), false)
 7 SYSTEMPATH\Boot.php(334): CodeIgniter\CodeIgniter->run()
 8 SYSTEMPATH\Boot.php(67): CodeIgniter\Boot::runCodeIgniter(Object(CodeIgniter\CodeIgniter))
 9 FCPATH\index.php(60): CodeIgniter\Boot::bootWeb(Object(Config\Paths))
CRITICAL - 2025-08-02 18:57:51 --> [Caused by] CodeIgniter\Database\Exceptions\DatabaseException: NOT NULL constraint failed: gallery_project.projects_id
in VENDORPATH\codeigniter4\framework\system\Database\SQLite3\Connection.php on line 181.
 1 VENDORPATH\codeigniter4\framework\system\Database\BaseConnection.php(738): CodeIgniter\Database\SQLite3\Connection->execute('INSERT INTO `gallery_project` (`gallery_id`, `projects_id`) VALUES (3, NULL)')
 2 VENDORPATH\codeigniter4\framework\system\Database\BaseConnection.php(652): CodeIgniter\Database\BaseConnection->simpleQuery('INSERT INTO `gallery_project` (`gallery_id`, `projects_id`) VALUES (3, NULL)')
 3 VENDORPATH\codeigniter4\framework\system\Database\BaseBuilder.php(2345): CodeIgniter\Database\BaseConnection->query('INSERT INTO `gallery_project` (`gallery_id`, `projects_id`) VALUES (:gallery_id:, :projects_id:)', [...], false)
 4 APPPATH\Models\Gallery.php(30): CodeIgniter\Database\BaseBuilder->insert([...])
 5 APPPATH\Controllers\Admin\Gallery.php(225): App\Models\Gallery->addProject(3, null)
 6 VENDORPATH\codeigniter4\framework\system\CodeIgniter.php(933): App\Controllers\Admin\Gallery->newGallery()
 7 VENDORPATH\codeigniter4\framework\system\CodeIgniter.php(507): CodeIgniter\CodeIgniter->runController(Object(App\Controllers\Admin\Gallery))
 8 VENDORPATH\codeigniter4\framework\system\CodeIgniter.php(354): CodeIgniter\CodeIgniter->handleRequest(null, Object(Config\Cache), false)
 9 SYSTEMPATH\Boot.php(334): CodeIgniter\CodeIgniter->run()
10 SYSTEMPATH\Boot.php(67): CodeIgniter\Boot::runCodeIgniter(Object(CodeIgniter\CodeIgniter))
11 FCPATH\index.php(60): CodeIgniter\Boot::bootWeb(Object(Config\Paths))
CRITICAL - 2025-08-02 18:57:51 --> [Caused by] Exception: NOT NULL constraint failed: gallery_project.projects_id
in VENDORPATH\codeigniter4\framework\system\Database\SQLite3\Connection.php on line 175.
 1 VENDORPATH\codeigniter4\framework\system\Database\SQLite3\Connection.php(175): SQLite3->exec('INSERT INTO `gallery_project` (`gallery_id`, `projects_id`) VALUES (3, NULL)')
 2 VENDORPATH\codeigniter4\framework\system\Database\BaseConnection.php(738): CodeIgniter\Database\SQLite3\Connection->execute('INSERT INTO `gallery_project` (`gallery_id`, `projects_id`) VALUES (3, NULL)')
 3 VENDORPATH\codeigniter4\framework\system\Database\BaseConnection.php(652): CodeIgniter\Database\BaseConnection->simpleQuery('INSERT INTO `gallery_project` (`gallery_id`, `projects_id`) VALUES (3, NULL)')
 4 VENDORPATH\codeigniter4\framework\system\Database\BaseBuilder.php(2345): CodeIgniter\Database\BaseConnection->query('INSERT INTO `gallery_project` (`gallery_id`, `projects_id`) VALUES (:gallery_id:, :projects_id:)', [...], false)
 5 APPPATH\Models\Gallery.php(30): CodeIgniter\Database\BaseBuilder->insert([...])
 6 APPPATH\Controllers\Admin\Gallery.php(225): App\Models\Gallery->addProject(3, null)
 7 VENDORPATH\codeigniter4\framework\system\CodeIgniter.php(933): App\Controllers\Admin\Gallery->newGallery()
 8 VENDORPATH\codeigniter4\framework\system\CodeIgniter.php(507): CodeIgniter\CodeIgniter->runController(Object(App\Controllers\Admin\Gallery))
 9 VENDORPATH\codeigniter4\framework\system\CodeIgniter.php(354): CodeIgniter\CodeIgniter->handleRequest(null, Object(Config\Cache), false)
10 SYSTEMPATH\Boot.php(334): CodeIgniter\CodeIgniter->run()
11 SYSTEMPATH\Boot.php(67): CodeIgniter\Boot::runCodeIgniter(Object(CodeIgniter\CodeIgniter))
12 FCPATH\index.php(60): CodeIgniter\Boot::bootWeb(Object(Config\Paths))
DEBUG - 2025-08-02 18:58:11 --> Session: Class initialized using 'CodeIgniter\Session\Handlers\FileHandler' driver.
INFO - 2025-08-02 18:58:16 --> CSRF token verified.
DEBUG - 2025-08-02 18:58:16 --> Session: Class initialized using 'CodeIgniter\Session\Handlers\FileHandler' driver.
DEBUG - 2025-08-02 19:00:19 --> Session: Class initialized using 'CodeIgniter\Session\Handlers\FileHandler' driver.
INFO - 2025-08-02 19:00:23 --> CSRF token verified.
DEBUG - 2025-08-02 19:00:23 --> Session: Class initialized using 'CodeIgniter\Session\Handlers\FileHandler' driver.
DEBUG - 2025-08-02 19:00:24 --> Session: Class initialized using 'CodeIgniter\Session\Handlers\FileHandler' driver.
DEBUG - 2025-08-02 19:00:31 --> Session: Class initialized using 'CodeIgniter\Session\Handlers\FileHandler' driver.
INFO - 2025-08-02 19:00:34 --> CSRF token verified.
DEBUG - 2025-08-02 19:00:34 --> Session: Class initialized using 'CodeIgniter\Session\Handlers\FileHandler' driver.
DEBUG - 2025-08-02 19:00:35 --> Session: Class initialized using 'CodeIgniter\Session\Handlers\FileHandler' driver.
DEBUG - 2025-08-02 19:00:36 --> Session: Class initialized using 'CodeIgniter\Session\Handlers\FileHandler' driver.
INFO - 2025-08-02 19:00:39 --> CSRF token verified.
DEBUG - 2025-08-02 19:00:39 --> Session: Class initialized using 'CodeIgniter\Session\Handlers\FileHandler' driver.
DEBUG - 2025-08-02 19:00:39 --> Session: Class initialized using 'CodeIgniter\Session\Handlers\FileHandler' driver.
DEBUG - 2025-08-02 19:00:43 --> Session: Class initialized using 'CodeIgniter\Session\Handlers\FileHandler' driver.
DEBUG - 2025-08-02 19:00:45 --> Session: Class initialized using 'CodeIgniter\Session\Handlers\FileHandler' driver.
DEBUG - 2025-08-02 19:00:48 --> Session: Class initialized using 'CodeIgniter\Session\Handlers\FileHandler' driver.
INFO - 2025-08-02 19:01:01 --> CSRF token verified.
DEBUG - 2025-08-02 19:01:01 --> Session: Class initialized using 'CodeIgniter\Session\Handlers\FileHandler' driver.
DEBUG - 2025-08-02 19:01:01 --> Session: Class initialized using 'CodeIgniter\Session\Handlers\FileHandler' driver.
DEBUG - 2025-08-02 19:01:11 --> Session: Class initialized using 'CodeIgniter\Session\Handlers\FileHandler' driver.
DEBUG - 2025-08-02 19:01:13 --> Session: Class initialized using 'CodeIgniter\Session\Handlers\FileHandler' driver.
DEBUG - 2025-08-02 19:06:11 --> Session: Class initialized using 'CodeIgniter\Session\Handlers\FileHandler' driver.
DEBUG - 2025-08-02 19:06:13 --> Session: Class initialized using 'CodeIgniter\Session\Handlers\FileHandler' driver.
DEBUG - 2025-08-02 19:06:18 --> Session: Class initialized using 'CodeIgniter\Session\Handlers\FileHandler' driver.
INFO - 2025-08-02 19:06:21 --> CSRF token verified.
DEBUG - 2025-08-02 19:06:21 --> Session: Class initialized using 'CodeIgniter\Session\Handlers\FileHandler' driver.
CRITICAL - 2025-08-02 19:06:21 --> ErrorException: Undefined array key "id"
[Method: POST, Route: admin/gallery/detail/edit]
in APPPATH\Controllers\Admin\Gallery.php on line 373.
 1 APPPATH\Controllers\Admin\Gallery.php(373): CodeIgniter\Debug\Exceptions->errorHandler(2, 'Undefined array key "id"', 'D:\\xampp\\htdocs\\portfolio\\ci_app\\app\\Controllers\\Admin\\Gallery.php', 373)
 2 VENDORPATH\codeigniter4\framework\system\CodeIgniter.php(933): App\Controllers\Admin\Gallery->editgalleryimage()
 3 VENDORPATH\codeigniter4\framework\system\CodeIgniter.php(507): CodeIgniter\CodeIgniter->runController(Object(App\Controllers\Admin\Gallery))
 4 VENDORPATH\codeigniter4\framework\system\CodeIgniter.php(354): CodeIgniter\CodeIgniter->handleRequest(null, Object(Config\Cache), false)
 5 SYSTEMPATH\Boot.php(334): CodeIgniter\CodeIgniter->run()
 6 SYSTEMPATH\Boot.php(67): CodeIgniter\Boot::runCodeIgniter(Object(CodeIgniter\CodeIgniter))
 7 FCPATH\index.php(60): CodeIgniter\Boot::bootWeb(Object(Config\Paths))
DEBUG - 2025-08-02 19:09:41 --> Session: Class initialized using 'CodeIgniter\Session\Handlers\FileHandler' driver.
INFO - 2025-08-02 19:09:45 --> CSRF token verified.
DEBUG - 2025-08-02 19:09:45 --> Session: Class initialized using 'CodeIgniter\Session\Handlers\FileHandler' driver.
CRITICAL - 2025-08-02 19:09:45 --> ErrorException: Trying to access array offset on value of type null
[Method: POST, Route: admin/gallery/detail/edit]
in APPPATH\Controllers\Admin\Gallery.php on line 373.
 1 APPPATH\Controllers\Admin\Gallery.php(373): CodeIgniter\Debug\Exceptions->errorHandler(2, 'Trying to access array offset on value of type null', 'D:\\xampp\\htdocs\\portfolio\\ci_app\\app\\Controllers\\Admin\\Gallery.php', 373)
 2 VENDORPATH\codeigniter4\framework\system\CodeIgniter.php(933): App\Controllers\Admin\Gallery->editgalleryimage()
 3 VENDORPATH\codeigniter4\framework\system\CodeIgniter.php(507): CodeIgniter\CodeIgniter->runController(Object(App\Controllers\Admin\Gallery))
 4 VENDORPATH\codeigniter4\framework\system\CodeIgniter.php(354): CodeIgniter\CodeIgniter->handleRequest(null, Object(Config\Cache), false)
 5 SYSTEMPATH\Boot.php(334): CodeIgniter\CodeIgniter->run()
 6 SYSTEMPATH\Boot.php(67): CodeIgniter\Boot::runCodeIgniter(Object(CodeIgniter\CodeIgniter))
 7 FCPATH\index.php(60): CodeIgniter\Boot::bootWeb(Object(Config\Paths))
DEBUG - 2025-08-02 19:18:05 --> Session: Class initialized using 'CodeIgniter\Session\Handlers\FileHandler' driver.
INFO - 2025-08-02 19:18:08 --> CSRF token verified.
DEBUG - 2025-08-02 19:18:08 --> Session: Class initialized using 'CodeIgniter\Session\Handlers\FileHandler' driver.
CRITICAL - 2025-08-02 19:18:57 --> CodeIgniter\Security\Exceptions\SecurityException: The action you requested is not allowed.
[Method: POST, Route: admin/gallery/detail/edit]
in VENDORPATH\codeigniter4\framework\system\Security\Security.php on line 262.
 1 VENDORPATH\codeigniter4\framework\system\Security\Security.php(262): CodeIgniter\Security\Exceptions\SecurityException::forDisallowedAction()
 2 VENDORPATH\codeigniter4\framework\system\Filters\CSRF.php(52): CodeIgniter\Security\Security->verify(Object(CodeIgniter\HTTP\IncomingRequest))
 3 VENDORPATH\codeigniter4\framework\system\Filters\Filters.php(241): CodeIgniter\Filters\CSRF->before(Object(CodeIgniter\HTTP\IncomingRequest), null)
 4 VENDORPATH\codeigniter4\framework\system\Filters\Filters.php(221): CodeIgniter\Filters\Filters->runBefore([...])
 5 VENDORPATH\codeigniter4\framework\system\CodeIgniter.php(479): CodeIgniter\Filters\Filters->run('admin/gallery/detail/edit', 'before')
 6 VENDORPATH\codeigniter4\framework\system\CodeIgniter.php(354): CodeIgniter\CodeIgniter->handleRequest(null, Object(Config\Cache), false)
 7 SYSTEMPATH\Boot.php(334): CodeIgniter\CodeIgniter->run()
 8 SYSTEMPATH\Boot.php(67): CodeIgniter\Boot::runCodeIgniter(Object(CodeIgniter\CodeIgniter))
 9 FCPATH\index.php(60): CodeIgniter\Boot::bootWeb(Object(Config\Paths))
DEBUG - 2025-08-02 19:18:58 --> Session: Class initialized using 'CodeIgniter\Session\Handlers\FileHandler' driver.
INFO - 2025-08-02 19:19:01 --> CSRF token verified.
DEBUG - 2025-08-02 19:19:01 --> Session: Class initialized using 'CodeIgniter\Session\Handlers\FileHandler' driver.
DEBUG - 2025-08-02 19:20:12 --> Session: Class initialized using 'CodeIgniter\Session\Handlers\FileHandler' driver.
INFO - 2025-08-02 19:20:15 --> CSRF token verified.
DEBUG - 2025-08-02 19:20:15 --> Session: Class initialized using 'CodeIgniter\Session\Handlers\FileHandler' driver.
DEBUG - 2025-08-02 19:20:39 --> Session: Class initialized using 'CodeIgniter\Session\Handlers\FileHandler' driver.
INFO - 2025-08-02 19:20:41 --> CSRF token verified.
DEBUG - 2025-08-02 19:20:41 --> Session: Class initialized using 'CodeIgniter\Session\Handlers\FileHandler' driver.
DEBUG - 2025-08-02 19:21:21 --> Session: Class initialized using 'CodeIgniter\Session\Handlers\FileHandler' driver.
INFO - 2025-08-02 19:21:24 --> CSRF token verified.
DEBUG - 2025-08-02 19:21:24 --> Session: Class initialized using 'CodeIgniter\Session\Handlers\FileHandler' driver.
DEBUG - 2025-08-02 19:24:08 --> Session: Class initialized using 'CodeIgniter\Session\Handlers\FileHandler' driver.
INFO - 2025-08-02 19:24:11 --> CSRF token verified.
DEBUG - 2025-08-02 19:24:11 --> Session: Class initialized using 'CodeIgniter\Session\Handlers\FileHandler' driver.
DEBUG - 2025-08-02 19:24:13 --> Session: Class initialized using 'CodeIgniter\Session\Handlers\FileHandler' driver.
DEBUG - 2025-08-02 19:24:31 --> Session: Class initialized using 'CodeIgniter\Session\Handlers\FileHandler' driver.
DEBUG - 2025-08-02 19:24:33 --> Session: Class initialized using 'CodeIgniter\Session\Handlers\FileHandler' driver.
DEBUG - 2025-08-02 19:24:38 --> Session: Class initialized using 'CodeIgniter\Session\Handlers\FileHandler' driver.
DEBUG - 2025-08-02 19:24:44 --> Session: Class initialized using 'CodeIgniter\Session\Handlers\FileHandler' driver.
DEBUG - 2025-08-02 19:24:54 --> Session: Class initialized using 'CodeIgniter\Session\Handlers\FileHandler' driver.
INFO - 2025-08-02 19:24:57 --> CSRF token verified.
DEBUG - 2025-08-02 19:24:57 --> Session: Class initialized using 'CodeIgniter\Session\Handlers\FileHandler' driver.
DEBUG - 2025-08-02 19:24:57 --> Session: Class initialized using 'CodeIgniter\Session\Handlers\FileHandler' driver.
DEBUG - 2025-08-02 19:25:07 --> Session: Class initialized using 'CodeIgniter\Session\Handlers\FileHandler' driver.
DEBUG - 2025-08-02 19:25:11 --> Session: Class initialized using 'CodeIgniter\Session\Handlers\FileHandler' driver.
DEBUG - 2025-08-02 19:25:12 --> Session: Class initialized using 'CodeIgniter\Session\Handlers\FileHandler' driver.
DEBUG - 2025-08-02 19:27:10 --> Session: Class initialized using 'CodeIgniter\Session\Handlers\FileHandler' driver.
DEBUG - 2025-08-02 19:27:13 --> Session: Class initialized using 'CodeIgniter\Session\Handlers\FileHandler' driver.
DEBUG - 2025-08-02 19:27:15 --> Session: Class initialized using 'CodeIgniter\Session\Handlers\FileHandler' driver.
INFO - 2025-08-02 19:27:17 --> CSRF token verified.
DEBUG - 2025-08-02 19:27:17 --> Session: Class initialized using 'CodeIgniter\Session\Handlers\FileHandler' driver.
DEBUG - 2025-08-02 19:27:54 --> Session: Class initialized using 'CodeIgniter\Session\Handlers\FileHandler' driver.
INFO - 2025-08-02 19:27:57 --> CSRF token verified.
DEBUG - 2025-08-02 19:27:57 --> Session: Class initialized using 'CodeIgniter\Session\Handlers\FileHandler' driver.
DEBUG - 2025-08-02 19:28:14 --> Session: Class initialized using 'CodeIgniter\Session\Handlers\FileHandler' driver.
DEBUG - 2025-08-02 19:28:16 --> Session: Class initialized using 'CodeIgniter\Session\Handlers\FileHandler' driver.
CRITICAL - 2025-08-02 19:28:16 --> Error: Cannot use object of type stdClass as array
[Method: GET, Route: admin/project/detail/1]
in APPPATH\Views\admin\projectdetail.php on line 88.
 1 VENDORPATH\codeigniter4\framework\system\View\View.php(224): include()
 2 VENDORPATH\codeigniter4\framework\system\View\View.php(227): CodeIgniter\View\View->CodeIgniter\View\{closure}()
 3 SYSTEMPATH\Common.php(1173): CodeIgniter\View\View->render('admin/projectdetail', [], true)
 4 APPPATH\Controllers\Admin\Projects.php(66): view('admin/projectdetail', [...])
 5 VENDORPATH\codeigniter4\framework\system\CodeIgniter.php(933): App\Controllers\Admin\Projects->projectdetail('1')
 6 VENDORPATH\codeigniter4\framework\system\CodeIgniter.php(507): CodeIgniter\CodeIgniter->runController(Object(App\Controllers\Admin\Projects))
 7 VENDORPATH\codeigniter4\framework\system\CodeIgniter.php(354): CodeIgniter\CodeIgniter->handleRequest(null, Object(Config\Cache), false)
 8 SYSTEMPATH\Boot.php(334): CodeIgniter\CodeIgniter->run()
 9 SYSTEMPATH\Boot.php(67): CodeIgniter\Boot::runCodeIgniter(Object(CodeIgniter\CodeIgniter))
10 FCPATH\index.php(60): CodeIgniter\Boot::bootWeb(Object(Config\Paths))
DEBUG - 2025-08-02 19:31:54 --> Session: Class initialized using 'CodeIgniter\Session\Handlers\FileHandler' driver.
DEBUG - 2025-08-02 19:32:03 --> Session: Class initialized using 'CodeIgniter\Session\Handlers\FileHandler' driver.
INFO - 2025-08-02 19:32:12 --> CSRF token verified.
DEBUG - 2025-08-02 19:32:12 --> Session: Class initialized using 'CodeIgniter\Session\Handlers\FileHandler' driver.
DEBUG - 2025-08-02 19:32:12 --> Session: Class initialized using 'CodeIgniter\Session\Handlers\FileHandler' driver.
DEBUG - 2025-08-02 19:32:21 --> Session: Class initialized using 'CodeIgniter\Session\Handlers\FileHandler' driver.
DEBUG - 2025-08-02 19:32:22 --> Session: Class initialized using 'CodeIgniter\Session\Handlers\FileHandler' driver.
DEBUG - 2025-08-02 19:35:49 --> Session: Class initialized using 'CodeIgniter\Session\Handlers\FileHandler' driver.
DEBUG - 2025-08-02 19:35:52 --> Session: Class initialized using 'CodeIgniter\Session\Handlers\FileHandler' driver.
DEBUG - 2025-08-02 19:35:54 --> Session: Class initialized using 'CodeIgniter\Session\Handlers\FileHandler' driver.
INFO - 2025-08-02 19:35:57 --> CSRF token verified.
DEBUG - 2025-08-02 19:35:57 --> Session: Class initialized using 'CodeIgniter\Session\Handlers\FileHandler' driver.
CRITICAL - 2025-08-02 19:35:57 --> TypeError: count(): Argument #1 ($value) must be of type Countable|array, null given
[Method: POST, Route: admin/gallery/detail/edit]
in APPPATH\Controllers\Admin\Gallery.php on line 373.
 1 APPPATH\Controllers\Admin\Gallery.php(373): count(null)
 2 VENDORPATH\codeigniter4\framework\system\CodeIgniter.php(933): App\Controllers\Admin\Gallery->editgalleryimage()
 3 VENDORPATH\codeigniter4\framework\system\CodeIgniter.php(507): CodeIgniter\CodeIgniter->runController(Object(App\Controllers\Admin\Gallery))
 4 VENDORPATH\codeigniter4\framework\system\CodeIgniter.php(354): CodeIgniter\CodeIgniter->handleRequest(null, Object(Config\Cache), false)
 5 SYSTEMPATH\Boot.php(334): CodeIgniter\CodeIgniter->run()
 6 SYSTEMPATH\Boot.php(67): CodeIgniter\Boot::runCodeIgniter(Object(CodeIgniter\CodeIgniter))
 7 FCPATH\index.php(60): CodeIgniter\Boot::bootWeb(Object(Config\Paths))
DEBUG - 2025-08-02 19:36:20 --> Session: Class initialized using 'CodeIgniter\Session\Handlers\FileHandler' driver.
INFO - 2025-08-02 19:36:22 --> CSRF token verified.
DEBUG - 2025-08-02 19:36:22 --> Session: Class initialized using 'CodeIgniter\Session\Handlers\FileHandler' driver.
DEBUG - 2025-08-02 19:36:23 --> Session: Class initialized using 'CodeIgniter\Session\Handlers\FileHandler' driver.
DEBUG - 2025-08-02 19:36:29 --> Session: Class initialized using 'CodeIgniter\Session\Handlers\FileHandler' driver.
DEBUG - 2025-08-02 19:36:30 --> Session: Class initialized using 'CodeIgniter\Session\Handlers\FileHandler' driver.
DEBUG - 2025-08-02 19:36:36 --> Session: Class initialized using 'CodeIgniter\Session\Handlers\FileHandler' driver.
INFO - 2025-08-02 19:36:44 --> CSRF token verified.
DEBUG - 2025-08-02 19:36:44 --> Session: Class initialized using 'CodeIgniter\Session\Handlers\FileHandler' driver.
DEBUG - 2025-08-02 19:36:44 --> Session: Class initialized using 'CodeIgniter\Session\Handlers\FileHandler' driver.
DEBUG - 2025-08-02 19:36:49 --> Session: Class initialized using 'CodeIgniter\Session\Handlers\FileHandler' driver.
DEBUG - 2025-08-02 19:36:50 --> Session: Class initialized using 'CodeIgniter\Session\Handlers\FileHandler' driver.
DEBUG - 2025-08-02 19:38:59 --> Session: Class initialized using 'CodeIgniter\Session\Handlers\FileHandler' driver.
DEBUG - 2025-08-02 19:39:05 --> Session: Class initialized using 'CodeIgniter\Session\Handlers\FileHandler' driver.
DEBUG - 2025-08-02 19:39:07 --> Session: Class initialized using 'CodeIgniter\Session\Handlers\FileHandler' driver.
DEBUG - 2025-08-02 19:39:08 --> Session: Class initialized using 'CodeIgniter\Session\Handlers\FileHandler' driver.
DEBUG - 2025-08-02 19:39:13 --> Session: Class initialized using 'CodeIgniter\Session\Handlers\FileHandler' driver.
DEBUG - 2025-08-02 19:39:17 --> Session: Class initialized using 'CodeIgniter\Session\Handlers\FileHandler' driver.
DEBUG - 2025-08-02 19:39:19 --> Session: Class initialized using 'CodeIgniter\Session\Handlers\FileHandler' driver.
DEBUG - 2025-08-02 19:39:21 --> Session: Class initialized using 'CodeIgniter\Session\Handlers\FileHandler' driver.
INFO - 2025-08-02 19:39:32 --> CSRF token verified.
DEBUG - 2025-08-02 19:39:32 --> Session: Class initialized using 'CodeIgniter\Session\Handlers\FileHandler' driver.
DEBUG - 2025-08-02 19:40:24 --> Session: Class initialized using 'CodeIgniter\Session\Handlers\FileHandler' driver.
DEBUG - 2025-08-02 19:40:27 --> Session: Class initialized using 'CodeIgniter\Session\Handlers\FileHandler' driver.
INFO - 2025-08-02 19:40:34 --> CSRF token verified.
DEBUG - 2025-08-02 19:40:34 --> Session: Class initialized using 'CodeIgniter\Session\Handlers\FileHandler' driver.
DEBUG - 2025-08-02 19:40:52 --> Session: Class initialized using 'CodeIgniter\Session\Handlers\FileHandler' driver.
INFO - 2025-08-02 19:40:58 --> CSRF token verified.
DEBUG - 2025-08-02 19:40:58 --> Session: Class initialized using 'CodeIgniter\Session\Handlers\FileHandler' driver.
DEBUG - 2025-08-02 19:42:41 --> Session: Class initialized using 'CodeIgniter\Session\Handlers\FileHandler' driver.
INFO - 2025-08-02 19:42:44 --> CSRF token verified.
DEBUG - 2025-08-02 19:42:44 --> Session: Class initialized using 'CodeIgniter\Session\Handlers\FileHandler' driver.
DEBUG - 2025-08-02 19:43:39 --> Session: Class initialized using 'CodeIgniter\Session\Handlers\FileHandler' driver.
DEBUG - 2025-08-02 19:44:07 --> Session: Class initialized using 'CodeIgniter\Session\Handlers\FileHandler' driver.
DEBUG - 2025-08-02 19:44:12 --> Session: Class initialized using 'CodeIgniter\Session\Handlers\FileHandler' driver.
INFO - 2025-08-02 19:44:16 --> CSRF token verified.
DEBUG - 2025-08-02 19:44:16 --> Session: Class initialized using 'CodeIgniter\Session\Handlers\FileHandler' driver.
DEBUG - 2025-08-02 19:44:16 --> Session: Class initialized using 'CodeIgniter\Session\Handlers\FileHandler' driver.
DEBUG - 2025-08-02 19:44:19 --> Session: Class initialized using 'CodeIgniter\Session\Handlers\FileHandler' driver.
INFO - 2025-08-02 19:44:22 --> CSRF token verified.
DEBUG - 2025-08-02 19:44:22 --> Session: Class initialized using 'CodeIgniter\Session\Handlers\FileHandler' driver.
DEBUG - 2025-08-02 19:44:23 --> Session: Class initialized using 'CodeIgniter\Session\Handlers\FileHandler' driver.
DEBUG - 2025-08-02 19:44:25 --> Session: Class initialized using 'CodeIgniter\Session\Handlers\FileHandler' driver.
INFO - 2025-08-02 19:44:27 --> CSRF token verified.
DEBUG - 2025-08-02 19:44:27 --> Session: Class initialized using 'CodeIgniter\Session\Handlers\FileHandler' driver.
DEBUG - 2025-08-02 19:44:28 --> Session: Class initialized using 'CodeIgniter\Session\Handlers\FileHandler' driver.
DEBUG - 2025-08-02 19:44:32 --> Session: Class initialized using 'CodeIgniter\Session\Handlers\FileHandler' driver.
DEBUG - 2025-08-02 19:44:35 --> Session: Class initialized using 'CodeIgniter\Session\Handlers\FileHandler' driver.
DEBUG - 2025-08-02 19:44:37 --> Session: Class initialized using 'CodeIgniter\Session\Handlers\FileHandler' driver.
INFO - 2025-08-02 19:44:41 --> CSRF token verified.
DEBUG - 2025-08-02 19:44:41 --> Session: Class initialized using 'CodeIgniter\Session\Handlers\FileHandler' driver.
DEBUG - 2025-08-02 19:44:41 --> Session: Class initialized using 'CodeIgniter\Session\Handlers\FileHandler' driver.
DEBUG - 2025-08-02 19:44:44 --> Session: Class initialized using 'CodeIgniter\Session\Handlers\FileHandler' driver.
DEBUG - 2025-08-02 19:46:51 --> Session: Class initialized using 'CodeIgniter\Session\Handlers\FileHandler' driver.
DEBUG - 2025-08-02 19:46:55 --> Session: Class initialized using 'CodeIgniter\Session\Handlers\FileHandler' driver.
DEBUG - 2025-08-02 19:46:58 --> Session: Class initialized using 'CodeIgniter\Session\Handlers\FileHandler' driver.
INFO - 2025-08-02 19:47:01 --> CSRF token verified.
DEBUG - 2025-08-02 19:47:01 --> Session: Class initialized using 'CodeIgniter\Session\Handlers\FileHandler' driver.
DEBUG - 2025-08-02 19:47:01 --> Session: Class initialized using 'CodeIgniter\Session\Handlers\FileHandler' driver.
DEBUG - 2025-08-02 19:47:10 --> Session: Class initialized using 'CodeIgniter\Session\Handlers\FileHandler' driver.
INFO - 2025-08-02 19:47:20 --> CSRF token verified.
DEBUG - 2025-08-02 19:47:20 --> Session: Class initialized using 'CodeIgniter\Session\Handlers\FileHandler' driver.
DEBUG - 2025-08-02 19:47:21 --> Session: Class initialized using 'CodeIgniter\Session\Handlers\FileHandler' driver.
DEBUG - 2025-08-02 19:47:39 --> Session: Class initialized using 'CodeIgniter\Session\Handlers\FileHandler' driver.
DEBUG - 2025-08-02 19:47:41 --> Session: Class initialized using 'CodeIgniter\Session\Handlers\FileHandler' driver.
DEBUG - 2025-08-02 19:47:44 --> Session: Class initialized using 'CodeIgniter\Session\Handlers\FileHandler' driver.
INFO - 2025-08-02 19:47:53 --> CSRF token verified.
DEBUG - 2025-08-02 19:47:53 --> Session: Class initialized using 'CodeIgniter\Session\Handlers\FileHandler' driver.
DEBUG - 2025-08-02 19:47:53 --> Session: Class initialized using 'CodeIgniter\Session\Handlers\FileHandler' driver.
INFO - 2025-08-02 19:48:07 --> CSRF token verified.
DEBUG - 2025-08-02 19:48:07 --> Session: Class initialized using 'CodeIgniter\Session\Handlers\FileHandler' driver.
DEBUG - 2025-08-02 19:48:07 --> Session: Class initialized using 'CodeIgniter\Session\Handlers\FileHandler' driver.
DEBUG - 2025-08-02 19:48:37 --> Session: Class initialized using 'CodeIgniter\Session\Handlers\FileHandler' driver.
DEBUG - 2025-08-02 19:48:39 --> Session: Class initialized using 'CodeIgniter\Session\Handlers\FileHandler' driver.
DEBUG - 2025-08-02 19:48:43 --> Session: Class initialized using 'CodeIgniter\Session\Handlers\FileHandler' driver.
DEBUG - 2025-08-02 19:48:46 --> Session: Class initialized using 'CodeIgniter\Session\Handlers\FileHandler' driver.
INFO - 2025-08-02 19:48:49 --> CSRF token verified.
DEBUG - 2025-08-02 19:48:49 --> Session: Class initialized using 'CodeIgniter\Session\Handlers\FileHandler' driver.
DEBUG - 2025-08-02 19:48:49 --> Session: Class initialized using 'CodeIgniter\Session\Handlers\FileHandler' driver.
DEBUG - 2025-08-02 19:48:53 --> Session: Class initialized using 'CodeIgniter\Session\Handlers\FileHandler' driver.
DEBUG - 2025-08-02 19:48:55 --> Session: Class initialized using 'CodeIgniter\Session\Handlers\FileHandler' driver.
DEBUG - 2025-08-02 19:48:57 --> Session: Class initialized using 'CodeIgniter\Session\Handlers\FileHandler' driver.
INFO - 2025-08-02 19:49:05 --> CSRF token verified.
DEBUG - 2025-08-02 19:49:05 --> Session: Class initialized using 'CodeIgniter\Session\Handlers\FileHandler' driver.
DEBUG - 2025-08-02 19:49:05 --> Session: Class initialized using 'CodeIgniter\Session\Handlers\FileHandler' driver.
DEBUG - 2025-08-02 19:49:11 --> Session: Class initialized using 'CodeIgniter\Session\Handlers\FileHandler' driver.
DEBUG - 2025-08-02 19:49:13 --> Session: Class initialized using 'CodeIgniter\Session\Handlers\FileHandler' driver.
DEBUG - 2025-08-02 19:49:21 --> Session: Class initialized using 'CodeIgniter\Session\Handlers\FileHandler' driver.
INFO - 2025-08-02 19:49:24 --> CSRF token verified.
DEBUG - 2025-08-02 19:49:24 --> Session: Class initialized using 'CodeIgniter\Session\Handlers\FileHandler' driver.
DEBUG - 2025-08-02 19:49:24 --> Session: Class initialized using 'CodeIgniter\Session\Handlers\FileHandler' driver.
DEBUG - 2025-08-02 19:49:27 --> Session: Class initialized using 'CodeIgniter\Session\Handlers\FileHandler' driver.
DEBUG - 2025-08-02 19:49:29 --> Session: Class initialized using 'CodeIgniter\Session\Handlers\FileHandler' driver.
DEBUG - 2025-08-02 19:49:31 --> Session: Class initialized using 'CodeIgniter\Session\Handlers\FileHandler' driver.
DEBUG - 2025-08-02 19:49:32 --> Session: Class initialized using 'CodeIgniter\Session\Handlers\FileHandler' driver.
DEBUG - 2025-08-02 19:49:36 --> Session: Class initialized using 'CodeIgniter\Session\Handlers\FileHandler' driver.
INFO - 2025-08-02 19:49:44 --> CSRF token verified.
DEBUG - 2025-08-02 19:49:44 --> Session: Class initialized using 'CodeIgniter\Session\Handlers\FileHandler' driver.
DEBUG - 2025-08-02 19:49:44 --> Session: Class initialized using 'CodeIgniter\Session\Handlers\FileHandler' driver.
DEBUG - 2025-08-02 19:52:04 --> Session: Class initialized using 'CodeIgniter\Session\Handlers\FileHandler' driver.
DEBUG - 2025-08-02 19:52:07 --> Session: Class initialized using 'CodeIgniter\Session\Handlers\FileHandler' driver.
INFO - 2025-08-02 19:52:10 --> CSRF token verified.
DEBUG - 2025-08-02 19:52:10 --> Session: Class initialized using 'CodeIgniter\Session\Handlers\FileHandler' driver.
DEBUG - 2025-08-02 19:52:10 --> Session: Class initialized using 'CodeIgniter\Session\Handlers\FileHandler' driver.
DEBUG - 2025-08-02 20:08:11 --> Session: Class initialized using 'CodeIgniter\Session\Handlers\FileHandler' driver.
DEBUG - 2025-08-02 20:08:19 --> Session: Class initialized using 'CodeIgniter\Session\Handlers\FileHandler' driver.
INFO - 2025-08-02 20:08:33 --> CSRF token verified.
DEBUG - 2025-08-02 20:08:33 --> Session: Class initialized using 'CodeIgniter\Session\Handlers\FileHandler' driver.
DEBUG - 2025-08-02 20:08:33 --> Session: Class initialized using 'CodeIgniter\Session\Handlers\FileHandler' driver.
DEBUG - 2025-08-02 20:08:37 --> Session: Class initialized using 'CodeIgniter\Session\Handlers\FileHandler' driver.
DEBUG - 2025-08-02 20:27:59 --> Session: Class initialized using 'CodeIgniter\Session\Handlers\FileHandler' driver.
INFO - 2025-08-02 20:28:04 --> CSRF token verified.
DEBUG - 2025-08-02 20:28:04 --> Session: Class initialized using 'CodeIgniter\Session\Handlers\FileHandler' driver.
DEBUG - 2025-08-02 20:28:05 --> Session: Class initialized using 'CodeIgniter\Session\Handlers\FileHandler' driver.
DEBUG - 2025-08-02 20:28:08 --> Session: Class initialized using 'CodeIgniter\Session\Handlers\FileHandler' driver.
INFO - 2025-08-02 20:28:17 --> CSRF token verified.
DEBUG - 2025-08-02 20:28:17 --> Session: Class initialized using 'CodeIgniter\Session\Handlers\FileHandler' driver.
DEBUG - 2025-08-02 20:28:56 --> Session: Class initialized using 'CodeIgniter\Session\Handlers\FileHandler' driver.
DEBUG - 2025-08-02 20:28:57 --> Session: Class initialized using 'CodeIgniter\Session\Handlers\FileHandler' driver.
DEBUG - 2025-08-02 20:29:01 --> Session: Class initialized using 'CodeIgniter\Session\Handlers\FileHandler' driver.
INFO - 2025-08-02 20:29:05 --> CSRF token verified.
DEBUG - 2025-08-02 20:29:05 --> Session: Class initialized using 'CodeIgniter\Session\Handlers\FileHandler' driver.
DEBUG - 2025-08-02 20:29:06 --> Session: Class initialized using 'CodeIgniter\Session\Handlers\FileHandler' driver.
DEBUG - 2025-08-02 20:29:09 --> Session: Class initialized using 'CodeIgniter\Session\Handlers\FileHandler' driver.
INFO - 2025-08-02 20:29:18 --> CSRF token verified.
DEBUG - 2025-08-02 20:29:18 --> Session: Class initialized using 'CodeIgniter\Session\Handlers\FileHandler' driver.
DEBUG - 2025-08-02 20:29:56 --> Session: Class initialized using 'CodeIgniter\Session\Handlers\FileHandler' driver.
DEBUG - 2025-08-02 20:29:58 --> Session: Class initialized using 'CodeIgniter\Session\Handlers\FileHandler' driver.
DEBUG - 2025-08-02 20:30:04 --> Session: Class initialized using 'CodeIgniter\Session\Handlers\FileHandler' driver.
INFO - 2025-08-02 20:30:07 --> CSRF token verified.
DEBUG - 2025-08-02 20:30:07 --> Session: Class initialized using 'CodeIgniter\Session\Handlers\FileHandler' driver.
DEBUG - 2025-08-02 20:30:09 --> Session: Class initialized using 'CodeIgniter\Session\Handlers\FileHandler' driver.
DEBUG - 2025-08-02 20:30:12 --> Session: Class initialized using 'CodeIgniter\Session\Handlers\FileHandler' driver.
INFO - 2025-08-02 20:30:24 --> CSRF token verified.
DEBUG - 2025-08-02 20:30:24 --> Session: Class initialized using 'CodeIgniter\Session\Handlers\FileHandler' driver.
DEBUG - 2025-08-02 20:30:34 --> Session: Class initialized using 'CodeIgniter\Session\Handlers\FileHandler' driver.
DEBUG - 2025-08-02 20:32:19 --> Session: Class initialized using 'CodeIgniter\Session\Handlers\FileHandler' driver.
DEBUG - 2025-08-02 20:32:23 --> Session: Class initialized using 'CodeIgniter\Session\Handlers\FileHandler' driver.
DEBUG - 2025-08-02 20:32:36 --> Session: Class initialized using 'CodeIgniter\Session\Handlers\FileHandler' driver.
INFO - 2025-08-02 20:32:41 --> CSRF token verified.
DEBUG - 2025-08-02 20:32:41 --> Session: Class initialized using 'CodeIgniter\Session\Handlers\FileHandler' driver.
DEBUG - 2025-08-02 20:32:42 --> Session: Class initialized using 'CodeIgniter\Session\Handlers\FileHandler' driver.
DEBUG - 2025-08-02 20:32:48 --> Session: Class initialized using 'CodeIgniter\Session\Handlers\FileHandler' driver.
INFO - 2025-08-02 20:32:56 --> CSRF token verified.
DEBUG - 2025-08-02 20:32:56 --> Session: Class initialized using 'CodeIgniter\Session\Handlers\FileHandler' driver.
ERROR - 2025-08-02 20:32:59 --> Exception: NOT NULL constraint failed: gallery_project.projects_id in D:\xampp\htdocs\portfolio\ci_app\vendor\codeigniter4\framework\system\Database\SQLite3\Connection.php:175
Stack trace:
#0 D:\xampp\htdocs\portfolio\ci_app\vendor\codeigniter4\framework\system\Database\SQLite3\Connection.php(175): SQLite3->exec('INSERT INTO `ga...')
#1 D:\xampp\htdocs\portfolio\ci_app\vendor\codeigniter4\framework\system\Database\BaseConnection.php(738): CodeIgniter\Database\SQLite3\Connection->execute('INSERT INTO `ga...')
#2 D:\xampp\htdocs\portfolio\ci_app\vendor\codeigniter4\framework\system\Database\BaseConnection.php(652): CodeIgniter\Database\BaseConnection->simpleQuery('INSERT INTO `ga...')
#3 D:\xampp\htdocs\portfolio\ci_app\vendor\codeigniter4\framework\system\Database\BaseBuilder.php(2345): CodeIgniter\Database\BaseConnection->query('INSERT INTO `ga...', Array, false)
#4 D:\xampp\htdocs\portfolio\ci_app\app\Models\Gallery.php(50): CodeIgniter\Database\BaseBuilder->insert(Array)
#5 D:\xampp\htdocs\portfolio\ci_app\app\Controllers\Admin\Gallery.php(231): App\Models\Gallery->addProject(19, NULL)
#6 D:\xampp\htdocs\portfolio\ci_app\vendor\codeigniter4\framework\system\CodeIgniter.php(933): App\Controllers\Admin\Gallery->newGallery()
#7 D:\xampp\htdocs\portfolio\ci_app\vendor\codeigniter4\framework\system\CodeIgniter.php(507): CodeIgniter\CodeIgniter->runController(Object(App\Controllers\Admin\Gallery))
#8 D:\xampp\htdocs\portfolio\ci_app\vendor\codeigniter4\framework\system\CodeIgniter.php(354): CodeIgniter\CodeIgniter->handleRequest(NULL, Object(Config\Cache), false)
#9 D:\xampp\htdocs\portfolio\ci_app\system\Boot.php(334): CodeIgniter\CodeIgniter->run()
#10 D:\xampp\htdocs\portfolio\ci_app\system\Boot.php(67): CodeIgniter\Boot::runCodeIgniter(Object(CodeIgniter\CodeIgniter))
#11 D:\xampp\htdocs\portfolio\public_html\index.php(60): CodeIgniter\Boot::bootWeb(Object(Config\Paths))
#12 {main}
CRITICAL - 2025-08-02 20:32:59 --> CodeIgniter\Database\Exceptions\DatabaseException: NOT NULL constraint failed: gallery_project.projects_id
[Method: POST, Route: admin/gallery/new-gallery]
in VENDORPATH\codeigniter4\framework\system\Database\BaseConnection.php on line 692.
 1 VENDORPATH\codeigniter4\framework\system\Database\BaseBuilder.php(2345): CodeIgniter\Database\BaseConnection->query('INSERT INTO `gallery_project` (`gallery_id`, `projects_id`) VALUES (:gallery_id:, :projects_id:)', [...], false)
 2 APPPATH\Models\Gallery.php(50): CodeIgniter\Database\BaseBuilder->insert([...])
 3 APPPATH\Controllers\Admin\Gallery.php(231): App\Models\Gallery->addProject(19, null)
 4 VENDORPATH\codeigniter4\framework\system\CodeIgniter.php(933): App\Controllers\Admin\Gallery->newGallery()
 5 VENDORPATH\codeigniter4\framework\system\CodeIgniter.php(507): CodeIgniter\CodeIgniter->runController(Object(App\Controllers\Admin\Gallery))
 6 VENDORPATH\codeigniter4\framework\system\CodeIgniter.php(354): CodeIgniter\CodeIgniter->handleRequest(null, Object(Config\Cache), false)
 7 SYSTEMPATH\Boot.php(334): CodeIgniter\CodeIgniter->run()
 8 SYSTEMPATH\Boot.php(67): CodeIgniter\Boot::runCodeIgniter(Object(CodeIgniter\CodeIgniter))
 9 FCPATH\index.php(60): CodeIgniter\Boot::bootWeb(Object(Config\Paths))
CRITICAL - 2025-08-02 20:32:59 --> [Caused by] CodeIgniter\Database\Exceptions\DatabaseException: NOT NULL constraint failed: gallery_project.projects_id
in VENDORPATH\codeigniter4\framework\system\Database\SQLite3\Connection.php on line 181.
 1 VENDORPATH\codeigniter4\framework\system\Database\BaseConnection.php(738): CodeIgniter\Database\SQLite3\Connection->execute('INSERT INTO `gallery_project` (`gallery_id`, `projects_id`) VALUES (19, NULL)')
 2 VENDORPATH\codeigniter4\framework\system\Database\BaseConnection.php(652): CodeIgniter\Database\BaseConnection->simpleQuery('INSERT INTO `gallery_project` (`gallery_id`, `projects_id`) VALUES (19, NULL)')
 3 VENDORPATH\codeigniter4\framework\system\Database\BaseBuilder.php(2345): CodeIgniter\Database\BaseConnection->query('INSERT INTO `gallery_project` (`gallery_id`, `projects_id`) VALUES (:gallery_id:, :projects_id:)', [...], false)
 4 APPPATH\Models\Gallery.php(50): CodeIgniter\Database\BaseBuilder->insert([...])
 5 APPPATH\Controllers\Admin\Gallery.php(231): App\Models\Gallery->addProject(19, null)
 6 VENDORPATH\codeigniter4\framework\system\CodeIgniter.php(933): App\Controllers\Admin\Gallery->newGallery()
 7 VENDORPATH\codeigniter4\framework\system\CodeIgniter.php(507): CodeIgniter\CodeIgniter->runController(Object(App\Controllers\Admin\Gallery))
 8 VENDORPATH\codeigniter4\framework\system\CodeIgniter.php(354): CodeIgniter\CodeIgniter->handleRequest(null, Object(Config\Cache), false)
 9 SYSTEMPATH\Boot.php(334): CodeIgniter\CodeIgniter->run()
10 SYSTEMPATH\Boot.php(67): CodeIgniter\Boot::runCodeIgniter(Object(CodeIgniter\CodeIgniter))
11 FCPATH\index.php(60): CodeIgniter\Boot::bootWeb(Object(Config\Paths))
CRITICAL - 2025-08-02 20:32:59 --> [Caused by] Exception: NOT NULL constraint failed: gallery_project.projects_id
in VENDORPATH\codeigniter4\framework\system\Database\SQLite3\Connection.php on line 175.
 1 VENDORPATH\codeigniter4\framework\system\Database\SQLite3\Connection.php(175): SQLite3->exec('INSERT INTO `gallery_project` (`gallery_id`, `projects_id`) VALUES (19, NULL)')
 2 VENDORPATH\codeigniter4\framework\system\Database\BaseConnection.php(738): CodeIgniter\Database\SQLite3\Connection->execute('INSERT INTO `gallery_project` (`gallery_id`, `projects_id`) VALUES (19, NULL)')
 3 VENDORPATH\codeigniter4\framework\system\Database\BaseConnection.php(652): CodeIgniter\Database\BaseConnection->simpleQuery('INSERT INTO `gallery_project` (`gallery_id`, `projects_id`) VALUES (19, NULL)')
 4 VENDORPATH\codeigniter4\framework\system\Database\BaseBuilder.php(2345): CodeIgniter\Database\BaseConnection->query('INSERT INTO `gallery_project` (`gallery_id`, `projects_id`) VALUES (:gallery_id:, :projects_id:)', [...], false)
 5 APPPATH\Models\Gallery.php(50): CodeIgniter\Database\BaseBuilder->insert([...])
 6 APPPATH\Controllers\Admin\Gallery.php(231): App\Models\Gallery->addProject(19, null)
 7 VENDORPATH\codeigniter4\framework\system\CodeIgniter.php(933): App\Controllers\Admin\Gallery->newGallery()
 8 VENDORPATH\codeigniter4\framework\system\CodeIgniter.php(507): CodeIgniter\CodeIgniter->runController(Object(App\Controllers\Admin\Gallery))
 9 VENDORPATH\codeigniter4\framework\system\CodeIgniter.php(354): CodeIgniter\CodeIgniter->handleRequest(null, Object(Config\Cache), false)
10 SYSTEMPATH\Boot.php(334): CodeIgniter\CodeIgniter->run()
11 SYSTEMPATH\Boot.php(67): CodeIgniter\Boot::runCodeIgniter(Object(CodeIgniter\CodeIgniter))
12 FCPATH\index.php(60): CodeIgniter\Boot::bootWeb(Object(Config\Paths))
DEBUG - 2025-08-02 20:35:42 --> Session: Class initialized using 'CodeIgniter\Session\Handlers\FileHandler' driver.
DEBUG - 2025-08-02 20:35:48 --> Session: Class initialized using 'CodeIgniter\Session\Handlers\FileHandler' driver.
DEBUG - 2025-08-02 20:35:57 --> Session: Class initialized using 'CodeIgniter\Session\Handlers\FileHandler' driver.
INFO - 2025-08-02 20:36:05 --> CSRF token verified.
DEBUG - 2025-08-02 20:36:05 --> Session: Class initialized using 'CodeIgniter\Session\Handlers\FileHandler' driver.
DEBUG - 2025-08-02 20:36:12 --> Session: Class initialized using 'CodeIgniter\Session\Handlers\FileHandler' driver.
DEBUG - 2025-08-02 20:36:16 --> Session: Class initialized using 'CodeIgniter\Session\Handlers\FileHandler' driver.
INFO - 2025-08-02 20:36:25 --> CSRF token verified.
DEBUG - 2025-08-02 20:36:25 --> Session: Class initialized using 'CodeIgniter\Session\Handlers\FileHandler' driver.
DEBUG - 2025-08-02 20:39:57 --> Session: Class initialized using 'CodeIgniter\Session\Handlers\FileHandler' driver.
DEBUG - 2025-08-02 20:40:01 --> Session: Class initialized using 'CodeIgniter\Session\Handlers\FileHandler' driver.
DEBUG - 2025-08-02 20:40:03 --> Session: Class initialized using 'CodeIgniter\Session\Handlers\FileHandler' driver.
INFO - 2025-08-02 20:40:07 --> CSRF token verified.
DEBUG - 2025-08-02 20:40:07 --> Session: Class initialized using 'CodeIgniter\Session\Handlers\FileHandler' driver.
DEBUG - 2025-08-02 20:40:08 --> Session: Class initialized using 'CodeIgniter\Session\Handlers\FileHandler' driver.
DEBUG - 2025-08-02 20:40:10 --> Session: Class initialized using 'CodeIgniter\Session\Handlers\FileHandler' driver.
INFO - 2025-08-02 20:40:17 --> CSRF token verified.
DEBUG - 2025-08-02 20:40:17 --> Session: Class initialized using 'CodeIgniter\Session\Handlers\FileHandler' driver.
DEBUG - 2025-08-02 20:42:02 --> Session: Class initialized using 'CodeIgniter\Session\Handlers\FileHandler' driver.
DEBUG - 2025-08-02 20:42:03 --> Session: Class initialized using 'CodeIgniter\Session\Handlers\FileHandler' driver.
DEBUG - 2025-08-02 20:42:06 --> Session: Class initialized using 'CodeIgniter\Session\Handlers\FileHandler' driver.
INFO - 2025-08-02 20:42:09 --> CSRF token verified.
DEBUG - 2025-08-02 20:42:09 --> Session: Class initialized using 'CodeIgniter\Session\Handlers\FileHandler' driver.
DEBUG - 2025-08-02 20:42:10 --> Session: Class initialized using 'CodeIgniter\Session\Handlers\FileHandler' driver.
DEBUG - 2025-08-02 20:42:12 --> Session: Class initialized using 'CodeIgniter\Session\Handlers\FileHandler' driver.
INFO - 2025-08-02 20:42:19 --> CSRF token verified.
DEBUG - 2025-08-02 20:42:19 --> Session: Class initialized using 'CodeIgniter\Session\Handlers\FileHandler' driver.
DEBUG - 2025-08-02 20:46:47 --> Session: Class initialized using 'CodeIgniter\Session\Handlers\FileHandler' driver.
DEBUG - 2025-08-02 20:46:49 --> Session: Class initialized using 'CodeIgniter\Session\Handlers\FileHandler' driver.
DEBUG - 2025-08-02 20:47:03 --> Session: Class initialized using 'CodeIgniter\Session\Handlers\FileHandler' driver.
INFO - 2025-08-02 20:47:07 --> CSRF token verified.
DEBUG - 2025-08-02 20:47:07 --> Session: Class initialized using 'CodeIgniter\Session\Handlers\FileHandler' driver.
DEBUG - 2025-08-02 20:47:09 --> Session: Class initialized using 'CodeIgniter\Session\Handlers\FileHandler' driver.
DEBUG - 2025-08-02 20:47:20 --> Session: Class initialized using 'CodeIgniter\Session\Handlers\FileHandler' driver.
INFO - 2025-08-02 20:48:20 --> CSRF token verified.
DEBUG - 2025-08-02 20:48:20 --> Session: Class initialized using 'CodeIgniter\Session\Handlers\FileHandler' driver.
DEBUG - 2025-08-02 20:48:22 --> Session: Class initialized using 'CodeIgniter\Session\Handlers\FileHandler' driver.
INFO - 2025-08-02 21:43:42 --> CSRF token verified.
DEBUG - 2025-08-02 21:43:42 --> Session: Class initialized using 'CodeIgniter\Session\Handlers\FileHandler' driver.
CRITICAL - 2025-08-02 21:43:43 --> ErrorException: Undefined array key "project_id"
[Method: POST, Route: admin/project/detail/delete-gallery-image]
in APPPATH\Controllers\Admin\Projects.php on line 253.
 1 APPPATH\Controllers\Admin\Projects.php(253): CodeIgniter\Debug\Exceptions->errorHandler(2, 'Undefined array key "project_id"', 'D:\\xampp\\htdocs\\portfolio\\ci_app\\app\\Controllers\\Admin\\Projects.php', 253)
 2 VENDORPATH\codeigniter4\framework\system\CodeIgniter.php(933): App\Controllers\Admin\Projects->deletegalleryimage()
 3 VENDORPATH\codeigniter4\framework\system\CodeIgniter.php(507): CodeIgniter\CodeIgniter->runController(Object(App\Controllers\Admin\Projects))
 4 VENDORPATH\codeigniter4\framework\system\CodeIgniter.php(354): CodeIgniter\CodeIgniter->handleRequest(null, Object(Config\Cache), false)
 5 SYSTEMPATH\Boot.php(334): CodeIgniter\CodeIgniter->run()
 6 SYSTEMPATH\Boot.php(67): CodeIgniter\Boot::runCodeIgniter(Object(CodeIgniter\CodeIgniter))
 7 FCPATH\index.php(60): CodeIgniter\Boot::bootWeb(Object(Config\Paths))
DEBUG - 2025-08-02 21:49:17 --> Session: Class initialized using 'CodeIgniter\Session\Handlers\FileHandler' driver.
INFO - 2025-08-02 21:49:21 --> CSRF token verified.
DEBUG - 2025-08-02 21:49:21 --> Session: Class initialized using 'CodeIgniter\Session\Handlers\FileHandler' driver.
CRITICAL - 2025-08-02 21:49:22 --> ErrorException: Undefined array key "one_delete"
[Method: POST, Route: admin/project/detail/delete-gallery-image]
in APPPATH\Controllers\Admin\Projects.php on line 253.
 1 APPPATH\Controllers\Admin\Projects.php(253): CodeIgniter\Debug\Exceptions->errorHandler(2, 'Undefined array key "one_delete"', 'D:\\xampp\\htdocs\\portfolio\\ci_app\\app\\Controllers\\Admin\\Projects.php', 253)
 2 VENDORPATH\codeigniter4\framework\system\CodeIgniter.php(933): App\Controllers\Admin\Projects->deletegalleryimage()
 3 VENDORPATH\codeigniter4\framework\system\CodeIgniter.php(507): CodeIgniter\CodeIgniter->runController(Object(App\Controllers\Admin\Projects))
 4 VENDORPATH\codeigniter4\framework\system\CodeIgniter.php(354): CodeIgniter\CodeIgniter->handleRequest(null, Object(Config\Cache), false)
 5 SYSTEMPATH\Boot.php(334): CodeIgniter\CodeIgniter->run()
 6 SYSTEMPATH\Boot.php(67): CodeIgniter\Boot::runCodeIgniter(Object(CodeIgniter\CodeIgniter))
 7 FCPATH\index.php(60): CodeIgniter\Boot::bootWeb(Object(Config\Paths))
DEBUG - 2025-08-02 21:49:38 --> Session: Class initialized using 'CodeIgniter\Session\Handlers\FileHandler' driver.
INFO - 2025-08-02 21:49:41 --> CSRF token verified.
DEBUG - 2025-08-02 21:49:41 --> Session: Class initialized using 'CodeIgniter\Session\Handlers\FileHandler' driver.
CRITICAL - 2025-08-02 21:49:42 --> ErrorException: Undefined array key "on_delete"
[Method: POST, Route: admin/project/detail/delete-gallery-image]
in APPPATH\Controllers\Admin\Projects.php on line 253.
 1 APPPATH\Controllers\Admin\Projects.php(253): CodeIgniter\Debug\Exceptions->errorHandler(2, 'Undefined array key "on_delete"', 'D:\\xampp\\htdocs\\portfolio\\ci_app\\app\\Controllers\\Admin\\Projects.php', 253)
 2 VENDORPATH\codeigniter4\framework\system\CodeIgniter.php(933): App\Controllers\Admin\Projects->deletegalleryimage()
 3 VENDORPATH\codeigniter4\framework\system\CodeIgniter.php(507): CodeIgniter\CodeIgniter->runController(Object(App\Controllers\Admin\Projects))
 4 VENDORPATH\codeigniter4\framework\system\CodeIgniter.php(354): CodeIgniter\CodeIgniter->handleRequest(null, Object(Config\Cache), false)
 5 SYSTEMPATH\Boot.php(334): CodeIgniter\CodeIgniter->run()
 6 SYSTEMPATH\Boot.php(67): CodeIgniter\Boot::runCodeIgniter(Object(CodeIgniter\CodeIgniter))
 7 FCPATH\index.php(60): CodeIgniter\Boot::bootWeb(Object(Config\Paths))
DEBUG - 2025-08-02 21:50:05 --> Session: Class initialized using 'CodeIgniter\Session\Handlers\FileHandler' driver.
INFO - 2025-08-02 21:50:08 --> CSRF token verified.
DEBUG - 2025-08-02 21:50:08 --> Session: Class initialized using 'CodeIgniter\Session\Handlers\FileHandler' driver.
CRITICAL - 2025-08-02 21:50:09 --> ErrorException: Undefined array key "project_id"
[Method: POST, Route: admin/project/detail/delete-gallery-image]
in APPPATH\Controllers\Admin\Projects.php on line 289.
 1 APPPATH\Controllers\Admin\Projects.php(289): CodeIgniter\Debug\Exceptions->errorHandler(2, 'Undefined array key "project_id"', 'D:\\xampp\\htdocs\\portfolio\\ci_app\\app\\Controllers\\Admin\\Projects.php', 289)
 2 VENDORPATH\codeigniter4\framework\system\CodeIgniter.php(933): App\Controllers\Admin\Projects->deletegalleryimage()
 3 VENDORPATH\codeigniter4\framework\system\CodeIgniter.php(507): CodeIgniter\CodeIgniter->runController(Object(App\Controllers\Admin\Projects))
 4 VENDORPATH\codeigniter4\framework\system\CodeIgniter.php(354): CodeIgniter\CodeIgniter->handleRequest(null, Object(Config\Cache), false)
 5 SYSTEMPATH\Boot.php(334): CodeIgniter\CodeIgniter->run()
 6 SYSTEMPATH\Boot.php(67): CodeIgniter\Boot::runCodeIgniter(Object(CodeIgniter\CodeIgniter))
 7 FCPATH\index.php(60): CodeIgniter\Boot::bootWeb(Object(Config\Paths))
DEBUG - 2025-08-02 21:56:27 --> Session: Class initialized using 'CodeIgniter\Session\Handlers\FileHandler' driver.
INFO - 2025-08-02 21:56:31 --> CSRF token verified.
DEBUG - 2025-08-02 21:56:31 --> Session: Class initialized using 'CodeIgniter\Session\Handlers\FileHandler' driver.
DEBUG - 2025-08-02 21:56:31 --> Session: Class initialized using 'CodeIgniter\Session\Handlers\FileHandler' driver.
DEBUG - 2025-08-02 21:56:37 --> Session: Class initialized using 'CodeIgniter\Session\Handlers\FileHandler' driver.
DEBUG - 2025-08-02 21:56:41 --> Session: Class initialized using 'CodeIgniter\Session\Handlers\FileHandler' driver.
DEBUG - 2025-08-02 21:56:42 --> Session: Class initialized using 'CodeIgniter\Session\Handlers\FileHandler' driver.
DEBUG - 2025-08-02 21:56:49 --> Session: Class initialized using 'CodeIgniter\Session\Handlers\FileHandler' driver.
DEBUG - 2025-08-02 21:56:59 --> Session: Class initialized using 'CodeIgniter\Session\Handlers\FileHandler' driver.
DEBUG - 2025-08-02 21:57:01 --> Session: Class initialized using 'CodeIgniter\Session\Handlers\FileHandler' driver.
DEBUG - 2025-08-02 21:57:05 --> Session: Class initialized using 'CodeIgniter\Session\Handlers\FileHandler' driver.
CRITICAL - 2025-08-02 21:57:05 --> ErrorException: Undefined array key "project_id"
[Method: GET, Route: admin/project/detail/7/edit-gallery-image]
in APPPATH\Controllers\Admin\Projects.php on line 310.
 1 APPPATH\Controllers\Admin\Projects.php(310): CodeIgniter\Debug\Exceptions->errorHandler(2, 'Undefined array key "project_id"', 'D:\\xampp\\htdocs\\portfolio\\ci_app\\app\\Controllers\\Admin\\Projects.php', 310)
 2 VENDORPATH\codeigniter4\framework\system\CodeIgniter.php(933): App\Controllers\Admin\Projects->editgalleryimage('7')
 3 VENDORPATH\codeigniter4\framework\system\CodeIgniter.php(507): CodeIgniter\CodeIgniter->runController(Object(App\Controllers\Admin\Projects))
 4 VENDORPATH\codeigniter4\framework\system\CodeIgniter.php(354): CodeIgniter\CodeIgniter->handleRequest(null, Object(Config\Cache), false)
 5 SYSTEMPATH\Boot.php(334): CodeIgniter\CodeIgniter->run()
 6 SYSTEMPATH\Boot.php(67): CodeIgniter\Boot::runCodeIgniter(Object(CodeIgniter\CodeIgniter))
 7 FCPATH\index.php(60): CodeIgniter\Boot::bootWeb(Object(Config\Paths))
DEBUG - 2025-08-02 22:02:16 --> Session: Class initialized using 'CodeIgniter\Session\Handlers\FileHandler' driver.
DEBUG - 2025-08-02 22:02:19 --> Session: Class initialized using 'CodeIgniter\Session\Handlers\FileHandler' driver.
CRITICAL - 2025-08-02 22:02:19 --> ErrorException: Undefined variable $projects
[Method: GET, Route: admin/project/detail/7/edit-gallery-image]
in APPPATH\Views\admin\editgalleryimage.php on line 54.
 1 APPPATH\Views\admin\editgalleryimage.php(54): CodeIgniter\Debug\Exceptions->errorHandler(2, 'Undefined variable $projects', 'D:\\xampp\\htdocs\\portfolio\\ci_app\\app\\Views\\admin\\editgalleryimage.php', 54)
 2 VENDORPATH\codeigniter4\framework\system\View\View.php(224): include('D:\\xampp\\htdocs\\portfolio\\ci_app\\app\\Views\\admin\\editgalleryimage.php')
 3 VENDORPATH\codeigniter4\framework\system\View\View.php(227): CodeIgniter\View\View->CodeIgniter\View\{closure}()
 4 SYSTEMPATH\Common.php(1173): CodeIgniter\View\View->render('admin/editgalleryimage', [], true)
 5 APPPATH\Controllers\Admin\Projects.php(327): view('admin/editgalleryimage', [...])
 6 VENDORPATH\codeigniter4\framework\system\CodeIgniter.php(933): App\Controllers\Admin\Projects->editgalleryimage('7')
 7 VENDORPATH\codeigniter4\framework\system\CodeIgniter.php(507): CodeIgniter\CodeIgniter->runController(Object(App\Controllers\Admin\Projects))
 8 VENDORPATH\codeigniter4\framework\system\CodeIgniter.php(354): CodeIgniter\CodeIgniter->handleRequest(null, Object(Config\Cache), false)
 9 SYSTEMPATH\Boot.php(334): CodeIgniter\CodeIgniter->run()
10 SYSTEMPATH\Boot.php(67): CodeIgniter\Boot::runCodeIgniter(Object(CodeIgniter\CodeIgniter))
11 FCPATH\index.php(60): CodeIgniter\Boot::bootWeb(Object(Config\Paths))
DEBUG - 2025-08-02 22:04:36 --> Session: Class initialized using 'CodeIgniter\Session\Handlers\FileHandler' driver.
DEBUG - 2025-08-02 22:04:38 --> Session: Class initialized using 'CodeIgniter\Session\Handlers\FileHandler' driver.
DEBUG - 2025-08-02 22:06:27 --> Session: Class initialized using 'CodeIgniter\Session\Handlers\FileHandler' driver.
DEBUG - 2025-08-02 22:06:33 --> Session: Class initialized using 'CodeIgniter\Session\Handlers\FileHandler' driver.
DEBUG - 2025-08-02 22:08:28 --> Session: Class initialized using 'CodeIgniter\Session\Handlers\FileHandler' driver.
DEBUG - 2025-08-02 22:08:44 --> Session: Class initialized using 'CodeIgniter\Session\Handlers\FileHandler' driver.
DEBUG - 2025-08-02 22:08:55 --> Session: Class initialized using 'CodeIgniter\Session\Handlers\FileHandler' driver.
DEBUG - 2025-08-02 22:08:57 --> Session: Class initialized using 'CodeIgniter\Session\Handlers\FileHandler' driver.
INFO - 2025-08-02 22:09:05 --> CSRF token verified.
DEBUG - 2025-08-02 22:09:05 --> Session: Class initialized using 'CodeIgniter\Session\Handlers\FileHandler' driver.
DEBUG - 2025-08-02 22:09:05 --> Session: Class initialized using 'CodeIgniter\Session\Handlers\FileHandler' driver.
