DEBUG - 2025-08-01 08:46:14 --> Session: Class initialized using 'CodeIgniter\Session\Handlers\FileHandler' driver.
DEBUG - 2025-08-01 08:46:19 --> Session: Class initialized using 'CodeIgniter\Session\Handlers\FileHandler' driver.
DEBUG - 2025-08-01 08:46:20 --> Session: Class initialized using 'CodeIgniter\Session\Handlers\FileHandler' driver.
INFO - 2025-08-01 08:46:24 --> CSRF token verified.
DEBUG - 2025-08-01 08:46:24 --> Session: Class initialized using 'CodeIgniter\Session\Handlers\FileHandler' driver.
DEBUG - 2025-08-01 08:46:25 --> Session: Class initialized using 'CodeIgniter\Session\Handlers\FileHandler' driver.
DEBUG - 2025-08-01 08:46:25 --> Session: Class initialized using 'CodeIgniter\Session\Handlers\FileHandler' driver.
DEBUG - 2025-08-01 08:46:31 --> Session: Class initialized using 'CodeIgniter\Session\Handlers\FileHandler' driver.
DEBUG - 2025-08-01 09:04:30 --> Session: Class initialized using 'CodeIgniter\Session\Handlers\FileHandler' driver.
DEBUG - 2025-08-01 09:19:19 --> Session: Class initialized using 'CodeIgniter\Session\Handlers\FileHandler' driver.
CRITICAL - 2025-08-01 09:19:20 --> ErrorException: Undefined array key "comment"
[Method: GET, Route: admin/setting]
in APPPATH\Services\SettingsService.php on line 42.
 1 APPPATH\Services\SettingsService.php(42): CodeIgniter\Debug\Exceptions->errorHandler(2, 'Undefined array key "comment"', 'D:\\xampp\\htdocs\\portfolio\\ci_app\\app\\Services\\SettingsService.php', 42)
 2 APPPATH\Services\SettingsService.php(65): App\Services\SettingsService->getAll()
 3 APPPATH\Controllers\Admin\Setting.php(31): App\Services\SettingsService->refreshCache()
 4 VENDORPATH\codeigniter4\framework\system\CodeIgniter.php(933): App\Controllers\Admin\Setting->index()
 5 VENDORPATH\codeigniter4\framework\system\CodeIgniter.php(507): CodeIgniter\CodeIgniter->runController(Object(App\Controllers\Admin\Setting))
 6 VENDORPATH\codeigniter4\framework\system\CodeIgniter.php(354): CodeIgniter\CodeIgniter->handleRequest(null, Object(Config\Cache), false)
 7 SYSTEMPATH\Boot.php(334): CodeIgniter\CodeIgniter->run()
 8 SYSTEMPATH\Boot.php(67): CodeIgniter\Boot::runCodeIgniter(Object(CodeIgniter\CodeIgniter))
 9 FCPATH\index.php(60): CodeIgniter\Boot::bootWeb(Object(Config\Paths))
DEBUG - 2025-08-01 10:06:06 --> Session: Class initialized using 'CodeIgniter\Session\Handlers\FileHandler' driver.
CRITICAL - 2025-08-01 10:06:07 --> TypeError: CodeIgniter\Router\RouteCollection::group(): Argument #1 ($name) must be of type string, array given, called in D:\xampp\htdocs\portfolio\ci_app\app\Config\Routes.php on line 28
[Method: GET, Route: static/image/adminpanel/favicon.ico]
in VENDORPATH\codeigniter4\framework\system\Router\RouteCollection.php on line 770.
 1 APPPATH\Config\Routes.php(28): CodeIgniter\Router\RouteCollection->group([...], [...], Object(Closure))
 2 VENDORPATH\codeigniter4\framework\system\Router\RouteCollection.php(339): require('D:\\xampp\\htdocs\\portfolio\\ci_app\\app\\Config\\Routes.php')
 3 VENDORPATH\codeigniter4\framework\system\CodeIgniter.php(821): CodeIgniter\Router\RouteCollection->loadRoutes()
 4 VENDORPATH\codeigniter4\framework\system\CodeIgniter.php(455): CodeIgniter\CodeIgniter->tryToRouteIt(null)
 5 VENDORPATH\codeigniter4\framework\system\CodeIgniter.php(354): CodeIgniter\CodeIgniter->handleRequest(null, Object(Config\Cache), false)
 6 SYSTEMPATH\Boot.php(334): CodeIgniter\CodeIgniter->run()
 7 SYSTEMPATH\Boot.php(67): CodeIgniter\Boot::runCodeIgniter(Object(CodeIgniter\CodeIgniter))
 8 FCPATH\index.php(60): CodeIgniter\Boot::bootWeb(Object(Config\Paths))
CRITICAL - 2025-08-01 10:06:35 --> TypeError: CodeIgniter\Router\RouteCollection::group(): Argument #1 ($name) must be of type string, array given, called in D:\xampp\htdocs\portfolio\ci_app\app\Config\Routes.php on line 28
[Method: GET, Route: product/index.php]
in VENDORPATH\codeigniter4\framework\system\Router\RouteCollection.php on line 770.
 1 APPPATH\Config\Routes.php(28): CodeIgniter\Router\RouteCollection->group([...], [...], Object(Closure))
 2 VENDORPATH\codeigniter4\framework\system\Router\RouteCollection.php(339): require('D:\\xampp\\htdocs\\portfolio\\ci_app\\app\\Config\\Routes.php')
 3 VENDORPATH\codeigniter4\framework\system\CodeIgniter.php(821): CodeIgniter\Router\RouteCollection->loadRoutes()
 4 VENDORPATH\codeigniter4\framework\system\CodeIgniter.php(455): CodeIgniter\CodeIgniter->tryToRouteIt(null)
 5 VENDORPATH\codeigniter4\framework\system\CodeIgniter.php(354): CodeIgniter\CodeIgniter->handleRequest(null, Object(Config\Cache), false)
 6 SYSTEMPATH\Boot.php(334): CodeIgniter\CodeIgniter->run()
 7 SYSTEMPATH\Boot.php(67): CodeIgniter\Boot::runCodeIgniter(Object(CodeIgniter\CodeIgniter))
 8 FCPATH\index.php(60): CodeIgniter\Boot::bootWeb(Object(Config\Paths))
CRITICAL - 2025-08-01 10:06:35 --> TypeError: CodeIgniter\Router\RouteCollection::group(): Argument #1 ($name) must be of type string, array given, called in D:\xampp\htdocs\portfolio\ci_app\app\Config\Routes.php on line 28
[Method: POST, Route: logstores/logstore_ens_ip/shards/lb]
in VENDORPATH\codeigniter4\framework\system\Router\RouteCollection.php on line 770.
 1 APPPATH\Config\Routes.php(28): CodeIgniter\Router\RouteCollection->group([...], [...], Object(Closure))
 2 VENDORPATH\codeigniter4\framework\system\Router\RouteCollection.php(339): require('D:\\xampp\\htdocs\\portfolio\\ci_app\\app\\Config\\Routes.php')
 3 VENDORPATH\codeigniter4\framework\system\CodeIgniter.php(821): CodeIgniter\Router\RouteCollection->loadRoutes()
 4 VENDORPATH\codeigniter4\framework\system\CodeIgniter.php(455): CodeIgniter\CodeIgniter->tryToRouteIt(null)
 5 VENDORPATH\codeigniter4\framework\system\CodeIgniter.php(354): CodeIgniter\CodeIgniter->handleRequest(null, Object(Config\Cache), false)
 6 SYSTEMPATH\Boot.php(334): CodeIgniter\CodeIgniter->run()
 7 SYSTEMPATH\Boot.php(67): CodeIgniter\Boot::runCodeIgniter(Object(CodeIgniter\CodeIgniter))
 8 FCPATH\index.php(60): CodeIgniter\Boot::bootWeb(Object(Config\Paths))
CRITICAL - 2025-08-01 10:07:35 --> TypeError: CodeIgniter\Router\RouteCollection::group(): Argument #1 ($name) must be of type string, array given, called in D:\xampp\htdocs\portfolio\ci_app\app\Config\Routes.php on line 28
[Method: GET, Route: product/index.php]
in VENDORPATH\codeigniter4\framework\system\Router\RouteCollection.php on line 770.
 1 APPPATH\Config\Routes.php(28): CodeIgniter\Router\RouteCollection->group([...], [...], Object(Closure))
 2 VENDORPATH\codeigniter4\framework\system\Router\RouteCollection.php(339): require('D:\\xampp\\htdocs\\portfolio\\ci_app\\app\\Config\\Routes.php')
 3 VENDORPATH\codeigniter4\framework\system\CodeIgniter.php(821): CodeIgniter\Router\RouteCollection->loadRoutes()
 4 VENDORPATH\codeigniter4\framework\system\CodeIgniter.php(455): CodeIgniter\CodeIgniter->tryToRouteIt(null)
 5 VENDORPATH\codeigniter4\framework\system\CodeIgniter.php(354): CodeIgniter\CodeIgniter->handleRequest(null, Object(Config\Cache), false)
 6 SYSTEMPATH\Boot.php(334): CodeIgniter\CodeIgniter->run()
 7 SYSTEMPATH\Boot.php(67): CodeIgniter\Boot::runCodeIgniter(Object(CodeIgniter\CodeIgniter))
 8 FCPATH\index.php(60): CodeIgniter\Boot::bootWeb(Object(Config\Paths))
CRITICAL - 2025-08-01 10:07:35 --> TypeError: CodeIgniter\Router\RouteCollection::group(): Argument #1 ($name) must be of type string, array given, called in D:\xampp\htdocs\portfolio\ci_app\app\Config\Routes.php on line 28
[Method: POST, Route: logstores/logstore_ens_ip/shards/lb]
in VENDORPATH\codeigniter4\framework\system\Router\RouteCollection.php on line 770.
 1 APPPATH\Config\Routes.php(28): CodeIgniter\Router\RouteCollection->group([...], [...], Object(Closure))
 2 VENDORPATH\codeigniter4\framework\system\Router\RouteCollection.php(339): require('D:\\xampp\\htdocs\\portfolio\\ci_app\\app\\Config\\Routes.php')
 3 VENDORPATH\codeigniter4\framework\system\CodeIgniter.php(821): CodeIgniter\Router\RouteCollection->loadRoutes()
 4 VENDORPATH\codeigniter4\framework\system\CodeIgniter.php(455): CodeIgniter\CodeIgniter->tryToRouteIt(null)
 5 VENDORPATH\codeigniter4\framework\system\CodeIgniter.php(354): CodeIgniter\CodeIgniter->handleRequest(null, Object(Config\Cache), false)
 6 SYSTEMPATH\Boot.php(334): CodeIgniter\CodeIgniter->run()
 7 SYSTEMPATH\Boot.php(67): CodeIgniter\Boot::runCodeIgniter(Object(CodeIgniter\CodeIgniter))
 8 FCPATH\index.php(60): CodeIgniter\Boot::bootWeb(Object(Config\Paths))
CRITICAL - 2025-08-01 10:08:36 --> TypeError: CodeIgniter\Router\RouteCollection::group(): Argument #1 ($name) must be of type string, array given, called in D:\xampp\htdocs\portfolio\ci_app\app\Config\Routes.php on line 28
[Method: GET, Route: product/index.php]
in VENDORPATH\codeigniter4\framework\system\Router\RouteCollection.php on line 770.
 1 APPPATH\Config\Routes.php(28): CodeIgniter\Router\RouteCollection->group([...], [...], Object(Closure))
 2 VENDORPATH\codeigniter4\framework\system\Router\RouteCollection.php(339): require('D:\\xampp\\htdocs\\portfolio\\ci_app\\app\\Config\\Routes.php')
 3 VENDORPATH\codeigniter4\framework\system\CodeIgniter.php(821): CodeIgniter\Router\RouteCollection->loadRoutes()
 4 VENDORPATH\codeigniter4\framework\system\CodeIgniter.php(455): CodeIgniter\CodeIgniter->tryToRouteIt(null)
 5 VENDORPATH\codeigniter4\framework\system\CodeIgniter.php(354): CodeIgniter\CodeIgniter->handleRequest(null, Object(Config\Cache), false)
 6 SYSTEMPATH\Boot.php(334): CodeIgniter\CodeIgniter->run()
 7 SYSTEMPATH\Boot.php(67): CodeIgniter\Boot::runCodeIgniter(Object(CodeIgniter\CodeIgniter))
 8 FCPATH\index.php(60): CodeIgniter\Boot::bootWeb(Object(Config\Paths))
CRITICAL - 2025-08-01 10:08:36 --> TypeError: CodeIgniter\Router\RouteCollection::group(): Argument #1 ($name) must be of type string, array given, called in D:\xampp\htdocs\portfolio\ci_app\app\Config\Routes.php on line 28
[Method: POST, Route: logstores/logstore_ens_ip/shards/lb]
in VENDORPATH\codeigniter4\framework\system\Router\RouteCollection.php on line 770.
 1 APPPATH\Config\Routes.php(28): CodeIgniter\Router\RouteCollection->group([...], [...], Object(Closure))
 2 VENDORPATH\codeigniter4\framework\system\Router\RouteCollection.php(339): require('D:\\xampp\\htdocs\\portfolio\\ci_app\\app\\Config\\Routes.php')
 3 VENDORPATH\codeigniter4\framework\system\CodeIgniter.php(821): CodeIgniter\Router\RouteCollection->loadRoutes()
 4 VENDORPATH\codeigniter4\framework\system\CodeIgniter.php(455): CodeIgniter\CodeIgniter->tryToRouteIt(null)
 5 VENDORPATH\codeigniter4\framework\system\CodeIgniter.php(354): CodeIgniter\CodeIgniter->handleRequest(null, Object(Config\Cache), false)
 6 SYSTEMPATH\Boot.php(334): CodeIgniter\CodeIgniter->run()
 7 SYSTEMPATH\Boot.php(67): CodeIgniter\Boot::runCodeIgniter(Object(CodeIgniter\CodeIgniter))
 8 FCPATH\index.php(60): CodeIgniter\Boot::bootWeb(Object(Config\Paths))
CRITICAL - 2025-08-01 10:09:37 --> TypeError: CodeIgniter\Router\RouteCollection::group(): Argument #1 ($name) must be of type string, array given, called in D:\xampp\htdocs\portfolio\ci_app\app\Config\Routes.php on line 28
[Method: GET, Route: product/index.php]
in VENDORPATH\codeigniter4\framework\system\Router\RouteCollection.php on line 770.
 1 APPPATH\Config\Routes.php(28): CodeIgniter\Router\RouteCollection->group([...], [...], Object(Closure))
 2 VENDORPATH\codeigniter4\framework\system\Router\RouteCollection.php(339): require('D:\\xampp\\htdocs\\portfolio\\ci_app\\app\\Config\\Routes.php')
 3 VENDORPATH\codeigniter4\framework\system\CodeIgniter.php(821): CodeIgniter\Router\RouteCollection->loadRoutes()
 4 VENDORPATH\codeigniter4\framework\system\CodeIgniter.php(455): CodeIgniter\CodeIgniter->tryToRouteIt(null)
 5 VENDORPATH\codeigniter4\framework\system\CodeIgniter.php(354): CodeIgniter\CodeIgniter->handleRequest(null, Object(Config\Cache), false)
 6 SYSTEMPATH\Boot.php(334): CodeIgniter\CodeIgniter->run()
 7 SYSTEMPATH\Boot.php(67): CodeIgniter\Boot::runCodeIgniter(Object(CodeIgniter\CodeIgniter))
 8 FCPATH\index.php(60): CodeIgniter\Boot::bootWeb(Object(Config\Paths))
CRITICAL - 2025-08-01 10:09:37 --> TypeError: CodeIgniter\Router\RouteCollection::group(): Argument #1 ($name) must be of type string, array given, called in D:\xampp\htdocs\portfolio\ci_app\app\Config\Routes.php on line 28
[Method: POST, Route: logstores/logstore_ens_ip/shards/lb]
in VENDORPATH\codeigniter4\framework\system\Router\RouteCollection.php on line 770.
 1 APPPATH\Config\Routes.php(28): CodeIgniter\Router\RouteCollection->group([...], [...], Object(Closure))
 2 VENDORPATH\codeigniter4\framework\system\Router\RouteCollection.php(339): require('D:\\xampp\\htdocs\\portfolio\\ci_app\\app\\Config\\Routes.php')
 3 VENDORPATH\codeigniter4\framework\system\CodeIgniter.php(821): CodeIgniter\Router\RouteCollection->loadRoutes()
 4 VENDORPATH\codeigniter4\framework\system\CodeIgniter.php(455): CodeIgniter\CodeIgniter->tryToRouteIt(null)
 5 VENDORPATH\codeigniter4\framework\system\CodeIgniter.php(354): CodeIgniter\CodeIgniter->handleRequest(null, Object(Config\Cache), false)
 6 SYSTEMPATH\Boot.php(334): CodeIgniter\CodeIgniter->run()
 7 SYSTEMPATH\Boot.php(67): CodeIgniter\Boot::runCodeIgniter(Object(CodeIgniter\CodeIgniter))
 8 FCPATH\index.php(60): CodeIgniter\Boot::bootWeb(Object(Config\Paths))
CRITICAL - 2025-08-01 10:10:37 --> TypeError: CodeIgniter\Router\RouteCollection::group(): Argument #1 ($name) must be of type string, array given, called in D:\xampp\htdocs\portfolio\ci_app\app\Config\Routes.php on line 28
[Method: GET, Route: product/index.php]
in VENDORPATH\codeigniter4\framework\system\Router\RouteCollection.php on line 770.
 1 APPPATH\Config\Routes.php(28): CodeIgniter\Router\RouteCollection->group([...], [...], Object(Closure))
 2 VENDORPATH\codeigniter4\framework\system\Router\RouteCollection.php(339): require('D:\\xampp\\htdocs\\portfolio\\ci_app\\app\\Config\\Routes.php')
 3 VENDORPATH\codeigniter4\framework\system\CodeIgniter.php(821): CodeIgniter\Router\RouteCollection->loadRoutes()
 4 VENDORPATH\codeigniter4\framework\system\CodeIgniter.php(455): CodeIgniter\CodeIgniter->tryToRouteIt(null)
 5 VENDORPATH\codeigniter4\framework\system\CodeIgniter.php(354): CodeIgniter\CodeIgniter->handleRequest(null, Object(Config\Cache), false)
 6 SYSTEMPATH\Boot.php(334): CodeIgniter\CodeIgniter->run()
 7 SYSTEMPATH\Boot.php(67): CodeIgniter\Boot::runCodeIgniter(Object(CodeIgniter\CodeIgniter))
 8 FCPATH\index.php(60): CodeIgniter\Boot::bootWeb(Object(Config\Paths))
CRITICAL - 2025-08-01 10:10:37 --> TypeError: CodeIgniter\Router\RouteCollection::group(): Argument #1 ($name) must be of type string, array given, called in D:\xampp\htdocs\portfolio\ci_app\app\Config\Routes.php on line 28
[Method: POST, Route: logstores/logstore_ens_ip/shards/lb]
in VENDORPATH\codeigniter4\framework\system\Router\RouteCollection.php on line 770.
 1 APPPATH\Config\Routes.php(28): CodeIgniter\Router\RouteCollection->group([...], [...], Object(Closure))
 2 VENDORPATH\codeigniter4\framework\system\Router\RouteCollection.php(339): require('D:\\xampp\\htdocs\\portfolio\\ci_app\\app\\Config\\Routes.php')
 3 VENDORPATH\codeigniter4\framework\system\CodeIgniter.php(821): CodeIgniter\Router\RouteCollection->loadRoutes()
 4 VENDORPATH\codeigniter4\framework\system\CodeIgniter.php(455): CodeIgniter\CodeIgniter->tryToRouteIt(null)
 5 VENDORPATH\codeigniter4\framework\system\CodeIgniter.php(354): CodeIgniter\CodeIgniter->handleRequest(null, Object(Config\Cache), false)
 6 SYSTEMPATH\Boot.php(334): CodeIgniter\CodeIgniter->run()
 7 SYSTEMPATH\Boot.php(67): CodeIgniter\Boot::runCodeIgniter(Object(CodeIgniter\CodeIgniter))
 8 FCPATH\index.php(60): CodeIgniter\Boot::bootWeb(Object(Config\Paths))
CRITICAL - 2025-08-01 10:11:38 --> TypeError: CodeIgniter\Router\RouteCollection::group(): Argument #1 ($name) must be of type string, array given, called in D:\xampp\htdocs\portfolio\ci_app\app\Config\Routes.php on line 28
[Method: GET, Route: product/index.php]
in VENDORPATH\codeigniter4\framework\system\Router\RouteCollection.php on line 770.
 1 APPPATH\Config\Routes.php(28): CodeIgniter\Router\RouteCollection->group([...], [...], Object(Closure))
 2 VENDORPATH\codeigniter4\framework\system\Router\RouteCollection.php(339): require('D:\\xampp\\htdocs\\portfolio\\ci_app\\app\\Config\\Routes.php')
 3 VENDORPATH\codeigniter4\framework\system\CodeIgniter.php(821): CodeIgniter\Router\RouteCollection->loadRoutes()
 4 VENDORPATH\codeigniter4\framework\system\CodeIgniter.php(455): CodeIgniter\CodeIgniter->tryToRouteIt(null)
 5 VENDORPATH\codeigniter4\framework\system\CodeIgniter.php(354): CodeIgniter\CodeIgniter->handleRequest(null, Object(Config\Cache), false)
 6 SYSTEMPATH\Boot.php(334): CodeIgniter\CodeIgniter->run()
 7 SYSTEMPATH\Boot.php(67): CodeIgniter\Boot::runCodeIgniter(Object(CodeIgniter\CodeIgniter))
 8 FCPATH\index.php(60): CodeIgniter\Boot::bootWeb(Object(Config\Paths))
CRITICAL - 2025-08-01 10:11:38 --> TypeError: CodeIgniter\Router\RouteCollection::group(): Argument #1 ($name) must be of type string, array given, called in D:\xampp\htdocs\portfolio\ci_app\app\Config\Routes.php on line 28
[Method: POST, Route: logstores/logstore_ens_ip/shards/lb]
in VENDORPATH\codeigniter4\framework\system\Router\RouteCollection.php on line 770.
 1 APPPATH\Config\Routes.php(28): CodeIgniter\Router\RouteCollection->group([...], [...], Object(Closure))
 2 VENDORPATH\codeigniter4\framework\system\Router\RouteCollection.php(339): require('D:\\xampp\\htdocs\\portfolio\\ci_app\\app\\Config\\Routes.php')
 3 VENDORPATH\codeigniter4\framework\system\CodeIgniter.php(821): CodeIgniter\Router\RouteCollection->loadRoutes()
 4 VENDORPATH\codeigniter4\framework\system\CodeIgniter.php(455): CodeIgniter\CodeIgniter->tryToRouteIt(null)
 5 VENDORPATH\codeigniter4\framework\system\CodeIgniter.php(354): CodeIgniter\CodeIgniter->handleRequest(null, Object(Config\Cache), false)
 6 SYSTEMPATH\Boot.php(334): CodeIgniter\CodeIgniter->run()
 7 SYSTEMPATH\Boot.php(67): CodeIgniter\Boot::runCodeIgniter(Object(CodeIgniter\CodeIgniter))
 8 FCPATH\index.php(60): CodeIgniter\Boot::bootWeb(Object(Config\Paths))
CRITICAL - 2025-08-01 10:12:23 --> TypeError: CodeIgniter\Router\RouteCollection::group(): Argument #1 ($name) must be of type string, array given, called in D:\xampp\htdocs\portfolio\ci_app\app\Config\Routes.php on line 28
[Method: GET, Route: admin/view-manager]
in VENDORPATH\codeigniter4\framework\system\Router\RouteCollection.php on line 770.
 1 APPPATH\Config\Routes.php(28): CodeIgniter\Router\RouteCollection->group([...], [...], Object(Closure))
 2 VENDORPATH\codeigniter4\framework\system\Router\RouteCollection.php(339): require('D:\\xampp\\htdocs\\portfolio\\ci_app\\app\\Config\\Routes.php')
 3 VENDORPATH\codeigniter4\framework\system\CodeIgniter.php(821): CodeIgniter\Router\RouteCollection->loadRoutes()
 4 VENDORPATH\codeigniter4\framework\system\CodeIgniter.php(455): CodeIgniter\CodeIgniter->tryToRouteIt(null)
 5 VENDORPATH\codeigniter4\framework\system\CodeIgniter.php(354): CodeIgniter\CodeIgniter->handleRequest(null, Object(Config\Cache), false)
 6 SYSTEMPATH\Boot.php(334): CodeIgniter\CodeIgniter->run()
 7 SYSTEMPATH\Boot.php(67): CodeIgniter\Boot::runCodeIgniter(Object(CodeIgniter\CodeIgniter))
 8 FCPATH\index.php(60): CodeIgniter\Boot::bootWeb(Object(Config\Paths))
CRITICAL - 2025-08-01 10:12:39 --> TypeError: CodeIgniter\Router\RouteCollection::group(): Argument #1 ($name) must be of type string, array given, called in D:\xampp\htdocs\portfolio\ci_app\app\Config\Routes.php on line 28
[Method: GET, Route: product/index.php]
in VENDORPATH\codeigniter4\framework\system\Router\RouteCollection.php on line 770.
 1 APPPATH\Config\Routes.php(28): CodeIgniter\Router\RouteCollection->group([...], [...], Object(Closure))
 2 VENDORPATH\codeigniter4\framework\system\Router\RouteCollection.php(339): require('D:\\xampp\\htdocs\\portfolio\\ci_app\\app\\Config\\Routes.php')
 3 VENDORPATH\codeigniter4\framework\system\CodeIgniter.php(821): CodeIgniter\Router\RouteCollection->loadRoutes()
 4 VENDORPATH\codeigniter4\framework\system\CodeIgniter.php(455): CodeIgniter\CodeIgniter->tryToRouteIt(null)
 5 VENDORPATH\codeigniter4\framework\system\CodeIgniter.php(354): CodeIgniter\CodeIgniter->handleRequest(null, Object(Config\Cache), false)
 6 SYSTEMPATH\Boot.php(334): CodeIgniter\CodeIgniter->run()
 7 SYSTEMPATH\Boot.php(67): CodeIgniter\Boot::runCodeIgniter(Object(CodeIgniter\CodeIgniter))
 8 FCPATH\index.php(60): CodeIgniter\Boot::bootWeb(Object(Config\Paths))
CRITICAL - 2025-08-01 10:12:39 --> TypeError: CodeIgniter\Router\RouteCollection::group(): Argument #1 ($name) must be of type string, array given, called in D:\xampp\htdocs\portfolio\ci_app\app\Config\Routes.php on line 28
[Method: POST, Route: logstores/logstore_ens_ip/shards/lb]
in VENDORPATH\codeigniter4\framework\system\Router\RouteCollection.php on line 770.
 1 APPPATH\Config\Routes.php(28): CodeIgniter\Router\RouteCollection->group([...], [...], Object(Closure))
 2 VENDORPATH\codeigniter4\framework\system\Router\RouteCollection.php(339): require('D:\\xampp\\htdocs\\portfolio\\ci_app\\app\\Config\\Routes.php')
 3 VENDORPATH\codeigniter4\framework\system\CodeIgniter.php(821): CodeIgniter\Router\RouteCollection->loadRoutes()
 4 VENDORPATH\codeigniter4\framework\system\CodeIgniter.php(455): CodeIgniter\CodeIgniter->tryToRouteIt(null)
 5 VENDORPATH\codeigniter4\framework\system\CodeIgniter.php(354): CodeIgniter\CodeIgniter->handleRequest(null, Object(Config\Cache), false)
 6 SYSTEMPATH\Boot.php(334): CodeIgniter\CodeIgniter->run()
 7 SYSTEMPATH\Boot.php(67): CodeIgniter\Boot::runCodeIgniter(Object(CodeIgniter\CodeIgniter))
 8 FCPATH\index.php(60): CodeIgniter\Boot::bootWeb(Object(Config\Paths))
DEBUG - 2025-08-01 10:13:36 --> Session: Class initialized using 'CodeIgniter\Session\Handlers\FileHandler' driver.
DEBUG - 2025-08-01 10:14:31 --> Session: Class initialized using 'CodeIgniter\Session\Handlers\FileHandler' driver.
DEBUG - 2025-08-01 10:15:15 --> Session: Class initialized using 'CodeIgniter\Session\Handlers\FileHandler' driver.
DEBUG - 2025-08-01 10:15:40 --> Session: Class initialized using 'CodeIgniter\Session\Handlers\FileHandler' driver.
INFO - 2025-08-01 10:16:16 --> CSRF token verified.
DEBUG - 2025-08-01 10:16:16 --> Session: Class initialized using 'CodeIgniter\Session\Handlers\FileHandler' driver.
DEBUG - 2025-08-01 10:16:16 --> Session: Class initialized using 'CodeIgniter\Session\Handlers\FileHandler' driver.
DEBUG - 2025-08-01 10:16:25 --> Session: Class initialized using 'CodeIgniter\Session\Handlers\FileHandler' driver.
DEBUG - 2025-08-01 10:16:26 --> Session: Class initialized using 'CodeIgniter\Session\Handlers\FileHandler' driver.
INFO - 2025-08-01 10:16:37 --> CSRF token verified.
DEBUG - 2025-08-01 10:16:37 --> Session: Class initialized using 'CodeIgniter\Session\Handlers\FileHandler' driver.
DEBUG - 2025-08-01 10:16:38 --> Session: Class initialized using 'CodeIgniter\Session\Handlers\FileHandler' driver.
INFO - 2025-08-01 10:16:51 --> CSRF token verified.
DEBUG - 2025-08-01 10:16:51 --> Session: Class initialized using 'CodeIgniter\Session\Handlers\FileHandler' driver.
DEBUG - 2025-08-01 10:16:52 --> Session: Class initialized using 'CodeIgniter\Session\Handlers\FileHandler' driver.
DEBUG - 2025-08-01 10:16:52 --> Session: Class initialized using 'CodeIgniter\Session\Handlers\FileHandler' driver.
DEBUG - 2025-08-01 10:16:54 --> Session: Class initialized using 'CodeIgniter\Session\Handlers\FileHandler' driver.
DEBUG - 2025-08-01 10:16:58 --> Session: Class initialized using 'CodeIgniter\Session\Handlers\FileHandler' driver.
INFO - 2025-08-01 10:17:03 --> CSRF token verified.
DEBUG - 2025-08-01 10:17:03 --> Session: Class initialized using 'CodeIgniter\Session\Handlers\FileHandler' driver.
DEBUG - 2025-08-01 10:17:04 --> Session: Class initialized using 'CodeIgniter\Session\Handlers\FileHandler' driver.
DEBUG - 2025-08-01 10:17:18 --> Session: Class initialized using 'CodeIgniter\Session\Handlers\FileHandler' driver.
DEBUG - 2025-08-01 10:17:18 --> Session: Class initialized using 'CodeIgniter\Session\Handlers\FileHandler' driver.
INFO - 2025-08-01 10:17:27 --> CSRF token verified.
DEBUG - 2025-08-01 10:17:27 --> Session: Class initialized using 'CodeIgniter\Session\Handlers\FileHandler' driver.
DEBUG - 2025-08-01 10:17:27 --> Session: Class initialized using 'CodeIgniter\Session\Handlers\FileHandler' driver.
INFO - 2025-08-01 10:17:52 --> CSRF token verified.
DEBUG - 2025-08-01 10:17:52 --> Session: Class initialized using 'CodeIgniter\Session\Handlers\FileHandler' driver.
DEBUG - 2025-08-01 10:17:52 --> Session: Class initialized using 'CodeIgniter\Session\Handlers\FileHandler' driver.
INFO - 2025-08-01 10:17:58 --> CSRF token verified.
DEBUG - 2025-08-01 10:17:58 --> Session: Class initialized using 'CodeIgniter\Session\Handlers\FileHandler' driver.
DEBUG - 2025-08-01 10:17:59 --> Session: Class initialized using 'CodeIgniter\Session\Handlers\FileHandler' driver.
DEBUG - 2025-08-01 10:17:59 --> Session: Class initialized using 'CodeIgniter\Session\Handlers\FileHandler' driver.
DEBUG - 2025-08-01 10:18:01 --> Session: Class initialized using 'CodeIgniter\Session\Handlers\FileHandler' driver.
DEBUG - 2025-08-01 10:18:53 --> Session: Class initialized using 'CodeIgniter\Session\Handlers\FileHandler' driver.
DEBUG - 2025-08-01 10:19:02 --> Session: Class initialized using 'CodeIgniter\Session\Handlers\FileHandler' driver.
INFO - 2025-08-01 10:19:12 --> CSRF token verified.
DEBUG - 2025-08-01 10:19:12 --> Session: Class initialized using 'CodeIgniter\Session\Handlers\FileHandler' driver.
DEBUG - 2025-08-01 10:19:12 --> Session: Class initialized using 'CodeIgniter\Session\Handlers\FileHandler' driver.
DEBUG - 2025-08-01 10:19:28 --> Session: Class initialized using 'CodeIgniter\Session\Handlers\FileHandler' driver.
DEBUG - 2025-08-01 10:19:33 --> Session: Class initialized using 'CodeIgniter\Session\Handlers\FileHandler' driver.
DEBUG - 2025-08-01 10:19:34 --> Session: Class initialized using 'CodeIgniter\Session\Handlers\FileHandler' driver.
INFO - 2025-08-01 10:19:43 --> CSRF token verified.
DEBUG - 2025-08-01 10:19:43 --> Session: Class initialized using 'CodeIgniter\Session\Handlers\FileHandler' driver.
DEBUG - 2025-08-01 10:19:43 --> Session: Class initialized using 'CodeIgniter\Session\Handlers\FileHandler' driver.
DEBUG - 2025-08-01 10:19:44 --> Session: Class initialized using 'CodeIgniter\Session\Handlers\FileHandler' driver.
DEBUG - 2025-08-01 10:19:51 --> Session: Class initialized using 'CodeIgniter\Session\Handlers\FileHandler' driver.
DEBUG - 2025-08-01 10:19:55 --> Session: Class initialized using 'CodeIgniter\Session\Handlers\FileHandler' driver.
DEBUG - 2025-08-01 10:20:15 --> Session: Class initialized using 'CodeIgniter\Session\Handlers\FileHandler' driver.
DEBUG - 2025-08-01 10:23:31 --> Session: Class initialized using 'CodeIgniter\Session\Handlers\FileHandler' driver.
DEBUG - 2025-08-01 10:24:09 --> Session: Class initialized using 'CodeIgniter\Session\Handlers\FileHandler' driver.
DEBUG - 2025-08-01 10:24:40 --> Session: Class initialized using 'CodeIgniter\Session\Handlers\FileHandler' driver.
DEBUG - 2025-08-01 10:24:42 --> Session: Class initialized using 'CodeIgniter\Session\Handlers\FileHandler' driver.
DEBUG - 2025-08-01 10:25:36 --> Session: Class initialized using 'CodeIgniter\Session\Handlers\FileHandler' driver.
DEBUG - 2025-08-01 10:25:37 --> Session: Class initialized using 'CodeIgniter\Session\Handlers\FileHandler' driver.
DEBUG - 2025-08-01 10:27:14 --> Session: Class initialized using 'CodeIgniter\Session\Handlers\FileHandler' driver.
DEBUG - 2025-08-01 10:27:16 --> Session: Class initialized using 'CodeIgniter\Session\Handlers\FileHandler' driver.
DEBUG - 2025-08-01 10:27:59 --> Session: Class initialized using 'CodeIgniter\Session\Handlers\FileHandler' driver.
DEBUG - 2025-08-01 10:28:15 --> Session: Class initialized using 'CodeIgniter\Session\Handlers\FileHandler' driver.
DEBUG - 2025-08-01 10:29:25 --> Session: Class initialized using 'CodeIgniter\Session\Handlers\FileHandler' driver.
DEBUG - 2025-08-01 10:29:29 --> Session: Class initialized using 'CodeIgniter\Session\Handlers\FileHandler' driver.
DEBUG - 2025-08-01 10:29:38 --> Session: Class initialized using 'CodeIgniter\Session\Handlers\FileHandler' driver.
DEBUG - 2025-08-01 10:29:40 --> Session: Class initialized using 'CodeIgniter\Session\Handlers\FileHandler' driver.
DEBUG - 2025-08-01 10:29:42 --> Session: Class initialized using 'CodeIgniter\Session\Handlers\FileHandler' driver.
DEBUG - 2025-08-01 10:29:45 --> Session: Class initialized using 'CodeIgniter\Session\Handlers\FileHandler' driver.
DEBUG - 2025-08-01 10:29:48 --> Session: Class initialized using 'CodeIgniter\Session\Handlers\FileHandler' driver.
DEBUG - 2025-08-01 10:29:49 --> Session: Class initialized using 'CodeIgniter\Session\Handlers\FileHandler' driver.
DEBUG - 2025-08-01 10:29:50 --> Session: Class initialized using 'CodeIgniter\Session\Handlers\FileHandler' driver.
DEBUG - 2025-08-01 10:30:08 --> Session: Class initialized using 'CodeIgniter\Session\Handlers\FileHandler' driver.
DEBUG - 2025-08-01 10:31:35 --> Session: Class initialized using 'CodeIgniter\Session\Handlers\FileHandler' driver.
DEBUG - 2025-08-01 10:31:39 --> Session: Class initialized using 'CodeIgniter\Session\Handlers\FileHandler' driver.
INFO - 2025-08-01 10:31:49 --> CSRF token verified.
DEBUG - 2025-08-01 10:31:49 --> Session: Class initialized using 'CodeIgniter\Session\Handlers\FileHandler' driver.
CRITICAL - 2025-08-01 10:31:54 --> CodeIgniter\Security\Exceptions\SecurityException: The action you requested is not allowed.
[Method: POST, Route: admin/html-editor/save]
in VENDORPATH\codeigniter4\framework\system\Security\Security.php on line 262.
 1 VENDORPATH\codeigniter4\framework\system\Security\Security.php(262): CodeIgniter\Security\Exceptions\SecurityException::forDisallowedAction()
 2 VENDORPATH\codeigniter4\framework\system\Filters\CSRF.php(52): CodeIgniter\Security\Security->verify(Object(CodeIgniter\HTTP\IncomingRequest))
 3 VENDORPATH\codeigniter4\framework\system\Filters\Filters.php(241): CodeIgniter\Filters\CSRF->before(Object(CodeIgniter\HTTP\IncomingRequest), null)
 4 VENDORPATH\codeigniter4\framework\system\Filters\Filters.php(221): CodeIgniter\Filters\Filters->runBefore([...])
 5 VENDORPATH\codeigniter4\framework\system\CodeIgniter.php(479): CodeIgniter\Filters\Filters->run('admin/html-editor/save', 'before')
 6 VENDORPATH\codeigniter4\framework\system\CodeIgniter.php(354): CodeIgniter\CodeIgniter->handleRequest(null, Object(Config\Cache), false)
 7 SYSTEMPATH\Boot.php(334): CodeIgniter\CodeIgniter->run()
 8 SYSTEMPATH\Boot.php(67): CodeIgniter\Boot::runCodeIgniter(Object(CodeIgniter\CodeIgniter))
 9 FCPATH\index.php(60): CodeIgniter\Boot::bootWeb(Object(Config\Paths))
DEBUG - 2025-08-01 10:32:13 --> Session: Class initialized using 'CodeIgniter\Session\Handlers\FileHandler' driver.
DEBUG - 2025-08-01 10:33:35 --> Session: Class initialized using 'CodeIgniter\Session\Handlers\FileHandler' driver.
INFO - 2025-08-01 10:33:47 --> CSRF token verified.
DEBUG - 2025-08-01 10:33:47 --> Session: Class initialized using 'CodeIgniter\Session\Handlers\FileHandler' driver.
CRITICAL - 2025-08-01 10:33:56 --> CodeIgniter\Security\Exceptions\SecurityException: The action you requested is not allowed.
[Method: POST, Route: admin/html-editor/reset-default]
in VENDORPATH\codeigniter4\framework\system\Security\Security.php on line 262.
 1 VENDORPATH\codeigniter4\framework\system\Security\Security.php(262): CodeIgniter\Security\Exceptions\SecurityException::forDisallowedAction()
 2 VENDORPATH\codeigniter4\framework\system\Filters\CSRF.php(52): CodeIgniter\Security\Security->verify(Object(CodeIgniter\HTTP\IncomingRequest))
 3 VENDORPATH\codeigniter4\framework\system\Filters\Filters.php(241): CodeIgniter\Filters\CSRF->before(Object(CodeIgniter\HTTP\IncomingRequest), null)
 4 VENDORPATH\codeigniter4\framework\system\Filters\Filters.php(221): CodeIgniter\Filters\Filters->runBefore([...])
 5 VENDORPATH\codeigniter4\framework\system\CodeIgniter.php(479): CodeIgniter\Filters\Filters->run('admin/html-editor/reset-default', 'before')
 6 VENDORPATH\codeigniter4\framework\system\CodeIgniter.php(354): CodeIgniter\CodeIgniter->handleRequest(null, Object(Config\Cache), false)
 7 SYSTEMPATH\Boot.php(334): CodeIgniter\CodeIgniter->run()
 8 SYSTEMPATH\Boot.php(67): CodeIgniter\Boot::runCodeIgniter(Object(CodeIgniter\CodeIgniter))
 9 FCPATH\index.php(60): CodeIgniter\Boot::bootWeb(Object(Config\Paths))
DEBUG - 2025-08-01 10:39:00 --> Session: Class initialized using 'CodeIgniter\Session\Handlers\FileHandler' driver.
CRITICAL - 2025-08-01 10:39:00 --> Error: Call to undefined function csrf_cookie()
[Method: GET, Route: admin/html-editor/edit/home]
in APPPATH\Views\admin\edit_view.php on line 78.
 1 VENDORPATH\codeigniter4\framework\system\View\View.php(224): include()
 2 VENDORPATH\codeigniter4\framework\system\View\View.php(227): CodeIgniter\View\View->CodeIgniter\View\{closure}()
 3 SYSTEMPATH\Common.php(1173): CodeIgniter\View\View->render('admin/edit_view', [], true)
 4 APPPATH\Controllers\Admin\Editor.php(142): view('admin/edit_view', [...])
 5 VENDORPATH\codeigniter4\framework\system\CodeIgniter.php(933): App\Controllers\Admin\Editor->editView('home')
 6 VENDORPATH\codeigniter4\framework\system\CodeIgniter.php(507): CodeIgniter\CodeIgniter->runController(Object(App\Controllers\Admin\Editor))
 7 VENDORPATH\codeigniter4\framework\system\CodeIgniter.php(354): CodeIgniter\CodeIgniter->handleRequest(null, Object(Config\Cache), false)
 8 SYSTEMPATH\Boot.php(334): CodeIgniter\CodeIgniter->run()
 9 SYSTEMPATH\Boot.php(67): CodeIgniter\Boot::runCodeIgniter(Object(CodeIgniter\CodeIgniter))
10 FCPATH\index.php(60): CodeIgniter\Boot::bootWeb(Object(Config\Paths))
DEBUG - 2025-08-01 10:39:42 --> Session: Class initialized using 'CodeIgniter\Session\Handlers\FileHandler' driver.
CRITICAL - 2025-08-01 10:39:42 --> ErrorException: Undefined property: Config\Security::$csrfTokenName
[Method: GET, Route: admin/html-editor/edit/home]
in APPPATH\Views\admin\edit_view.php on line 76.
 1 APPPATH\Views\admin\edit_view.php(76): CodeIgniter\Debug\Exceptions->errorHandler(2, 'Undefined property: Config\\Security::$csrfTokenName', 'D:\\xampp\\htdocs\\portfolio\\ci_app\\app\\Views\\admin\\edit_view.php', 76)
 2 VENDORPATH\codeigniter4\framework\system\View\View.php(224): include('D:\\xampp\\htdocs\\portfolio\\ci_app\\app\\Views\\admin\\edit_view.php')
 3 VENDORPATH\codeigniter4\framework\system\View\View.php(227): CodeIgniter\View\View->CodeIgniter\View\{closure}()
 4 SYSTEMPATH\Common.php(1173): CodeIgniter\View\View->render('admin/edit_view', [], true)
 5 APPPATH\Controllers\Admin\Editor.php(142): view('admin/edit_view', [...])
 6 VENDORPATH\codeigniter4\framework\system\CodeIgniter.php(933): App\Controllers\Admin\Editor->editView('home')
 7 VENDORPATH\codeigniter4\framework\system\CodeIgniter.php(507): CodeIgniter\CodeIgniter->runController(Object(App\Controllers\Admin\Editor))
 8 VENDORPATH\codeigniter4\framework\system\CodeIgniter.php(354): CodeIgniter\CodeIgniter->handleRequest(null, Object(Config\Cache), false)
 9 SYSTEMPATH\Boot.php(334): CodeIgniter\CodeIgniter->run()
10 SYSTEMPATH\Boot.php(67): CodeIgniter\Boot::runCodeIgniter(Object(CodeIgniter\CodeIgniter))
11 FCPATH\index.php(60): CodeIgniter\Boot::bootWeb(Object(Config\Paths))
DEBUG - 2025-08-01 10:40:54 --> Session: Class initialized using 'CodeIgniter\Session\Handlers\FileHandler' driver.
DEBUG - 2025-08-01 10:41:01 --> Session: Class initialized using 'CodeIgniter\Session\Handlers\FileHandler' driver.
DEBUG - 2025-08-01 10:41:03 --> Session: Class initialized using 'CodeIgniter\Session\Handlers\FileHandler' driver.
INFO - 2025-08-01 10:41:14 --> CSRF token verified.
DEBUG - 2025-08-01 10:41:14 --> Session: Class initialized using 'CodeIgniter\Session\Handlers\FileHandler' driver.
CRITICAL - 2025-08-01 10:41:21 --> CodeIgniter\Security\Exceptions\SecurityException: The action you requested is not allowed.
[Method: POST, Route: admin/html-editor/save]
in VENDORPATH\codeigniter4\framework\system\Security\Security.php on line 262.
 1 VENDORPATH\codeigniter4\framework\system\Security\Security.php(262): CodeIgniter\Security\Exceptions\SecurityException::forDisallowedAction()
 2 VENDORPATH\codeigniter4\framework\system\Filters\CSRF.php(52): CodeIgniter\Security\Security->verify(Object(CodeIgniter\HTTP\IncomingRequest))
 3 VENDORPATH\codeigniter4\framework\system\Filters\Filters.php(241): CodeIgniter\Filters\CSRF->before(Object(CodeIgniter\HTTP\IncomingRequest), null)
 4 VENDORPATH\codeigniter4\framework\system\Filters\Filters.php(221): CodeIgniter\Filters\Filters->runBefore([...])
 5 VENDORPATH\codeigniter4\framework\system\CodeIgniter.php(479): CodeIgniter\Filters\Filters->run('admin/html-editor/save', 'before')
 6 VENDORPATH\codeigniter4\framework\system\CodeIgniter.php(354): CodeIgniter\CodeIgniter->handleRequest(null, Object(Config\Cache), false)
 7 SYSTEMPATH\Boot.php(334): CodeIgniter\CodeIgniter->run()
 8 SYSTEMPATH\Boot.php(67): CodeIgniter\Boot::runCodeIgniter(Object(CodeIgniter\CodeIgniter))
 9 FCPATH\index.php(60): CodeIgniter\Boot::bootWeb(Object(Config\Paths))
DEBUG - 2025-08-01 10:53:50 --> Session: Class initialized using 'CodeIgniter\Session\Handlers\FileHandler' driver.
DEBUG - 2025-08-01 10:53:52 --> Session: Class initialized using 'CodeIgniter\Session\Handlers\FileHandler' driver.
INFO - 2025-08-01 10:54:02 --> CSRF token verified.
DEBUG - 2025-08-01 10:54:02 --> Session: Class initialized using 'CodeIgniter\Session\Handlers\FileHandler' driver.
DEBUG - 2025-08-01 10:54:03 --> Session: Class initialized using 'CodeIgniter\Session\Handlers\FileHandler' driver.
INFO - 2025-08-01 10:54:14 --> CSRF token verified.
DEBUG - 2025-08-01 10:54:14 --> Session: Class initialized using 'CodeIgniter\Session\Handlers\FileHandler' driver.
DEBUG - 2025-08-01 10:54:15 --> Session: Class initialized using 'CodeIgniter\Session\Handlers\FileHandler' driver.
DEBUG - 2025-08-01 10:54:32 --> Session: Class initialized using 'CodeIgniter\Session\Handlers\FileHandler' driver.
INFO - 2025-08-01 10:54:36 --> CSRF token verified.
DEBUG - 2025-08-01 10:54:36 --> Session: Class initialized using 'CodeIgniter\Session\Handlers\FileHandler' driver.
DEBUG - 2025-08-01 10:54:36 --> Session: Class initialized using 'CodeIgniter\Session\Handlers\FileHandler' driver.
DEBUG - 2025-08-01 10:55:22 --> Session: Class initialized using 'CodeIgniter\Session\Handlers\FileHandler' driver.
DEBUG - 2025-08-01 10:55:35 --> Session: Class initialized using 'CodeIgniter\Session\Handlers\FileHandler' driver.
DEBUG - 2025-08-01 10:55:38 --> Session: Class initialized using 'CodeIgniter\Session\Handlers\FileHandler' driver.
DEBUG - 2025-08-01 10:55:39 --> Session: Class initialized using 'CodeIgniter\Session\Handlers\FileHandler' driver.
DEBUG - 2025-08-01 10:55:42 --> Session: Class initialized using 'CodeIgniter\Session\Handlers\FileHandler' driver.
DEBUG - 2025-08-01 12:17:06 --> Session: Class initialized using 'CodeIgniter\Session\Handlers\FileHandler' driver.
CRITICAL - 2025-08-01 12:17:06 --> ErrorException: Undefined variable $slug
[Method: GET, Route: admin/view-manager]
in APPPATH\Views\admin\viewmanager.php on line 24.
 1 APPPATH\Views\admin\viewmanager.php(24): CodeIgniter\Debug\Exceptions->errorHandler(2, 'Undefined variable $slug', 'D:\\xampp\\htdocs\\portfolio\\ci_app\\app\\Views\\admin\\viewmanager.php', 24)
 2 VENDORPATH\codeigniter4\framework\system\View\View.php(224): include('D:\\xampp\\htdocs\\portfolio\\ci_app\\app\\Views\\admin\\viewmanager.php')
 3 VENDORPATH\codeigniter4\framework\system\View\View.php(227): CodeIgniter\View\View->CodeIgniter\View\{closure}()
 4 SYSTEMPATH\Common.php(1173): CodeIgniter\View\View->render('admin/viewmanager', [], true)
 5 APPPATH\Controllers\Admin\Editor.php(128): view('admin/viewmanager', [...])
 6 VENDORPATH\codeigniter4\framework\system\CodeIgniter.php(933): App\Controllers\Admin\Editor->index()
 7 VENDORPATH\codeigniter4\framework\system\CodeIgniter.php(507): CodeIgniter\CodeIgniter->runController(Object(App\Controllers\Admin\Editor))
 8 VENDORPATH\codeigniter4\framework\system\CodeIgniter.php(354): CodeIgniter\CodeIgniter->handleRequest(null, Object(Config\Cache), false)
 9 SYSTEMPATH\Boot.php(334): CodeIgniter\CodeIgniter->run()
10 SYSTEMPATH\Boot.php(67): CodeIgniter\Boot::runCodeIgniter(Object(CodeIgniter\CodeIgniter))
11 FCPATH\index.php(60): CodeIgniter\Boot::bootWeb(Object(Config\Paths))
DEBUG - 2025-08-01 12:17:30 --> Session: Class initialized using 'CodeIgniter\Session\Handlers\FileHandler' driver.
DEBUG - 2025-08-01 12:17:42 --> Session: Class initialized using 'CodeIgniter\Session\Handlers\FileHandler' driver.
INFO - 2025-08-01 12:17:50 --> CSRF token verified.
DEBUG - 2025-08-01 12:17:50 --> Session: Class initialized using 'CodeIgniter\Session\Handlers\FileHandler' driver.
DEBUG - 2025-08-01 12:17:51 --> Session: Class initialized using 'CodeIgniter\Session\Handlers\FileHandler' driver.
DEBUG - 2025-08-01 12:19:01 --> Session: Class initialized using 'CodeIgniter\Session\Handlers\FileHandler' driver.
DEBUG - 2025-08-01 12:19:26 --> Session: Class initialized using 'CodeIgniter\Session\Handlers\FileHandler' driver.
DEBUG - 2025-08-01 12:20:14 --> Session: Class initialized using 'CodeIgniter\Session\Handlers\FileHandler' driver.
INFO - 2025-08-01 12:20:28 --> CSRF token verified.
DEBUG - 2025-08-01 12:20:28 --> Session: Class initialized using 'CodeIgniter\Session\Handlers\FileHandler' driver.
DEBUG - 2025-08-01 12:20:29 --> Session: Class initialized using 'CodeIgniter\Session\Handlers\FileHandler' driver.
DEBUG - 2025-08-01 12:33:59 --> Session: Class initialized using 'CodeIgniter\Session\Handlers\FileHandler' driver.
DEBUG - 2025-08-01 12:34:03 --> Session: Class initialized using 'CodeIgniter\Session\Handlers\FileHandler' driver.
INFO - 2025-08-01 12:34:04 --> CSRF token verified.
DEBUG - 2025-08-01 12:34:04 --> Session: Class initialized using 'CodeIgniter\Session\Handlers\FileHandler' driver.
DEBUG - 2025-08-01 12:34:05 --> Session: Class initialized using 'CodeIgniter\Session\Handlers\FileHandler' driver.
DEBUG - 2025-08-01 12:36:27 --> Session: Class initialized using 'CodeIgniter\Session\Handlers\FileHandler' driver.
DEBUG - 2025-08-01 12:36:38 --> Session: Class initialized using 'CodeIgniter\Session\Handlers\FileHandler' driver.
INFO - 2025-08-01 12:36:42 --> CSRF token verified.
DEBUG - 2025-08-01 12:36:42 --> Session: Class initialized using 'CodeIgniter\Session\Handlers\FileHandler' driver.
DEBUG - 2025-08-01 12:36:43 --> Session: Class initialized using 'CodeIgniter\Session\Handlers\FileHandler' driver.
DEBUG - 2025-08-01 12:54:23 --> Session: Class initialized using 'CodeIgniter\Session\Handlers\FileHandler' driver.
DEBUG - 2025-08-01 12:54:26 --> Session: Class initialized using 'CodeIgniter\Session\Handlers\FileHandler' driver.
INFO - 2025-08-01 12:55:10 --> CSRF token verified.
DEBUG - 2025-08-01 12:55:10 --> Session: Class initialized using 'CodeIgniter\Session\Handlers\FileHandler' driver.
DEBUG - 2025-08-01 12:55:10 --> Session: Class initialized using 'CodeIgniter\Session\Handlers\FileHandler' driver.
INFO - 2025-08-01 12:55:15 --> CSRF token verified.
DEBUG - 2025-08-01 12:55:15 --> Session: Class initialized using 'CodeIgniter\Session\Handlers\FileHandler' driver.
DEBUG - 2025-08-01 12:55:16 --> Session: Class initialized using 'CodeIgniter\Session\Handlers\FileHandler' driver.
DEBUG - 2025-08-01 12:55:21 --> Session: Class initialized using 'CodeIgniter\Session\Handlers\FileHandler' driver.
DEBUG - 2025-08-01 12:55:21 --> Session: Class initialized using 'CodeIgniter\Session\Handlers\FileHandler' driver.
DEBUG - 2025-08-01 12:55:23 --> Session: Class initialized using 'CodeIgniter\Session\Handlers\FileHandler' driver.
DEBUG - 2025-08-01 15:20:17 --> Session: Class initialized using 'CodeIgniter\Session\Handlers\FileHandler' driver.
DEBUG - 2025-08-01 15:20:17 --> Session: Class initialized using 'CodeIgniter\Session\Handlers\FileHandler' driver.
DEBUG - 2025-08-01 15:20:27 --> Session: Class initialized using 'CodeIgniter\Session\Handlers\FileHandler' driver.
DEBUG - 2025-08-01 15:20:28 --> Session: Class initialized using 'CodeIgniter\Session\Handlers\FileHandler' driver.
INFO - 2025-08-01 15:20:32 --> CSRF token verified.
DEBUG - 2025-08-01 15:20:32 --> Session: Class initialized using 'CodeIgniter\Session\Handlers\FileHandler' driver.
DEBUG - 2025-08-01 15:20:33 --> Session: Class initialized using 'CodeIgniter\Session\Handlers\FileHandler' driver.
DEBUG - 2025-08-01 15:20:33 --> Session: Class initialized using 'CodeIgniter\Session\Handlers\FileHandler' driver.
DEBUG - 2025-08-01 15:20:35 --> Session: Class initialized using 'CodeIgniter\Session\Handlers\FileHandler' driver.
